<?xml version="1.0" encoding="UTF-8"?>
<coverage generated="1758036905920" clover="3.2.0">
  <project timestamp="1758036905920" name="All files">
    <metrics statements="1535" coveredstatements="909" conditionals="364" coveredconditionals="277" methods="94" coveredmethods="71" elements="1993" coveredelements="1257" complexity="0" loc="1535" ncloc="1535" packages="6" files="19" classes="19"/>
    <package name="examples.langchain">
      <metrics statements="61" coveredstatements="0" conditionals="1" coveredconditionals="0" methods="1" coveredmethods="0"/>
      <file name="poc_correction_analysis.mjs" path="/home/user/documentation-reader-corrector/examples/langchain/poc_correction_analysis.mjs">
        <metrics statements="61" coveredstatements="0" conditionals="1" coveredconditionals="0" methods="1" coveredmethods="0"/>
        <line num="1" count="0" type="cond" truecount="0" falsecount="1"/>
        <line num="2" count="0" type="stmt"/>
        <line num="4" count="0" type="stmt"/>
        <line num="5" count="0" type="stmt"/>
        <line num="6" count="0" type="stmt"/>
        <line num="8" count="0" type="stmt"/>
        <line num="9" count="0" type="stmt"/>
        <line num="10" count="0" type="stmt"/>
        <line num="11" count="0" type="stmt"/>
        <line num="12" count="0" type="stmt"/>
        <line num="14" count="0" type="stmt"/>
        <line num="15" count="0" type="stmt"/>
        <line num="16" count="0" type="stmt"/>
        <line num="17" count="0" type="stmt"/>
        <line num="18" count="0" type="stmt"/>
        <line num="20" count="0" type="stmt"/>
        <line num="22" count="0" type="stmt"/>
        <line num="23" count="0" type="stmt"/>
        <line num="24" count="0" type="stmt"/>
        <line num="25" count="0" type="stmt"/>
        <line num="26" count="0" type="stmt"/>
        <line num="27" count="0" type="stmt"/>
        <line num="28" count="0" type="stmt"/>
        <line num="30" count="0" type="stmt"/>
        <line num="32" count="0" type="stmt"/>
        <line num="33" count="0" type="stmt"/>
        <line num="34" count="0" type="stmt"/>
        <line num="35" count="0" type="stmt"/>
        <line num="36" count="0" type="stmt"/>
        <line num="37" count="0" type="stmt"/>
        <line num="38" count="0" type="stmt"/>
        <line num="39" count="0" type="stmt"/>
        <line num="41" count="0" type="stmt"/>
        <line num="42" count="0" type="stmt"/>
        <line num="43" count="0" type="stmt"/>
        <line num="44" count="0" type="stmt"/>
        <line num="45" count="0" type="stmt"/>
        <line num="47" count="0" type="stmt"/>
        <line num="48" count="0" type="stmt"/>
        <line num="49" count="0" type="stmt"/>
        <line num="51" count="0" type="stmt"/>
        <line num="52" count="0" type="stmt"/>
        <line num="53" count="0" type="stmt"/>
        <line num="54" count="0" type="stmt"/>
        <line num="55" count="0" type="stmt"/>
        <line num="56" count="0" type="stmt"/>
        <line num="57" count="0" type="stmt"/>
        <line num="58" count="0" type="stmt"/>
        <line num="59" count="0" type="stmt"/>
        <line num="60" count="0" type="stmt"/>
        <line num="62" count="0" type="stmt"/>
        <line num="63" count="0" type="stmt"/>
        <line num="64" count="0" type="stmt"/>
        <line num="65" count="0" type="stmt"/>
        <line num="66" count="0" type="stmt"/>
        <line num="67" count="0" type="stmt"/>
        <line num="69" count="0" type="stmt"/>
        <line num="70" count="0" type="stmt"/>
        <line num="71" count="0" type="stmt"/>
        <line num="72" count="0" type="stmt"/>
        <line num="73" count="0" type="stmt"/>
      </file>
    </package>
    <package name="src">
      <metrics statements="50" coveredstatements="0" conditionals="2" coveredconditionals="0" methods="2" coveredmethods="0"/>
      <file name="index.ts" path="/home/user/documentation-reader-corrector/src/index.ts">
        <metrics statements="6" coveredstatements="0" conditionals="1" coveredconditionals="0" methods="1" coveredmethods="0"/>
        <line num="1" count="0" type="cond" truecount="0" falsecount="1"/>
        <line num="2" count="0" type="stmt"/>
        <line num="3" count="0" type="stmt"/>
        <line num="4" count="0" type="stmt"/>
        <line num="13" count="0" type="stmt"/>
        <line num="14" count="0" type="stmt"/>
      </file>
      <file name="openaiClient.js" path="/home/user/documentation-reader-corrector/src/openaiClient.js">
        <metrics statements="44" coveredstatements="0" conditionals="1" coveredconditionals="0" methods="1" coveredmethods="0"/>
        <line num="1" count="0" type="cond" truecount="0" falsecount="1"/>
        <line num="2" count="0" type="stmt"/>
        <line num="4" count="0" type="stmt"/>
        <line num="6" count="0" type="stmt"/>
        <line num="7" count="0" type="stmt"/>
        <line num="8" count="0" type="stmt"/>
        <line num="9" count="0" type="stmt"/>
        <line num="10" count="0" type="stmt"/>
        <line num="11" count="0" type="stmt"/>
        <line num="13" count="0" type="stmt"/>
        <line num="14" count="0" type="stmt"/>
        <line num="15" count="0" type="stmt"/>
        <line num="16" count="0" type="stmt"/>
        <line num="17" count="0" type="stmt"/>
        <line num="18" count="0" type="stmt"/>
        <line num="20" count="0" type="stmt"/>
        <line num="21" count="0" type="stmt"/>
        <line num="22" count="0" type="stmt"/>
        <line num="24" count="0" type="stmt"/>
        <line num="25" count="0" type="stmt"/>
        <line num="26" count="0" type="stmt"/>
        <line num="27" count="0" type="stmt"/>
        <line num="28" count="0" type="stmt"/>
        <line num="29" count="0" type="stmt"/>
        <line num="30" count="0" type="stmt"/>
        <line num="31" count="0" type="stmt"/>
        <line num="32" count="0" type="stmt"/>
        <line num="33" count="0" type="stmt"/>
        <line num="34" count="0" type="stmt"/>
        <line num="36" count="0" type="stmt"/>
        <line num="37" count="0" type="stmt"/>
        <line num="38" count="0" type="stmt"/>
        <line num="39" count="0" type="stmt"/>
        <line num="40" count="0" type="stmt"/>
        <line num="41" count="0" type="stmt"/>
        <line num="42" count="0" type="stmt"/>
        <line num="43" count="0" type="stmt"/>
        <line num="44" count="0" type="stmt"/>
        <line num="45" count="0" type="stmt"/>
        <line num="46" count="0" type="stmt"/>
        <line num="48" count="0" type="stmt"/>
        <line num="49" count="0" type="stmt"/>
        <line num="50" count="0" type="stmt"/>
        <line num="51" count="0" type="stmt"/>
      </file>
    </package>
    <package name="src.analysis.correction">
      <metrics statements="60" coveredstatements="60" conditionals="8" coveredconditionals="6" methods="2" coveredmethods="2"/>
      <file name="chain.ts" path="/home/user/documentation-reader-corrector/src/analysis/correction/chain.ts">
        <metrics statements="42" coveredstatements="42" conditionals="8" coveredconditionals="6" methods="2" coveredmethods="2"/>
        <line num="1" count="1" type="stmt"/>
        <line num="2" count="1" type="stmt"/>
        <line num="3" count="1" type="stmt"/>
        <line num="4" count="1" type="stmt"/>
        <line num="5" count="1" type="stmt"/>
        <line num="6" count="1" type="stmt"/>
        <line num="7" count="1" type="stmt"/>
        <line num="8" count="1" type="stmt"/>
        <line num="30" count="1" type="cond" truecount="1" falsecount="0"/>
        <line num="31" count="2" type="stmt"/>
        <line num="32" count="2" type="stmt"/>
        <line num="33" count="2" type="stmt"/>
        <line num="34" count="2" type="stmt"/>
        <line num="36" count="2" type="stmt"/>
        <line num="37" count="2" type="stmt"/>
        <line num="38" count="2" type="cond" truecount="0" falsecount="1"/>
        <line num="39" count="2" type="cond" truecount="0" falsecount="1"/>
        <line num="40" count="2" type="stmt"/>
        <line num="42" count="2" type="stmt"/>
        <line num="44" count="2" type="cond" truecount="1" falsecount="0"/>
        <line num="45" count="2" type="stmt"/>
        <line num="46" count="2" type="stmt"/>
        <line num="47" count="2" type="cond" truecount="1" falsecount="0"/>
        <line num="48" count="2" type="cond" truecount="1" falsecount="0"/>
        <line num="49" count="2" type="cond" truecount="1" falsecount="0"/>
        <line num="50" count="2" type="stmt"/>
        <line num="51" count="2" type="stmt"/>
        <line num="52" count="2" type="stmt"/>
        <line num="53" count="2" type="stmt"/>
        <line num="54" count="2" type="stmt"/>
        <line num="55" count="2" type="stmt"/>
        <line num="58" count="2" type="stmt"/>
        <line num="59" count="2" type="stmt"/>
        <line num="60" count="2" type="stmt"/>
        <line num="62" count="1" type="cond" truecount="1" falsecount="0"/>
        <line num="63" count="1" type="stmt"/>
        <line num="64" count="1" type="stmt"/>
        <line num="65" count="1" type="stmt"/>
        <line num="66" count="1" type="stmt"/>
        <line num="67" count="1" type="stmt"/>
        <line num="69" count="1" type="stmt"/>
        <line num="70" count="1" type="stmt"/>
      </file>
      <file name="types.ts" path="/home/user/documentation-reader-corrector/src/analysis/correction/types.ts">
        <metrics statements="18" coveredstatements="18" conditionals="0" coveredconditionals="0" methods="0" coveredmethods="0"/>
        <line num="1" count="1" type="stmt"/>
        <line num="4" count="1" type="stmt"/>
        <line num="5" count="1" type="stmt"/>
        <line num="6" count="1" type="stmt"/>
        <line num="7" count="1" type="stmt"/>
        <line num="8" count="1" type="stmt"/>
        <line num="9" count="1" type="stmt"/>
        <line num="10" count="1" type="stmt"/>
        <line num="12" count="1" type="stmt"/>
        <line num="13" count="1" type="stmt"/>
        <line num="14" count="1" type="stmt"/>
        <line num="15" count="1" type="stmt"/>
        <line num="16" count="1" type="stmt"/>
        <line num="17" count="1" type="stmt"/>
        <line num="18" count="1" type="stmt"/>
        <line num="19" count="1" type="stmt"/>
        <line num="20" count="1" type="stmt"/>
        <line num="21" count="1" type="stmt"/>
      </file>
    </package>
    <package name="src.langchain">
      <metrics statements="522" coveredstatements="353" conditionals="151" coveredconditionals="116" methods="38" coveredmethods="25"/>
      <file name="RateLimitedChatOpenAI.ts" path="/home/user/documentation-reader-corrector/src/langchain/RateLimitedChatOpenAI.ts">
        <metrics statements="73" coveredstatements="63" conditionals="28" coveredconditionals="24" methods="5" coveredmethods="5"/>
        <line num="2" count="1" type="stmt"/>
        <line num="3" count="1" type="stmt"/>
        <line num="4" count="1" type="stmt"/>
        <line num="35" count="1" type="cond" truecount="1" falsecount="0"/>
        <line num="36" count="1" type="stmt"/>
        <line num="37" count="1" type="stmt"/>
        <line num="39" count="6" type="cond" truecount="1" falsecount="0"/>
        <line num="40" count="6" type="stmt"/>
        <line num="41" count="6" type="stmt"/>
        <line num="42" count="6" type="stmt"/>
        <line num="43" count="6" type="cond" truecount="0" falsecount="1"/>
        <line num="44" count="6" type="cond" truecount="1" falsecount="0"/>
        <line num="45" count="6" type="cond" truecount="1" falsecount="0"/>
        <line num="46" count="6" type="cond" truecount="2" falsecount="0"/>
        <line num="48" count="6" type="stmt"/>
        <line num="49" count="6" type="cond" truecount="3" falsecount="0"/>
        <line num="52" count="6" type="stmt"/>
        <line num="53" count="6" type="cond" truecount="3" falsecount="0"/>
        <line num="56" count="6" type="cond" truecount="1" falsecount="0"/>
        <line num="58" count="6" type="cond" truecount="3" falsecount="0"/>
        <line num="59" count="6" type="stmt"/>
        <line num="60" count="6" type="stmt"/>
        <line num="73" count="1" type="cond" truecount="1" falsecount="0"/>
        <line num="74" count="7" type="stmt"/>
        <line num="75" count="7" type="stmt"/>
        <line num="76" count="7" type="stmt"/>
        <line num="77" count="7" type="stmt"/>
        <line num="78" count="7" type="stmt"/>
        <line num="79" count="7" type="cond" truecount="1" falsecount="0"/>
        <line num="80" count="7" type="stmt"/>
        <line num="81" count="7" type="stmt"/>
        <line num="82" count="7" type="stmt"/>
        <line num="83" count="7" type="stmt"/>
        <line num="85" count="7" type="stmt"/>
        <line num="86" count="7" type="cond" truecount="1" falsecount="0"/>
        <line num="87" count="6" type="stmt"/>
        <line num="88" count="6" type="stmt"/>
        <line num="89" count="6" type="stmt"/>
        <line num="90" count="6" type="stmt"/>
        <line num="91" count="6" type="stmt"/>
        <line num="93" count="6" type="cond" truecount="2" falsecount="0"/>
        <line num="94" count="5" type="stmt"/>
        <line num="95" count="5" type="stmt"/>
        <line num="96" count="5" type="stmt"/>
        <line num="97" count="5" type="stmt"/>
        <line num="98" count="5" type="stmt"/>
        <line num="99" count="5" type="stmt"/>
        <line num="100" count="5" type="stmt"/>
        <line num="101" count="5" type="cond" truecount="1" falsecount="0"/>
        <line num="102" count="4" type="stmt"/>
        <line num="103" count="4" type="cond" truecount="1" falsecount="0"/>
        <line num="104" count="1" type="cond" truecount="0" falsecount="1"/>
        <line num="105" count="0" type="stmt"/>
        <line num="106" count="0" type="stmt"/>
        <line num="107" count="0" type="stmt"/>
        <line num="108" count="1" type="cond" truecount="0" falsecount="1"/>
        <line num="110" count="0" type="stmt"/>
        <line num="111" count="0" type="stmt"/>
        <line num="112" count="0" type="stmt"/>
        <line num="113" count="0" type="stmt"/>
        <line num="114" count="0" type="stmt"/>
        <line num="115" count="0" type="stmt"/>
        <line num="116" count="0" type="stmt"/>
        <line num="117" count="6" type="cond" truecount="1" falsecount="0"/>
        <line num="119" count="1" type="stmt"/>
        <line num="120" count="1" type="cond" truecount="0" falsecount="1"/>
        <line num="121" count="1" type="stmt"/>
        <line num="122" count="1" type="stmt"/>
        <line num="123" count="6" type="stmt"/>
        <line num="124" count="6" type="stmt"/>
        <line num="125" count="7" type="stmt"/>
        <line num="128" count="7" type="stmt"/>
        <line num="129" count="7" type="stmt"/>
      </file>
      <file name="observability.ts" path="/home/user/documentation-reader-corrector/src/langchain/observability.ts">
        <metrics statements="414" coveredstatements="257" conditionals="118" coveredconditionals="90" methods="32" coveredmethods="19"/>
        <line num="1" count="1" type="stmt"/>
        <line num="4" count="1" type="stmt"/>
        <line num="5" count="1" type="stmt"/>
        <line num="28" count="1" type="cond" truecount="1" falsecount="0"/>
        <line num="29" count="12" type="stmt"/>
        <line num="31" count="12" type="stmt"/>
        <line num="33" count="12" type="cond" truecount="1" falsecount="0"/>
        <line num="38" count="15" type="stmt"/>
        <line num="39" count="15" type="cond" truecount="0" falsecount="1"/>
        <line num="40" count="0" type="stmt"/>
        <line num="41" count="0" type="stmt"/>
        <line num="42" count="0" type="stmt"/>
        <line num="43" count="0" type="stmt"/>
        <line num="44" count="0" type="stmt"/>
        <line num="45" count="0" type="stmt"/>
        <line num="46" count="0" type="stmt"/>
        <line num="47" count="15" type="stmt"/>
        <line num="48" count="15" type="stmt"/>
        <line num="51" count="12" type="cond" truecount="1" falsecount="0"/>
        <line num="52" count="13" type="stmt"/>
        <line num="53" count="13" type="stmt"/>
        <line num="54" count="13" type="stmt"/>
        <line num="55" count="13" type="stmt"/>
        <line num="56" count="13" type="stmt"/>
        <line num="57" count="13" type="stmt"/>
        <line num="58" count="13" type="stmt"/>
        <line num="59" count="13" type="stmt"/>
        <line num="60" count="13" type="stmt"/>
        <line num="61" count="13" type="stmt"/>
        <line num="62" count="13" type="stmt"/>
        <line num="63" count="13" type="stmt"/>
        <line num="64" count="13" type="stmt"/>
        <line num="65" count="13" type="stmt"/>
        <line num="66" count="13" type="stmt"/>
        <line num="67" count="13" type="stmt"/>
        <line num="68" count="13" type="stmt"/>
        <line num="71" count="13" type="stmt"/>
        <line num="72" count="13" type="cond" truecount="0" falsecount="1"/>
        <line num="73" count="13" type="stmt"/>
        <line num="74" count="13" type="stmt"/>
        <line num="76" count="12" type="cond" truecount="1" falsecount="0"/>
        <line num="77" count="12" type="stmt"/>
        <line num="78" count="12" type="stmt"/>
        <line num="79" count="12" type="stmt"/>
        <line num="80" count="12" type="stmt"/>
        <line num="81" count="12" type="stmt"/>
        <line num="82" count="12" type="stmt"/>
        <line num="83" count="12" type="stmt"/>
        <line num="84" count="12" type="stmt"/>
        <line num="85" count="12" type="stmt"/>
        <line num="86" count="12" type="stmt"/>
        <line num="88" count="12" type="stmt"/>
        <line num="89" count="0" type="stmt"/>
        <line num="90" count="0" type="stmt"/>
        <line num="91" count="0" type="stmt"/>
        <line num="92" count="0" type="stmt"/>
        <line num="93" count="0" type="stmt"/>
        <line num="94" count="0" type="stmt"/>
        <line num="95" count="0" type="stmt"/>
        <line num="96" count="0" type="stmt"/>
        <line num="97" count="0" type="stmt"/>
        <line num="98" count="0" type="stmt"/>
        <line num="99" count="0" type="stmt"/>
        <line num="100" count="0" type="stmt"/>
        <line num="101" count="0" type="stmt"/>
        <line num="102" count="0" type="stmt"/>
        <line num="103" count="0" type="stmt"/>
        <line num="104" count="0" type="stmt"/>
        <line num="105" count="0" type="stmt"/>
        <line num="106" count="0" type="stmt"/>
        <line num="109" count="12" type="cond" truecount="1" falsecount="0"/>
        <line num="110" count="1" type="stmt"/>
        <line num="111" count="1" type="stmt"/>
        <line num="112" count="1" type="stmt"/>
        <line num="113" count="1" type="stmt"/>
        <line num="114" count="1" type="stmt"/>
        <line num="115" count="1" type="stmt"/>
        <line num="116" count="1" type="stmt"/>
        <line num="117" count="1" type="stmt"/>
        <line num="118" count="1" type="stmt"/>
        <line num="119" count="1" type="stmt"/>
        <line num="120" count="1" type="cond" truecount="0" falsecount="1"/>
        <line num="121" count="1" type="cond" truecount="1" falsecount="2"/>
        <line num="122" count="1" type="stmt"/>
        <line num="123" count="1" type="stmt"/>
        <line num="124" count="1" type="stmt"/>
        <line num="125" count="1" type="stmt"/>
        <line num="126" count="1" type="stmt"/>
        <line num="127" count="1" type="stmt"/>
        <line num="128" count="1" type="stmt"/>
        <line num="129" count="1" type="stmt"/>
        <line num="131" count="1" type="cond" truecount="0" falsecount="1"/>
        <line num="132" count="1" type="stmt"/>
        <line num="133" count="1" type="stmt"/>
        <line num="135" count="12" type="cond" truecount="1" falsecount="0"/>
        <line num="136" count="1" type="stmt"/>
        <line num="137" count="1" type="stmt"/>
        <line num="138" count="1" type="stmt"/>
        <line num="139" count="1" type="stmt"/>
        <line num="140" count="1" type="stmt"/>
        <line num="141" count="1" type="stmt"/>
        <line num="142" count="1" type="stmt"/>
        <line num="143" count="1" type="stmt"/>
        <line num="144" count="1" type="stmt"/>
        <line num="145" count="1" type="stmt"/>
        <line num="146" count="1" type="cond" truecount="1" falsecount="2"/>
        <line num="147" count="1" type="stmt"/>
        <line num="148" count="1" type="stmt"/>
        <line num="149" count="1" type="stmt"/>
        <line num="150" count="1" type="stmt"/>
        <line num="151" count="1" type="stmt"/>
        <line num="152" count="1" type="stmt"/>
        <line num="153" count="1" type="stmt"/>
        <line num="154" count="1" type="cond" truecount="0" falsecount="1"/>
        <line num="155" count="1" type="stmt"/>
        <line num="156" count="1" type="stmt"/>
        <line num="158" count="12" type="stmt"/>
        <line num="159" count="0" type="stmt"/>
        <line num="160" count="0" type="stmt"/>
        <line num="161" count="0" type="stmt"/>
        <line num="162" count="0" type="stmt"/>
        <line num="163" count="0" type="stmt"/>
        <line num="164" count="0" type="stmt"/>
        <line num="165" count="0" type="stmt"/>
        <line num="166" count="0" type="stmt"/>
        <line num="167" count="0" type="stmt"/>
        <line num="168" count="0" type="stmt"/>
        <line num="169" count="0" type="stmt"/>
        <line num="170" count="0" type="stmt"/>
        <line num="171" count="0" type="stmt"/>
        <line num="172" count="0" type="stmt"/>
        <line num="173" count="0" type="stmt"/>
        <line num="174" count="0" type="stmt"/>
        <line num="175" count="0" type="stmt"/>
        <line num="176" count="0" type="stmt"/>
        <line num="178" count="12" type="cond" truecount="1" falsecount="0"/>
        <line num="179" count="7" type="stmt"/>
        <line num="180" count="7" type="stmt"/>
        <line num="181" count="7" type="stmt"/>
        <line num="182" count="7" type="stmt"/>
        <line num="183" count="7" type="stmt"/>
        <line num="184" count="7" type="stmt"/>
        <line num="185" count="7" type="stmt"/>
        <line num="186" count="7" type="stmt"/>
        <line num="187" count="7" type="stmt"/>
        <line num="188" count="7" type="stmt"/>
        <line num="189" count="7" type="cond" truecount="1" falsecount="0"/>
        <line num="190" count="7" type="cond" truecount="1" falsecount="0"/>
        <line num="191" count="5" type="stmt"/>
        <line num="192" count="5" type="cond" truecount="1" falsecount="0"/>
        <line num="193" count="5" type="cond" truecount="1" falsecount="0"/>
        <line num="194" count="5" type="stmt"/>
        <line num="195" count="5" type="stmt"/>
        <line num="196" count="7" type="stmt"/>
        <line num="197" count="7" type="stmt"/>
        <line num="199" count="12" type="stmt"/>
        <line num="200" count="0" type="stmt"/>
        <line num="201" count="0" type="stmt"/>
        <line num="202" count="0" type="stmt"/>
        <line num="203" count="0" type="stmt"/>
        <line num="204" count="0" type="stmt"/>
        <line num="205" count="0" type="stmt"/>
        <line num="206" count="0" type="stmt"/>
        <line num="207" count="0" type="stmt"/>
        <line num="208" count="0" type="stmt"/>
        <line num="209" count="0" type="stmt"/>
        <line num="210" count="0" type="stmt"/>
        <line num="211" count="0" type="stmt"/>
        <line num="212" count="0" type="stmt"/>
        <line num="213" count="0" type="stmt"/>
        <line num="214" count="0" type="stmt"/>
        <line num="215" count="0" type="stmt"/>
        <line num="216" count="0" type="stmt"/>
        <line num="217" count="0" type="stmt"/>
        <line num="220" count="12" type="stmt"/>
        <line num="221" count="0" type="stmt"/>
        <line num="222" count="0" type="stmt"/>
        <line num="223" count="0" type="stmt"/>
        <line num="224" count="0" type="stmt"/>
        <line num="225" count="0" type="stmt"/>
        <line num="226" count="0" type="stmt"/>
        <line num="227" count="0" type="stmt"/>
        <line num="228" count="0" type="stmt"/>
        <line num="229" count="0" type="stmt"/>
        <line num="230" count="0" type="stmt"/>
        <line num="231" count="0" type="stmt"/>
        <line num="233" count="12" type="stmt"/>
        <line num="234" count="0" type="stmt"/>
        <line num="235" count="0" type="stmt"/>
        <line num="236" count="0" type="stmt"/>
        <line num="238" count="12" type="stmt"/>
        <line num="239" count="0" type="stmt"/>
        <line num="240" count="0" type="stmt"/>
        <line num="241" count="0" type="stmt"/>
        <line num="242" count="0" type="stmt"/>
        <line num="243" count="0" type="stmt"/>
        <line num="244" count="0" type="stmt"/>
        <line num="245" count="0" type="stmt"/>
        <line num="246" count="0" type="stmt"/>
        <line num="247" count="0" type="stmt"/>
        <line num="248" count="0" type="stmt"/>
        <line num="249" count="0" type="stmt"/>
        <line num="250" count="0" type="stmt"/>
        <line num="253" count="12" type="stmt"/>
        <line num="254" count="0" type="stmt"/>
        <line num="255" count="0" type="stmt"/>
        <line num="256" count="0" type="stmt"/>
        <line num="257" count="0" type="stmt"/>
        <line num="258" count="0" type="stmt"/>
        <line num="259" count="0" type="stmt"/>
        <line num="260" count="0" type="stmt"/>
        <line num="261" count="0" type="stmt"/>
        <line num="262" count="0" type="stmt"/>
        <line num="263" count="0" type="stmt"/>
        <line num="264" count="0" type="stmt"/>
        <line num="265" count="12" type="stmt"/>
        <line num="266" count="0" type="stmt"/>
        <line num="267" count="0" type="stmt"/>
        <line num="268" count="0" type="stmt"/>
        <line num="269" count="12" type="stmt"/>
        <line num="270" count="0" type="stmt"/>
        <line num="271" count="0" type="stmt"/>
        <line num="272" count="0" type="stmt"/>
        <line num="273" count="0" type="stmt"/>
        <line num="274" count="0" type="stmt"/>
        <line num="275" count="0" type="stmt"/>
        <line num="276" count="0" type="stmt"/>
        <line num="277" count="0" type="stmt"/>
        <line num="278" count="0" type="stmt"/>
        <line num="279" count="0" type="stmt"/>
        <line num="280" count="0" type="stmt"/>
        <line num="281" count="0" type="stmt"/>
        <line num="283" count="12" type="cond" truecount="1" falsecount="0"/>
        <line num="284" count="19" type="stmt"/>
        <line num="285" count="19" type="stmt"/>
        <line num="286" count="19" type="cond" truecount="2" falsecount="0"/>
        <line num="287" count="19" type="stmt"/>
        <line num="288" count="12" type="stmt"/>
        <line num="291" count="13" type="cond" truecount="1" falsecount="0"/>
        <line num="292" count="13" type="cond" truecount="0" falsecount="1"/>
        <line num="294" count="13" type="stmt"/>
        <line num="295" count="13" type="stmt"/>
        <line num="296" count="13" type="stmt"/>
        <line num="297" count="13" type="stmt"/>
        <line num="298" count="13" type="stmt"/>
        <line num="299" count="13" type="stmt"/>
        <line num="300" count="13" type="stmt"/>
        <line num="301" count="13" type="stmt"/>
        <line num="302" count="13" type="stmt"/>
        <line num="303" count="13" type="stmt"/>
        <line num="304" count="13" type="stmt"/>
        <line num="305" count="13" type="stmt"/>
        <line num="306" count="13" type="stmt"/>
        <line num="307" count="13" type="stmt"/>
        <line num="308" count="13" type="stmt"/>
        <line num="309" count="13" type="stmt"/>
        <line num="310" count="13" type="stmt"/>
        <line num="311" count="13" type="stmt"/>
        <line num="312" count="13" type="stmt"/>
        <line num="313" count="13" type="cond" truecount="1" falsecount="0"/>
        <line num="315" count="1" type="stmt"/>
        <line num="316" count="1" type="stmt"/>
        <line num="317" count="1" type="stmt"/>
        <line num="318" count="1" type="cond" truecount="0" falsecount="1"/>
        <line num="319" count="1" type="cond" truecount="0" falsecount="1"/>
        <line num="320" count="1" type="stmt"/>
        <line num="321" count="13" type="stmt"/>
        <line num="322" count="13" type="stmt"/>
        <line num="329" count="9" type="cond" truecount="1" falsecount="0"/>
        <line num="330" count="9" type="stmt"/>
        <line num="331" count="9" type="stmt"/>
        <line num="332" count="9" type="stmt"/>
        <line num="333" count="9" type="cond" truecount="1" falsecount="0"/>
        <line num="334" count="15" type="cond" truecount="1" falsecount="0"/>
        <line num="335" count="9" type="cond" truecount="2" falsecount="0"/>
        <line num="336" count="9" type="cond" truecount="2" falsecount="0"/>
        <line num="337" count="9" type="cond" truecount="1" falsecount="1"/>
        <line num="338" count="0" type="stmt"/>
        <line num="339" count="0" type="stmt"/>
        <line num="340" count="6" type="stmt"/>
        <line num="341" count="6" type="stmt"/>
        <line num="342" count="6" type="cond" truecount="0" falsecount="2"/>
        <line num="343" count="6" type="stmt"/>
        <line num="344" count="15" type="cond" truecount="1" falsecount="0"/>
        <line num="345" count="6" type="stmt"/>
        <line num="346" count="6" type="stmt"/>
        <line num="348" count="0" type="stmt"/>
        <line num="349" count="0" type="stmt"/>
        <line num="350" count="0" type="stmt"/>
        <line num="351" count="0" type="stmt"/>
        <line num="352" count="0" type="stmt"/>
        <line num="353" count="0" type="stmt"/>
        <line num="354" count="0" type="stmt"/>
        <line num="355" count="0" type="stmt"/>
        <line num="356" count="0" type="stmt"/>
        <line num="358" count="25" type="cond" truecount="1" falsecount="0"/>
        <line num="359" count="25" type="cond" truecount="0" falsecount="1"/>
        <line num="360" count="25" type="stmt"/>
        <line num="361" count="25" type="stmt"/>
        <line num="362" count="25" type="cond" truecount="0" falsecount="1"/>
        <line num="363" count="0" type="stmt"/>
        <line num="364" count="0" type="stmt"/>
        <line num="365" count="25" type="stmt"/>
        <line num="367" count="0" type="stmt"/>
        <line num="368" count="0" type="stmt"/>
        <line num="369" count="0" type="stmt"/>
        <line num="379" count="0" type="stmt"/>
        <line num="383" count="0" type="stmt"/>
        <line num="384" count="0" type="stmt"/>
        <line num="385" count="0" type="stmt"/>
        <line num="386" count="0" type="stmt"/>
        <line num="387" count="0" type="stmt"/>
        <line num="388" count="0" type="stmt"/>
        <line num="389" count="0" type="stmt"/>
        <line num="391" count="0" type="stmt"/>
        <line num="392" count="0" type="stmt"/>
        <line num="393" count="0" type="stmt"/>
        <line num="394" count="0" type="stmt"/>
        <line num="395" count="0" type="stmt"/>
        <line num="396" count="0" type="stmt"/>
        <line num="397" count="0" type="stmt"/>
        <line num="398" count="0" type="stmt"/>
        <line num="399" count="0" type="stmt"/>
        <line num="401" count="0" type="stmt"/>
        <line num="402" count="0" type="stmt"/>
        <line num="404" count="7" type="cond" truecount="1" falsecount="0"/>
        <line num="405" count="7" type="stmt"/>
        <line num="406" count="7" type="stmt"/>
        <line num="407" count="7" type="stmt"/>
        <line num="408" count="7" type="cond" truecount="0" falsecount="1"/>
        <line num="409" count="7" type="cond" truecount="0" falsecount="1"/>
        <line num="410" count="7" type="cond" truecount="1" falsecount="0"/>
        <line num="411" count="7" type="cond" truecount="1" falsecount="0"/>
        <line num="412" count="7" type="cond" truecount="1" falsecount="0"/>
        <line num="413" count="7" type="stmt"/>
        <line num="416" count="7" type="cond" truecount="1" falsecount="0"/>
        <line num="417" count="7" type="cond" truecount="1" falsecount="0"/>
        <line num="418" count="7" type="cond" truecount="3" falsecount="0"/>
        <line num="419" count="7" type="cond" truecount="3" falsecount="0"/>
        <line num="420" count="7" type="cond" truecount="2" falsecount="0"/>
        <line num="422" count="7" type="cond" truecount="5" falsecount="0"/>
        <line num="425" count="5" type="stmt"/>
        <line num="426" count="5" type="stmt"/>
        <line num="427" count="5" type="stmt"/>
        <line num="430" count="7" type="cond" truecount="5" falsecount="0"/>
        <line num="434" count="7" type="cond" truecount="2" falsecount="0"/>
        <line num="435" count="2" type="cond" truecount="2" falsecount="0"/>
        <line num="436" count="1" type="stmt"/>
        <line num="437" count="1" type="stmt"/>
        <line num="438" count="1" type="stmt"/>
        <line num="439" count="1" type="stmt"/>
        <line num="440" count="2" type="cond" truecount="1" falsecount="0"/>
        <line num="446" count="7" type="cond" truecount="3" falsecount="0"/>
        <line num="447" count="4" type="stmt"/>
        <line num="448" count="4" type="cond" truecount="1" falsecount="0"/>
        <line num="449" count="4" type="cond" truecount="1" falsecount="0"/>
        <line num="452" count="7" type="cond" truecount="3" falsecount="1"/>
        <line num="453" count="7" type="cond" truecount="3" falsecount="1"/>
        <line num="454" count="7" type="cond" truecount="2" falsecount="1"/>
        <line num="457" count="7" type="cond" truecount="3" falsecount="0"/>
        <line num="458" count="4" type="stmt"/>
        <line num="459" count="4" type="cond" truecount="0" falsecount="1"/>
        <line num="460" count="4" type="cond" truecount="1" falsecount="0"/>
        <line num="462" count="5" type="stmt"/>
        <line num="463" count="5" type="stmt"/>
        <line num="465" count="15" type="cond" truecount="1" falsecount="0"/>
        <line num="466" count="15" type="cond" truecount="0" falsecount="1"/>
        <line num="467" count="15" type="cond" truecount="2" falsecount="0"/>
        <line num="468" count="15" type="stmt"/>
        <line num="471" count="1" type="cond" truecount="1" falsecount="0"/>
        <line num="472" count="2" type="stmt"/>
        <line num="473" count="2" type="cond" truecount="0" falsecount="1"/>
        <line num="475" count="0" type="stmt"/>
        <line num="476" count="0" type="stmt"/>
        <line num="477" count="0" type="stmt"/>
        <line num="478" count="0" type="stmt"/>
        <line num="479" count="0" type="stmt"/>
        <line num="480" count="0" type="stmt"/>
        <line num="481" count="0" type="stmt"/>
        <line num="482" count="2" type="stmt"/>
        <line num="483" count="2" type="stmt"/>
        <line num="485" count="1" type="cond" truecount="1" falsecount="0"/>
        <line num="486" count="2" type="stmt"/>
        <line num="487" count="2" type="stmt"/>
        <line num="488" count="2" type="stmt"/>
        <line num="489" count="2" type="stmt"/>
        <line num="490" count="2" type="stmt"/>
        <line num="491" count="2" type="stmt"/>
        <line num="492" count="2" type="cond" truecount="1" falsecount="0"/>
        <line num="493" count="2" type="stmt"/>
        <line num="494" count="2" type="stmt"/>
        <line num="495" count="2" type="stmt"/>
        <line num="496" count="2" type="stmt"/>
        <line num="498" count="2" type="cond" truecount="1" falsecount="0"/>
        <line num="499" count="2" type="stmt"/>
        <line num="500" count="2" type="stmt"/>
        <line num="501" count="2" type="stmt"/>
        <line num="503" count="4" type="cond" truecount="1" falsecount="0"/>
        <line num="504" count="4" type="cond" truecount="2" falsecount="0"/>
        <line num="505" count="3" type="cond" truecount="2" falsecount="0"/>
        <line num="506" count="1" type="stmt"/>
        <line num="507" count="1" type="stmt"/>
        <line num="508" count="1" type="stmt"/>
        <line num="509" count="1" type="stmt"/>
        <line num="510" count="4" type="cond" truecount="1" falsecount="0"/>
        <line num="511" count="4" type="cond" truecount="2" falsecount="0"/>
        <line num="512" count="4" type="stmt"/>
        <line num="513" count="4" type="stmt"/>
        <line num="515" count="2" type="cond" truecount="1" falsecount="0"/>
        <line num="516" count="2" type="cond" truecount="0" falsecount="1"/>
        <line num="517" count="2" type="cond" truecount="0" falsecount="1"/>
        <line num="518" count="2" type="cond" truecount="0" falsecount="1"/>
        <line num="519" count="0" type="stmt"/>
        <line num="520" count="0" type="stmt"/>
      </file>
      <file name="rateLimitAdapter.ts" path="/home/user/documentation-reader-corrector/src/langchain/rateLimitAdapter.ts">
        <metrics statements="35" coveredstatements="33" conditionals="5" coveredconditionals="2" methods="1" coveredmethods="1"/>
        <line num="2" count="1" type="stmt"/>
        <line num="3" count="1" type="stmt"/>
        <line num="4" count="1" type="stmt"/>
        <line num="5" count="1" type="stmt"/>
        <line num="6" count="1" type="stmt"/>
        <line num="22" count="1" type="cond" truecount="1" falsecount="0"/>
        <line num="23" count="2" type="stmt"/>
        <line num="24" count="2" type="stmt"/>
        <line num="25" count="2" type="stmt"/>
        <line num="26" count="2" type="stmt"/>
        <line num="27" count="2" type="cond" truecount="1" falsecount="0"/>
        <line num="28" count="2" type="stmt"/>
        <line num="29" count="2" type="stmt"/>
        <line num="30" count="2" type="stmt"/>
        <line num="31" count="2" type="stmt"/>
        <line num="33" count="2" type="stmt"/>
        <line num="36" count="2" type="stmt"/>
        <line num="37" count="2" type="stmt"/>
        <line num="38" count="2" type="cond" truecount="0" falsecount="2"/>
        <line num="39" count="2" type="stmt"/>
        <line num="40" count="2" type="stmt"/>
        <line num="41" count="2" type="stmt"/>
        <line num="42" count="2" type="stmt"/>
        <line num="43" count="2" type="stmt"/>
        <line num="45" count="2" type="stmt"/>
        <line num="46" count="2" type="stmt"/>
        <line num="47" count="2" type="stmt"/>
        <line num="48" count="2" type="stmt"/>
        <line num="49" count="2" type="cond" truecount="0" falsecount="1"/>
        <line num="51" count="0" type="stmt"/>
        <line num="52" count="0" type="stmt"/>
        <line num="54" count="2" type="stmt"/>
        <line num="55" count="2" type="stmt"/>
        <line num="57" count="2" type="stmt"/>
        <line num="58" count="2" type="stmt"/>
      </file>
    </package>
    <package name="src.openai">
      <metrics statements="587" coveredstatements="471" conditionals="196" coveredconditionals="154" methods="45" coveredmethods="43"/>
      <file name="OpenAIRateLimiter.ts" path="/home/user/documentation-reader-corrector/src/openai/OpenAIRateLimiter.ts">
        <metrics statements="292" coveredstatements="218" conditionals="84" coveredconditionals="65" methods="18" coveredmethods="17"/>
        <line num="1" count="1" type="stmt"/>
        <line num="3" count="1" type="stmt"/>
        <line num="4" count="1" type="stmt"/>
        <line num="5" count="1" type="stmt"/>
        <line num="6" count="1" type="stmt"/>
        <line num="7" count="1" type="stmt"/>
        <line num="29" count="1" type="cond" truecount="1" falsecount="0"/>
        <line num="30" count="11" type="stmt"/>
        <line num="31" count="11" type="cond" truecount="1" falsecount="0"/>
        <line num="32" count="11" type="stmt"/>
        <line num="33" count="11" type="stmt"/>
        <line num="34" count="11" type="cond" truecount="1" falsecount="0"/>
        <line num="35" count="5" type="stmt"/>
        <line num="36" count="5" type="stmt"/>
        <line num="37" count="11" type="stmt"/>
        <line num="39" count="1" type="stmt"/>
        <line num="40" count="0" type="stmt"/>
        <line num="41" count="0" type="stmt"/>
        <line num="42" count="0" type="stmt"/>
        <line num="43" count="0" type="stmt"/>
        <line num="44" count="0" type="stmt"/>
        <line num="45" count="0" type="stmt"/>
        <line num="46" count="0" type="stmt"/>
        <line num="47" count="0" type="stmt"/>
        <line num="48" count="0" type="stmt"/>
        <line num="49" count="0" type="stmt"/>
        <line num="53" count="0" type="stmt"/>
        <line num="54" count="0" type="stmt"/>
        <line num="55" count="0" type="stmt"/>
        <line num="56" count="0" type="stmt"/>
        <line num="57" count="0" type="stmt"/>
        <line num="58" count="0" type="stmt"/>
        <line num="59" count="0" type="stmt"/>
        <line num="60" count="0" type="stmt"/>
        <line num="62" count="0" type="stmt"/>
        <line num="66" count="0" type="stmt"/>
        <line num="67" count="0" type="stmt"/>
        <line num="68" count="0" type="stmt"/>
        <line num="69" count="0" type="stmt"/>
        <line num="70" count="0" type="stmt"/>
        <line num="71" count="0" type="stmt"/>
        <line num="72" count="0" type="stmt"/>
        <line num="73" count="0" type="stmt"/>
        <line num="74" count="0" type="stmt"/>
        <line num="77" count="0" type="stmt"/>
        <line num="78" count="0" type="stmt"/>
        <line num="79" count="0" type="stmt"/>
        <line num="80" count="0" type="stmt"/>
        <line num="81" count="0" type="stmt"/>
        <line num="82" count="0" type="stmt"/>
        <line num="83" count="0" type="stmt"/>
        <line num="84" count="0" type="stmt"/>
        <line num="86" count="0" type="stmt"/>
        <line num="87" count="0" type="stmt"/>
        <line num="88" count="0" type="stmt"/>
        <line num="89" count="0" type="stmt"/>
        <line num="90" count="0" type="stmt"/>
        <line num="91" count="0" type="stmt"/>
        <line num="92" count="0" type="stmt"/>
        <line num="93" count="0" type="stmt"/>
        <line num="94" count="0" type="stmt"/>
        <line num="95" count="0" type="stmt"/>
        <line num="96" count="0" type="stmt"/>
        <line num="97" count="0" type="stmt"/>
        <line num="98" count="0" type="stmt"/>
        <line num="100" count="3" type="cond" truecount="1" falsecount="0"/>
        <line num="101" count="3" type="cond" truecount="1" falsecount="0"/>
        <line num="102" count="3" type="stmt"/>
        <line num="104" count="1" type="cond" truecount="1" falsecount="0"/>
        <line num="105" count="11" type="stmt"/>
        <line num="106" count="11" type="stmt"/>
        <line num="107" count="11" type="stmt"/>
        <line num="108" count="11" type="stmt"/>
        <line num="110" count="11" type="stmt"/>
        <line num="111" count="11" type="stmt"/>
        <line num="112" count="11" type="stmt"/>
        <line num="113" count="11" type="stmt"/>
        <line num="114" count="11" type="stmt"/>
        <line num="116" count="11" type="cond" truecount="1" falsecount="0"/>
        <line num="117" count="11" type="stmt"/>
        <line num="118" count="11" type="stmt"/>
        <line num="119" count="11" type="stmt"/>
        <line num="120" count="11" type="stmt"/>
        <line num="121" count="11" type="stmt"/>
        <line num="122" count="11" type="stmt"/>
        <line num="123" count="11" type="stmt"/>
        <line num="124" count="11" type="cond" truecount="0" falsecount="1"/>
        <line num="125" count="0" type="stmt"/>
        <line num="126" count="0" type="stmt"/>
        <line num="127" count="11" type="stmt"/>
        <line num="128" count="11" type="stmt"/>
        <line num="129" count="11" type="stmt"/>
        <line num="130" count="11" type="stmt"/>
        <line num="131" count="11" type="stmt"/>
        <line num="132" count="11" type="cond" truecount="0" falsecount="2"/>
        <line num="133" count="11" type="stmt"/>
        <line num="135" count="11" type="cond" truecount="1" falsecount="0"/>
        <line num="137" count="24" type="stmt"/>
        <line num="138" count="24" type="stmt"/>
        <line num="140" count="11" type="cond" truecount="1" falsecount="0"/>
        <line num="141" count="13" type="stmt"/>
        <line num="142" count="13" type="cond" truecount="0" falsecount="1"/>
        <line num="143" count="0" type="stmt"/>
        <line num="144" count="0" type="stmt"/>
        <line num="145" count="0" type="stmt"/>
        <line num="146" count="0" type="stmt"/>
        <line num="147" count="13" type="stmt"/>
        <line num="149" count="11" type="cond" truecount="1" falsecount="0"/>
        <line num="150" count="5" type="stmt"/>
        <line num="151" count="5" type="stmt"/>
        <line num="152" count="5" type="stmt"/>
        <line num="153" count="5" type="stmt"/>
        <line num="154" count="5" type="cond" truecount="0" falsecount="1"/>
        <line num="155" count="0" type="stmt"/>
        <line num="156" count="0" type="stmt"/>
        <line num="157" count="5" type="stmt"/>
        <line num="163" count="11" type="cond" truecount="1" falsecount="0"/>
        <line num="164" count="2" type="stmt"/>
        <line num="165" count="2" type="cond" truecount="0" falsecount="1"/>
        <line num="166" count="2" type="cond" truecount="0" falsecount="1"/>
        <line num="167" count="2" type="stmt"/>
        <line num="168" count="2" type="stmt"/>
        <line num="169" count="2" type="stmt"/>
        <line num="170" count="2" type="stmt"/>
        <line num="171" count="2" type="stmt"/>
        <line num="172" count="2" type="stmt"/>
        <line num="173" count="2" type="stmt"/>
        <line num="174" count="2" type="stmt"/>
        <line num="175" count="2" type="stmt"/>
        <line num="176" count="2" type="stmt"/>
        <line num="177" count="2" type="cond" truecount="0" falsecount="1"/>
        <line num="178" count="0" type="stmt"/>
        <line num="179" count="0" type="stmt"/>
        <line num="180" count="2" type="stmt"/>
        <line num="182" count="11" type="cond" truecount="1" falsecount="0"/>
        <line num="183" count="8" type="stmt"/>
        <line num="184" count="8" type="cond" truecount="1" falsecount="0"/>
        <line num="185" count="1" type="stmt"/>
        <line num="186" count="1" type="stmt"/>
        <line num="187" count="1" type="stmt"/>
        <line num="188" count="1" type="stmt"/>
        <line num="189" count="1" type="stmt"/>
        <line num="190" count="1" type="cond" truecount="1" falsecount="0"/>
        <line num="192" count="7" type="stmt"/>
        <line num="194" count="7" type="stmt"/>
        <line num="195" count="8" type="stmt"/>
        <line num="197" count="11" type="cond" truecount="1" falsecount="0"/>
        <line num="203" count="11" type="cond" truecount="1" falsecount="0"/>
        <line num="205" count="12" type="cond" truecount="1" falsecount="0"/>
        <line num="207" count="9" type="stmt"/>
        <line num="208" count="9" type="cond" truecount="2" falsecount="0"/>
        <line num="209" count="3" type="stmt"/>
        <line num="211" count="3" type="cond" truecount="1" falsecount="0"/>
        <line num="212" count="10" type="cond" truecount="1" falsecount="0"/>
        <line num="213" count="2" type="stmt"/>
        <line num="214" count="2" type="stmt"/>
        <line num="215" count="2" type="cond" truecount="1" falsecount="0"/>
        <line num="217" count="1" type="stmt"/>
        <line num="218" count="1" type="stmt"/>
        <line num="220" count="1" type="stmt"/>
        <line num="221" count="1" type="stmt"/>
        <line num="222" count="1" type="stmt"/>
        <line num="223" count="1" type="stmt"/>
        <line num="224" count="1" type="stmt"/>
        <line num="225" count="1" type="stmt"/>
        <line num="227" count="1" type="stmt"/>
        <line num="228" count="1" type="stmt"/>
        <line num="229" count="1" type="stmt"/>
        <line num="231" count="12" type="stmt"/>
        <line num="232" count="11" type="stmt"/>
        <line num="234" count="11" type="cond" truecount="1" falsecount="0"/>
        <line num="235" count="7" type="stmt"/>
        <line num="236" count="7" type="stmt"/>
        <line num="237" count="7" type="stmt"/>
        <line num="238" count="7" type="cond" truecount="0" falsecount="1"/>
        <line num="239" count="7" type="stmt"/>
        <line num="240" count="7" type="stmt"/>
        <line num="242" count="7" type="cond" truecount="1" falsecount="0"/>
        <line num="243" count="9" type="stmt"/>
        <line num="244" count="9" type="stmt"/>
        <line num="245" count="9" type="stmt"/>
        <line num="246" count="9" type="cond" truecount="1" falsecount="0"/>
        <line num="247" count="3" type="stmt"/>
        <line num="248" count="9" type="cond" truecount="1" falsecount="0"/>
        <line num="249" count="9" type="stmt"/>
        <line num="250" count="9" type="stmt"/>
        <line num="251" count="9" type="stmt"/>
        <line num="252" count="9" type="stmt"/>
        <line num="253" count="9" type="stmt"/>
        <line num="254" count="9" type="stmt"/>
        <line num="255" count="9" type="stmt"/>
        <line num="256" count="9" type="stmt"/>
        <line num="257" count="9" type="stmt"/>
        <line num="258" count="9" type="stmt"/>
        <line num="259" count="9" type="stmt"/>
        <line num="260" count="9" type="stmt"/>
        <line num="261" count="9" type="stmt"/>
        <line num="262" count="9" type="stmt"/>
        <line num="263" count="9" type="stmt"/>
        <line num="264" count="9" type="stmt"/>
        <line num="265" count="9" type="stmt"/>
        <line num="266" count="9" type="cond" truecount="1" falsecount="0"/>
        <line num="267" count="6" type="stmt"/>
        <line num="268" count="6" type="stmt"/>
        <line num="269" count="6" type="stmt"/>
        <line num="270" count="6" type="stmt"/>
        <line num="271" count="6" type="stmt"/>
        <line num="272" count="6" type="stmt"/>
        <line num="273" count="6" type="stmt"/>
        <line num="274" count="6" type="stmt"/>
        <line num="275" count="6" type="stmt"/>
        <line num="276" count="6" type="stmt"/>
        <line num="277" count="6" type="cond" truecount="3" falsecount="0"/>
        <line num="279" count="2" type="stmt"/>
        <line num="280" count="2" type="stmt"/>
        <line num="281" count="6" type="cond" truecount="0" falsecount="1"/>
        <line num="283" count="0" type="stmt"/>
        <line num="284" count="0" type="stmt"/>
        <line num="285" count="0" type="stmt"/>
        <line num="286" count="0" type="stmt"/>
        <line num="287" count="0" type="stmt"/>
        <line num="288" count="6" type="stmt"/>
        <line num="289" count="9" type="cond" truecount="1" falsecount="0"/>
        <line num="292" count="4" type="stmt"/>
        <line num="293" count="7" type="stmt"/>
        <line num="295" count="11" type="cond" truecount="1" falsecount="0"/>
        <line num="297" count="6" type="stmt"/>
        <line num="298" count="6" type="cond" truecount="2" falsecount="0"/>
        <line num="299" count="6" type="cond" truecount="0" falsecount="1"/>
        <line num="300" count="6" type="stmt"/>
        <line num="301" count="6" type="cond" truecount="1" falsecount="0"/>
        <line num="302" count="6" type="stmt"/>
        <line num="304" count="6" type="cond" truecount="2" falsecount="0"/>
        <line num="305" count="6" type="cond" truecount="3" falsecount="0"/>
        <line num="306" count="6" type="cond" truecount="2" falsecount="0"/>
        <line num="307" count="6" type="cond" truecount="2" falsecount="0"/>
        <line num="309" count="2" type="stmt"/>
        <line num="310" count="6" type="stmt"/>
        <line num="312" count="11" type="cond" truecount="1" falsecount="0"/>
        <line num="313" count="4" type="stmt"/>
        <line num="314" count="4" type="cond" truecount="2" falsecount="0"/>
        <line num="315" count="4" type="cond" truecount="0" falsecount="1"/>
        <line num="317" count="4" type="cond" truecount="2" falsecount="0"/>
        <line num="318" count="4" type="cond" truecount="2" falsecount="0"/>
        <line num="319" count="4" type="cond" truecount="0" falsecount="1"/>
        <line num="320" count="0" type="stmt"/>
        <line num="321" count="0" type="stmt"/>
        <line num="322" count="0" type="stmt"/>
        <line num="323" count="0" type="cond" truecount="1" falsecount="0"/>
        <line num="324" count="4" type="cond" truecount="2" falsecount="0"/>
        <line num="325" count="4" type="cond" truecount="0" falsecount="2"/>
        <line num="326" count="4" type="cond" truecount="1" falsecount="1"/>
        <line num="328" count="4" type="cond" truecount="0" falsecount="1"/>
        <line num="329" count="4" type="stmt"/>
        <line num="331" count="11" type="cond" truecount="1" falsecount="0"/>
        <line num="332" count="9" type="stmt"/>
        <line num="333" count="9" type="stmt"/>
        <line num="334" count="9" type="stmt"/>
        <line num="335" count="9" type="cond" truecount="1" falsecount="0"/>
        <line num="336" count="1" type="stmt"/>
        <line num="337" count="1" type="cond" truecount="1" falsecount="1"/>
        <line num="338" count="1" type="stmt"/>
        <line num="339" count="1" type="cond" truecount="1" falsecount="0"/>
        <line num="340" count="8" type="stmt"/>
        <line num="341" count="9" type="stmt"/>
        <line num="342" count="9" type="stmt"/>
        <line num="343" count="9" type="stmt"/>
        <line num="344" count="9" type="stmt"/>
        <line num="345" count="9" type="stmt"/>
        <line num="346" count="9" type="stmt"/>
        <line num="348" count="9" type="stmt"/>
        <line num="349" count="9" type="stmt"/>
        <line num="350" count="9" type="cond" truecount="2" falsecount="0"/>
        <line num="351" count="9" type="stmt"/>
        <line num="352" count="9" type="cond" truecount="1" falsecount="0"/>
        <line num="353" count="3" type="stmt"/>
        <line num="354" count="9" type="cond" truecount="1" falsecount="0"/>
        <line num="355" count="6" type="stmt"/>
        <line num="356" count="6" type="stmt"/>
        <line num="357" count="9" type="stmt"/>
        <line num="360" count="11" type="stmt"/>
        <line num="362" count="6" type="cond" truecount="1" falsecount="0"/>
        <line num="363" count="6" type="cond" truecount="1" falsecount="0"/>
        <line num="365" count="3" type="stmt"/>
        <line num="366" count="3" type="cond" truecount="0" falsecount="1"/>
        <line num="368" count="0" type="stmt"/>
        <line num="369" count="0" type="stmt"/>
        <line num="370" count="0" type="stmt"/>
        <line num="371" count="0" type="stmt"/>
        <line num="372" count="0" type="stmt"/>
        <line num="373" count="0" type="stmt"/>
        <line num="375" count="1" type="stmt"/>
      </file>
      <file name="client.ts" path="/home/user/documentation-reader-corrector/src/openai/client.ts">
        <metrics statements="166" coveredstatements="147" conditionals="73" coveredconditionals="57" methods="7" coveredmethods="7"/>
        <line num="1" count="1" type="stmt"/>
        <line num="31" count="1" type="cond" truecount="1" falsecount="0"/>
        <line num="32" count="16" type="stmt"/>
        <line num="34" count="16" type="cond" truecount="1" falsecount="0"/>
        <line num="35" count="16" type="cond" truecount="1" falsecount="0"/>
        <line num="36" count="16" type="stmt"/>
        <line num="38" count="16" type="cond" truecount="1" falsecount="0"/>
        <line num="41" count="6" type="cond" truecount="1" falsecount="0"/>
        <line num="42" count="6" type="stmt"/>
        <line num="43" count="6" type="cond" truecount="1" falsecount="0"/>
        <line num="44" count="1" type="cond" truecount="1" falsecount="0"/>
        <line num="45" count="5" type="cond" truecount="1" falsecount="0"/>
        <line num="46" count="1" type="cond" truecount="1" falsecount="0"/>
        <line num="47" count="4" type="stmt"/>
        <line num="49" count="6" type="cond" truecount="1" falsecount="0"/>
        <line num="50" count="6" type="stmt"/>
        <line num="56" count="6" type="cond" truecount="2" falsecount="0"/>
        <line num="57" count="2" type="cond" truecount="1" falsecount="0"/>
        <line num="58" count="4" type="stmt"/>
        <line num="61" count="6" type="stmt"/>
        <line num="66" count="6" type="stmt"/>
        <line num="67" count="6" type="stmt"/>
        <line num="68" count="6" type="stmt"/>
        <line num="69" count="6" type="stmt"/>
        <line num="70" count="6" type="cond" truecount="2" falsecount="0"/>
        <line num="71" count="6" type="stmt"/>
        <line num="72" count="6" type="stmt"/>
        <line num="73" count="6" type="stmt"/>
        <line num="74" count="6" type="stmt"/>
        <line num="75" count="6" type="stmt"/>
        <line num="76" count="6" type="stmt"/>
        <line num="77" count="6" type="stmt"/>
        <line num="78" count="6" type="stmt"/>
        <line num="79" count="6" type="stmt"/>
        <line num="80" count="6" type="cond" truecount="1" falsecount="0"/>
        <line num="82" count="6" type="stmt"/>
        <line num="83" count="6" type="stmt"/>
        <line num="85" count="6" type="stmt"/>
        <line num="86" count="6" type="stmt"/>
        <line num="87" count="6" type="stmt"/>
        <line num="88" count="6" type="stmt"/>
        <line num="89" count="6" type="stmt"/>
        <line num="100" count="6" type="stmt"/>
        <line num="101" count="6" type="cond" truecount="0" falsecount="1"/>
        <line num="103" count="6" type="stmt"/>
        <line num="104" count="6" type="stmt"/>
        <line num="105" count="6" type="cond" truecount="0" falsecount="1"/>
        <line num="106" count="6" type="cond" truecount="1" falsecount="0"/>
        <line num="107" count="6" type="stmt"/>
        <line num="108" count="6" type="cond" truecount="1" falsecount="0"/>
        <line num="109" count="5" type="stmt"/>
        <line num="111" count="5" type="cond" truecount="0" falsecount="1"/>
        <line num="112" count="5" type="cond" truecount="0" falsecount="1"/>
        <line num="113" count="5" type="cond" truecount="0" falsecount="1"/>
        <line num="114" count="5" type="cond" truecount="1" falsecount="0"/>
        <line num="115" count="1" type="stmt"/>
        <line num="116" count="6" type="stmt"/>
        <line num="117" count="6" type="stmt"/>
        <line num="118" count="6" type="stmt"/>
        <line num="119" count="16" type="stmt"/>
        <line num="123" count="2" type="cond" truecount="1" falsecount="0"/>
        <line num="124" count="2" type="cond" truecount="1" falsecount="0"/>
        <line num="125" count="7" type="stmt"/>
        <line num="128" count="7" type="stmt"/>
        <line num="129" count="7" type="cond" truecount="2" falsecount="0"/>
        <line num="131" count="2" type="stmt"/>
        <line num="132" count="7" type="cond" truecount="2" falsecount="0"/>
        <line num="133" count="4" type="stmt"/>
        <line num="134" count="5" type="cond" truecount="1" falsecount="0"/>
        <line num="135" count="1" type="stmt"/>
        <line num="136" count="1" type="stmt"/>
        <line num="137" count="7" type="stmt"/>
        <line num="138" count="7" type="stmt"/>
        <line num="139" count="2" type="stmt"/>
        <line num="140" count="2" type="stmt"/>
        <line num="142" count="7" type="cond" truecount="1" falsecount="0"/>
        <line num="143" count="7" type="stmt"/>
        <line num="144" count="7" type="stmt"/>
        <line num="146" count="7" type="cond" truecount="2" falsecount="0"/>
        <line num="147" count="6" type="cond" truecount="0" falsecount="1"/>
        <line num="148" count="6" type="cond" truecount="1" falsecount="0"/>
        <line num="150" count="1" type="stmt"/>
        <line num="151" count="1" type="stmt"/>
        <line num="152" count="1" type="stmt"/>
        <line num="153" count="1" type="stmt"/>
        <line num="155" count="1" type="cond" truecount="1" falsecount="0"/>
        <line num="156" count="6" type="stmt"/>
        <line num="157" count="6" type="cond" truecount="0" falsecount="1"/>
        <line num="158" count="0" type="stmt"/>
        <line num="159" count="0" type="stmt"/>
        <line num="160" count="0" type="stmt"/>
        <line num="161" count="6" type="cond" truecount="2" falsecount="0"/>
        <line num="162" count="1" type="stmt"/>
        <line num="163" count="1" type="stmt"/>
        <line num="164" count="1" type="cond" truecount="1" falsecount="0"/>
        <line num="165" count="6" type="cond" truecount="3" falsecount="0"/>
        <line num="166" count="1" type="stmt"/>
        <line num="167" count="1" type="cond" truecount="0" falsecount="1"/>
        <line num="168" count="1" type="stmt"/>
        <line num="169" count="1" type="cond" truecount="1" falsecount="0"/>
        <line num="170" count="6" type="cond" truecount="3" falsecount="0"/>
        <line num="171" count="1" type="stmt"/>
        <line num="172" count="1" type="stmt"/>
        <line num="173" count="1" type="stmt"/>
        <line num="174" count="1" type="cond" truecount="1" falsecount="0"/>
        <line num="175" count="6" type="cond" truecount="2" falsecount="0"/>
        <line num="176" count="2" type="stmt"/>
        <line num="178" count="2" type="cond" truecount="1" falsecount="0"/>
        <line num="179" count="1" type="stmt"/>
        <line num="180" count="1" type="stmt"/>
        <line num="181" count="1" type="stmt"/>
        <line num="182" count="1" type="stmt"/>
        <line num="183" count="1" type="stmt"/>
        <line num="184" count="1" type="cond" truecount="0" falsecount="1"/>
        <line num="186" count="0" type="stmt"/>
        <line num="187" count="0" type="stmt"/>
        <line num="188" count="2" type="stmt"/>
        <line num="189" count="2" type="cond" truecount="1" falsecount="0"/>
        <line num="191" count="1" type="stmt"/>
        <line num="192" count="1" type="stmt"/>
        <line num="194" count="1" type="stmt"/>
        <line num="195" count="1" type="stmt"/>
        <line num="196" count="1" type="stmt"/>
        <line num="198" count="1" type="cond" truecount="0" falsecount="1"/>
        <line num="200" count="0" type="stmt"/>
        <line num="201" count="0" type="stmt"/>
        <line num="202" count="1" type="stmt"/>
        <line num="203" count="1" type="cond" truecount="0" falsecount="1"/>
        <line num="205" count="0" type="stmt"/>
        <line num="206" count="0" type="stmt"/>
        <line num="207" count="0" type="stmt"/>
        <line num="208" count="0" type="stmt"/>
        <line num="209" count="0" type="stmt"/>
        <line num="210" count="7" type="stmt"/>
        <line num="213" count="1" type="stmt"/>
        <line num="214" count="1" type="cond" truecount="1" falsecount="0"/>
        <line num="215" count="1" type="stmt"/>
        <line num="216" count="1" type="stmt"/>
        <line num="217" count="1" type="stmt"/>
        <line num="218" count="1" type="cond" truecount="0" falsecount="1"/>
        <line num="219" count="0" type="stmt"/>
        <line num="220" count="0" type="stmt"/>
        <line num="221" count="1" type="cond" truecount="0" falsecount="1"/>
        <line num="222" count="0" type="stmt"/>
        <line num="223" count="0" type="stmt"/>
        <line num="224" count="1" type="stmt"/>
        <line num="225" count="1" type="stmt"/>
        <line num="227" count="6" type="cond" truecount="1" falsecount="0"/>
        <line num="228" count="6" type="stmt"/>
        <line num="229" count="6" type="cond" truecount="2" falsecount="0"/>
        <line num="231" count="2" type="stmt"/>
        <line num="232" count="6" type="cond" truecount="1" falsecount="0"/>
        <line num="233" count="2" type="stmt"/>
        <line num="235" count="2" type="cond" truecount="3" falsecount="0"/>
        <line num="236" count="1" type="stmt"/>
        <line num="237" count="1" type="stmt"/>
        <line num="238" count="2" type="cond" truecount="2" falsecount="0"/>
        <line num="240" count="1" type="stmt"/>
        <line num="241" count="1" type="cond" truecount="1" falsecount="1"/>
        <line num="242" count="1" type="stmt"/>
        <line num="243" count="1" type="stmt"/>
        <line num="244" count="1" type="stmt"/>
        <line num="245" count="2" type="cond" truecount="0" falsecount="1"/>
        <line num="246" count="0" type="cond" truecount="0" falsecount="1"/>
        <line num="247" count="0" type="stmt"/>
        <line num="248" count="0" type="stmt"/>
      </file>
      <file name="errors.ts" path="/home/user/documentation-reader-corrector/src/openai/errors.ts">
        <metrics statements="50" coveredstatements="41" conditionals="10" coveredconditionals="10" methods="11" coveredmethods="10"/>
        <line num="1" count="1" type="cond" truecount="1" falsecount="0"/>
        <line num="2" count="1" type="stmt"/>
        <line num="3" count="1" type="stmt"/>
        <line num="4" count="1" type="cond" truecount="1" falsecount="0"/>
        <line num="5" count="1" type="stmt"/>
        <line num="6" count="1" type="stmt"/>
        <line num="7" count="1" type="stmt"/>
        <line num="8" count="1" type="stmt"/>
        <line num="10" count="1" type="stmt"/>
        <line num="11" count="0" type="stmt"/>
        <line num="12" count="0" type="stmt"/>
        <line num="13" count="0" type="stmt"/>
        <line num="14" count="0" type="stmt"/>
        <line num="15" count="0" type="stmt"/>
        <line num="16" count="0" type="stmt"/>
        <line num="17" count="0" type="stmt"/>
        <line num="18" count="0" type="stmt"/>
        <line num="19" count="0" type="stmt"/>
        <line num="21" count="1" type="cond" truecount="1" falsecount="0"/>
        <line num="22" count="1" type="stmt"/>
        <line num="23" count="1" type="stmt"/>
        <line num="24" count="1" type="cond" truecount="1" falsecount="0"/>
        <line num="25" count="1" type="stmt"/>
        <line num="26" count="1" type="stmt"/>
        <line num="27" count="1" type="stmt"/>
        <line num="28" count="1" type="stmt"/>
        <line num="30" count="1" type="cond" truecount="1" falsecount="0"/>
        <line num="31" count="1" type="stmt"/>
        <line num="32" count="1" type="stmt"/>
        <line num="33" count="1" type="cond" truecount="1" falsecount="0"/>
        <line num="34" count="1" type="stmt"/>
        <line num="35" count="1" type="stmt"/>
        <line num="36" count="1" type="stmt"/>
        <line num="37" count="1" type="stmt"/>
        <line num="38" count="1" type="stmt"/>
        <line num="40" count="1" type="cond" truecount="1" falsecount="0"/>
        <line num="41" count="1" type="stmt"/>
        <line num="42" count="1" type="cond" truecount="1" falsecount="0"/>
        <line num="43" count="1" type="stmt"/>
        <line num="44" count="1" type="stmt"/>
        <line num="45" count="1" type="stmt"/>
        <line num="46" count="1" type="stmt"/>
        <line num="48" count="1" type="cond" truecount="1" falsecount="0"/>
        <line num="49" count="1" type="stmt"/>
        <line num="50" count="1" type="stmt"/>
        <line num="51" count="1" type="cond" truecount="1" falsecount="0"/>
        <line num="52" count="1" type="stmt"/>
        <line num="53" count="1" type="stmt"/>
        <line num="54" count="1" type="stmt"/>
        <line num="55" count="1" type="stmt"/>
      </file>
      <file name="logger.ts" path="/home/user/documentation-reader-corrector/src/openai/logger.ts">
        <metrics statements="44" coveredstatements="42" conditionals="22" coveredconditionals="19" methods="7" coveredmethods="7"/>
        <line num="3" count="1" type="stmt"/>
        <line num="4" count="1" type="stmt"/>
        <line num="5" count="1" type="stmt"/>
        <line num="6" count="1" type="stmt"/>
        <line num="7" count="1" type="stmt"/>
        <line num="8" count="1" type="stmt"/>
        <line num="10" count="63" type="cond" truecount="1" falsecount="0"/>
        <line num="11" count="63" type="cond" truecount="1" falsecount="0"/>
        <line num="12" count="63" type="cond" truecount="1" falsecount="3"/>
        <line num="13" count="0" type="stmt"/>
        <line num="14" count="0" type="stmt"/>
        <line num="16" count="282" type="cond" truecount="1" falsecount="0"/>
        <line num="17" count="282" type="cond" truecount="1" falsecount="0"/>
        <line num="18" count="101" type="stmt"/>
        <line num="19" count="101" type="cond" truecount="1" falsecount="0"/>
        <line num="20" count="181" type="stmt"/>
        <line num="21" count="181" type="stmt"/>
        <line num="23" count="1" type="stmt"/>
        <line num="24" count="1" type="cond" truecount="1" falsecount="0"/>
        <line num="25" count="63" type="stmt"/>
        <line num="26" count="63" type="cond" truecount="2" falsecount="0"/>
        <line num="27" count="54" type="stmt"/>
        <line num="28" count="63" type="cond" truecount="2" falsecount="0"/>
        <line num="29" count="54" type="stmt"/>
        <line num="30" count="54" type="stmt"/>
        <line num="31" count="54" type="stmt"/>
        <line num="32" count="54" type="stmt"/>
        <line num="33" count="54" type="stmt"/>
        <line num="34" count="54" type="stmt"/>
        <line num="36" count="63" type="cond" truecount="4" falsecount="0"/>
        <line num="37" count="63" type="stmt"/>
        <line num="38" count="1" type="cond" truecount="1" falsecount="0"/>
        <line num="39" count="10" type="stmt"/>
        <line num="40" count="10" type="stmt"/>
        <line num="41" count="1" type="cond" truecount="1" falsecount="0"/>
        <line num="42" count="45" type="stmt"/>
        <line num="43" count="45" type="stmt"/>
        <line num="44" count="1" type="cond" truecount="1" falsecount="0"/>
        <line num="45" count="7" type="stmt"/>
        <line num="46" count="7" type="stmt"/>
        <line num="47" count="1" type="cond" truecount="1" falsecount="0"/>
        <line num="48" count="1" type="stmt"/>
        <line num="49" count="1" type="stmt"/>
        <line num="50" count="1" type="stmt"/>
      </file>
      <file name="pricing.ts" path="/home/user/documentation-reader-corrector/src/openai/pricing.ts">
        <metrics statements="35" coveredstatements="23" conditionals="7" coveredconditionals="3" methods="2" coveredmethods="2"/>
        <line num="11" count="1" type="stmt"/>
        <line num="14" count="1" type="stmt"/>
        <line num="16" count="1" type="stmt"/>
        <line num="20" count="1" type="stmt"/>
        <line num="22" count="1" type="stmt"/>
        <line num="24" count="1" type="stmt"/>
        <line num="25" count="1" type="stmt"/>
        <line num="28" count="1" type="stmt"/>
        <line num="30" count="1" type="cond" truecount="0" falsecount="1"/>
        <line num="31" count="0" type="stmt"/>
        <line num="32" count="1" type="stmt"/>
        <line num="33" count="1" type="stmt"/>
        <line num="37" count="1" type="cond" truecount="1" falsecount="0"/>
        <line num="39" count="11" type="cond" truecount="1" falsecount="0"/>
        <line num="41" count="11" type="cond" truecount="0" falsecount="1"/>
        <line num="44" count="0" type="stmt"/>
        <line num="45" count="0" type="stmt"/>
        <line num="46" count="0" type="stmt"/>
        <line num="49" count="0" type="stmt"/>
        <line num="50" count="0" type="stmt"/>
        <line num="51" count="0" type="stmt"/>
        <line num="52" count="0" type="stmt"/>
        <line num="54" count="1" type="cond" truecount="1" falsecount="0"/>
        <line num="58" count="11" type="stmt"/>
        <line num="59" count="11" type="stmt"/>
        <line num="60" count="11" type="stmt"/>
        <line num="62" count="11" type="cond" truecount="0" falsecount="1"/>
        <line num="63" count="0" type="stmt"/>
        <line num="64" count="0" type="stmt"/>
        <line num="65" count="11" type="cond" truecount="0" falsecount="1"/>
        <line num="66" count="0" type="stmt"/>
        <line num="67" count="0" type="stmt"/>
        <line num="69" count="11" type="stmt"/>
        <line num="70" count="11" type="stmt"/>
        <line num="71" count="11" type="stmt"/>
      </file>
    </package>
    <package name="src.prompts">
      <metrics statements="255" coveredstatements="25" conditionals="6" coveredconditionals="1" methods="6" coveredmethods="1"/>
      <file name="correction.ts" path="/home/user/documentation-reader-corrector/src/prompts/correction.ts">
        <metrics statements="25" coveredstatements="25" conditionals="1" coveredconditionals="1" methods="1" coveredmethods="1"/>
        <line num="1" count="1" type="stmt"/>
        <line num="10" count="1" type="cond" truecount="1" falsecount="0"/>
        <line num="11" count="2" type="stmt"/>
        <line num="12" count="2" type="stmt"/>
        <line num="13" count="2" type="stmt"/>
        <line num="14" count="2" type="stmt"/>
        <line num="15" count="2" type="stmt"/>
        <line num="16" count="2" type="stmt"/>
        <line num="17" count="2" type="stmt"/>
        <line num="18" count="2" type="stmt"/>
        <line num="19" count="2" type="stmt"/>
        <line num="20" count="2" type="stmt"/>
        <line num="21" count="2" type="stmt"/>
        <line num="22" count="2" type="stmt"/>
        <line num="23" count="2" type="stmt"/>
        <line num="24" count="2" type="stmt"/>
        <line num="25" count="2" type="stmt"/>
        <line num="26" count="2" type="stmt"/>
        <line num="27" count="2" type="stmt"/>
        <line num="28" count="2" type="stmt"/>
        <line num="29" count="2" type="stmt"/>
        <line num="30" count="2" type="stmt"/>
        <line num="31" count="2" type="stmt"/>
        <line num="32" count="2" type="stmt"/>
        <line num="33" count="2" type="stmt"/>
      </file>
      <file name="docs.ts" path="/home/user/documentation-reader-corrector/src/prompts/docs.ts">
        <metrics statements="128" coveredstatements="0" conditionals="1" coveredconditionals="0" methods="1" coveredmethods="0"/>
        <line num="1" count="0" type="cond" truecount="0" falsecount="1"/>
        <line num="2" count="0" type="stmt"/>
        <line num="4" count="0" type="stmt"/>
        <line num="6" count="0" type="stmt"/>
        <line num="11" count="0" type="stmt"/>
        <line num="12" count="0" type="stmt"/>
        <line num="13" count="0" type="stmt"/>
        <line num="14" count="0" type="stmt"/>
        <line num="15" count="0" type="stmt"/>
        <line num="16" count="0" type="stmt"/>
        <line num="17" count="0" type="stmt"/>
        <line num="27" count="0" type="stmt"/>
        <line num="28" count="0" type="stmt"/>
        <line num="29" count="0" type="stmt"/>
        <line num="30" count="0" type="stmt"/>
        <line num="31" count="0" type="stmt"/>
        <line num="32" count="0" type="stmt"/>
        <line num="33" count="0" type="stmt"/>
        <line num="34" count="0" type="stmt"/>
        <line num="35" count="0" type="stmt"/>
        <line num="36" count="0" type="stmt"/>
        <line num="37" count="0" type="stmt"/>
        <line num="38" count="0" type="stmt"/>
        <line num="39" count="0" type="stmt"/>
        <line num="40" count="0" type="stmt"/>
        <line num="41" count="0" type="stmt"/>
        <line num="42" count="0" type="stmt"/>
        <line num="43" count="0" type="stmt"/>
        <line num="44" count="0" type="stmt"/>
        <line num="45" count="0" type="stmt"/>
        <line num="46" count="0" type="stmt"/>
        <line num="47" count="0" type="stmt"/>
        <line num="48" count="0" type="stmt"/>
        <line num="50" count="0" type="stmt"/>
        <line num="51" count="0" type="stmt"/>
        <line num="52" count="0" type="stmt"/>
        <line num="53" count="0" type="stmt"/>
        <line num="54" count="0" type="stmt"/>
        <line num="55" count="0" type="stmt"/>
        <line num="56" count="0" type="stmt"/>
        <line num="57" count="0" type="stmt"/>
        <line num="58" count="0" type="stmt"/>
        <line num="59" count="0" type="stmt"/>
        <line num="60" count="0" type="stmt"/>
        <line num="62" count="0" type="stmt"/>
        <line num="63" count="0" type="stmt"/>
        <line num="64" count="0" type="stmt"/>
        <line num="65" count="0" type="stmt"/>
        <line num="66" count="0" type="stmt"/>
        <line num="71" count="0" type="stmt"/>
        <line num="72" count="0" type="stmt"/>
        <line num="73" count="0" type="stmt"/>
        <line num="74" count="0" type="stmt"/>
        <line num="75" count="0" type="stmt"/>
        <line num="76" count="0" type="stmt"/>
        <line num="78" count="0" type="stmt"/>
        <line num="79" count="0" type="stmt"/>
        <line num="80" count="0" type="stmt"/>
        <line num="81" count="0" type="stmt"/>
        <line num="82" count="0" type="stmt"/>
        <line num="83" count="0" type="stmt"/>
        <line num="94" count="0" type="stmt"/>
        <line num="95" count="0" type="stmt"/>
        <line num="96" count="0" type="stmt"/>
        <line num="97" count="0" type="stmt"/>
        <line num="98" count="0" type="stmt"/>
        <line num="99" count="0" type="stmt"/>
        <line num="100" count="0" type="stmt"/>
        <line num="101" count="0" type="stmt"/>
        <line num="102" count="0" type="stmt"/>
        <line num="103" count="0" type="stmt"/>
        <line num="104" count="0" type="stmt"/>
        <line num="105" count="0" type="stmt"/>
        <line num="106" count="0" type="stmt"/>
        <line num="107" count="0" type="stmt"/>
        <line num="108" count="0" type="stmt"/>
        <line num="109" count="0" type="stmt"/>
        <line num="110" count="0" type="stmt"/>
        <line num="111" count="0" type="stmt"/>
        <line num="112" count="0" type="stmt"/>
        <line num="114" count="0" type="stmt"/>
        <line num="115" count="0" type="stmt"/>
        <line num="116" count="0" type="stmt"/>
        <line num="117" count="0" type="stmt"/>
        <line num="118" count="0" type="stmt"/>
        <line num="119" count="0" type="stmt"/>
        <line num="120" count="0" type="stmt"/>
        <line num="121" count="0" type="stmt"/>
        <line num="122" count="0" type="stmt"/>
        <line num="124" count="0" type="stmt"/>
        <line num="125" count="0" type="stmt"/>
        <line num="126" count="0" type="stmt"/>
        <line num="127" count="0" type="stmt"/>
        <line num="128" count="0" type="stmt"/>
        <line num="129" count="0" type="stmt"/>
        <line num="130" count="0" type="stmt"/>
        <line num="131" count="0" type="stmt"/>
        <line num="132" count="0" type="stmt"/>
        <line num="133" count="0" type="stmt"/>
        <line num="134" count="0" type="stmt"/>
        <line num="135" count="0" type="stmt"/>
        <line num="136" count="0" type="stmt"/>
        <line num="137" count="0" type="stmt"/>
        <line num="138" count="0" type="stmt"/>
        <line num="139" count="0" type="stmt"/>
        <line num="140" count="0" type="stmt"/>
        <line num="141" count="0" type="stmt"/>
        <line num="142" count="0" type="stmt"/>
        <line num="143" count="0" type="stmt"/>
        <line num="145" count="0" type="stmt"/>
        <line num="146" count="0" type="stmt"/>
        <line num="147" count="0" type="stmt"/>
        <line num="148" count="0" type="stmt"/>
        <line num="149" count="0" type="stmt"/>
        <line num="150" count="0" type="stmt"/>
        <line num="151" count="0" type="stmt"/>
        <line num="152" count="0" type="stmt"/>
        <line num="153" count="0" type="stmt"/>
        <line num="154" count="0" type="stmt"/>
        <line num="155" count="0" type="stmt"/>
        <line num="157" count="0" type="stmt"/>
        <line num="158" count="0" type="stmt"/>
        <line num="159" count="0" type="stmt"/>
        <line num="160" count="0" type="stmt"/>
        <line num="161" count="0" type="stmt"/>
        <line num="162" count="0" type="stmt"/>
        <line num="163" count="0" type="stmt"/>
        <line num="164" count="0" type="stmt"/>
      </file>
      <file name="index.ts" path="/home/user/documentation-reader-corrector/src/prompts/index.ts">
        <metrics statements="5" coveredstatements="0" conditionals="1" coveredconditionals="0" methods="1" coveredmethods="0"/>
        <line num="1" count="0" type="cond" truecount="0" falsecount="1"/>
        <line num="2" count="0" type="stmt"/>
        <line num="3" count="0" type="stmt"/>
        <line num="4" count="0" type="stmt"/>
        <line num="5" count="0" type="stmt"/>
      </file>
      <file name="patterns.ts" path="/home/user/documentation-reader-corrector/src/prompts/patterns.ts">
        <metrics statements="51" coveredstatements="0" conditionals="1" coveredconditionals="0" methods="1" coveredmethods="0"/>
        <line num="1" count="0" type="cond" truecount="0" falsecount="1"/>
        <line num="2" count="0" type="stmt"/>
        <line num="4" count="0" type="stmt"/>
        <line num="6" count="0" type="stmt"/>
        <line num="11" count="0" type="stmt"/>
        <line num="12" count="0" type="stmt"/>
        <line num="13" count="0" type="stmt"/>
        <line num="15" count="0" type="stmt"/>
        <line num="16" count="0" type="stmt"/>
        <line num="17" count="0" type="stmt"/>
        <line num="19" count="0" type="stmt"/>
        <line num="20" count="0" type="stmt"/>
        <line num="21" count="0" type="stmt"/>
        <line num="22" count="0" type="stmt"/>
        <line num="23" count="0" type="stmt"/>
        <line num="27" count="0" type="stmt"/>
        <line num="28" count="0" type="stmt"/>
        <line num="29" count="0" type="stmt"/>
        <line num="30" count="0" type="stmt"/>
        <line num="31" count="0" type="stmt"/>
        <line num="32" count="0" type="stmt"/>
        <line num="33" count="0" type="stmt"/>
        <line num="34" count="0" type="stmt"/>
        <line num="35" count="0" type="stmt"/>
        <line num="36" count="0" type="stmt"/>
        <line num="37" count="0" type="stmt"/>
        <line num="38" count="0" type="stmt"/>
        <line num="39" count="0" type="stmt"/>
        <line num="40" count="0" type="stmt"/>
        <line num="41" count="0" type="stmt"/>
        <line num="42" count="0" type="stmt"/>
        <line num="43" count="0" type="stmt"/>
        <line num="44" count="0" type="stmt"/>
        <line num="45" count="0" type="stmt"/>
        <line num="46" count="0" type="stmt"/>
        <line num="48" count="0" type="stmt"/>
        <line num="49" count="0" type="stmt"/>
        <line num="50" count="0" type="stmt"/>
        <line num="51" count="0" type="stmt"/>
        <line num="52" count="0" type="stmt"/>
        <line num="53" count="0" type="stmt"/>
        <line num="54" count="0" type="stmt"/>
        <line num="55" count="0" type="stmt"/>
        <line num="56" count="0" type="stmt"/>
        <line num="57" count="0" type="stmt"/>
        <line num="58" count="0" type="stmt"/>
        <line num="60" count="0" type="stmt"/>
        <line num="61" count="0" type="stmt"/>
        <line num="62" count="0" type="stmt"/>
        <line num="63" count="0" type="stmt"/>
        <line num="64" count="0" type="stmt"/>
      </file>
      <file name="types.ts" path="/home/user/documentation-reader-corrector/src/prompts/types.ts">
        <metrics statements="2" coveredstatements="0" conditionals="1" coveredconditionals="0" methods="1" coveredmethods="0"/>
        <line num="1" count="0" type="cond" truecount="0" falsecount="1"/>
        <line num="3" count="0" type="stmt"/>
      </file>
      <file name="utils.ts" path="/home/user/documentation-reader-corrector/src/prompts/utils.ts">
        <metrics statements="44" coveredstatements="0" conditionals="1" coveredconditionals="0" methods="1" coveredmethods="0"/>
        <line num="1" count="0" type="cond" truecount="0" falsecount="1"/>
        <line num="2" count="0" type="stmt"/>
        <line num="5" count="0" type="stmt"/>
        <line num="9" count="0" type="stmt"/>
        <line num="10" count="0" type="stmt"/>
        <line num="11" count="0" type="stmt"/>
        <line num="12" count="0" type="stmt"/>
        <line num="18" count="0" type="stmt"/>
        <line num="19" count="0" type="stmt"/>
        <line num="20" count="0" type="stmt"/>
        <line num="21" count="0" type="stmt"/>
        <line num="22" count="0" type="stmt"/>
        <line num="23" count="0" type="stmt"/>
        <line num="24" count="0" type="stmt"/>
        <line num="25" count="0" type="stmt"/>
        <line num="38" count="0" type="stmt"/>
        <line num="39" count="0" type="stmt"/>
        <line num="40" count="0" type="stmt"/>
        <line num="41" count="0" type="stmt"/>
        <line num="42" count="0" type="stmt"/>
        <line num="43" count="0" type="stmt"/>
        <line num="44" count="0" type="stmt"/>
        <line num="45" count="0" type="stmt"/>
        <line num="46" count="0" type="stmt"/>
        <line num="47" count="0" type="stmt"/>
        <line num="48" count="0" type="stmt"/>
        <line num="49" count="0" type="stmt"/>
        <line num="50" count="0" type="stmt"/>
        <line num="51" count="0" type="stmt"/>
        <line num="62" count="0" type="stmt"/>
        <line num="63" count="0" type="stmt"/>
        <line num="64" count="0" type="stmt"/>
        <line num="65" count="0" type="stmt"/>
        <line num="67" count="0" type="stmt"/>
        <line num="68" count="0" type="stmt"/>
        <line num="69" count="0" type="stmt"/>
        <line num="70" count="0" type="stmt"/>
        <line num="71" count="0" type="stmt"/>
        <line num="72" count="0" type="stmt"/>
        <line num="73" count="0" type="stmt"/>
        <line num="79" count="0" type="stmt"/>
        <line num="82" count="0" type="stmt"/>
        <line num="83" count="0" type="stmt"/>
        <line num="84" count="0" type="stmt"/>
      </file>
    </package>
  </project>
</coverage>
