{"/home/user/documentation-reader-corrector/examples/langchain/poc_correction_analysis.mjs": {"path":"/home/user/documentation-reader-corrector/examples/langchain/poc_correction_analysis.mjs","all":true,"statementMap":{"0":{"start":{"line":1,"column":0},"end":{"line":1,"column":53}},"1":{"start":{"line":2,"column":0},"end":{"line":2,"column":97}},"3":{"start":{"line":4,"column":0},"end":{"line":4,"column":47}},"4":{"start":{"line":5,"column":0},"end":{"line":5,"column":74}},"5":{"start":{"line":6,"column":0},"end":{"line":6,"column":67}},"7":{"start":{"line":8,"column":0},"end":{"line":8,"column":71}},"8":{"start":{"line":9,"column":0},"end":{"line":9,"column":17}},"9":{"start":{"line":10,"column":0},"end":{"line":10,"column":46}},"10":{"start":{"line":11,"column":0},"end":{"line":11,"column":53}},"11":{"start":{"line":12,"column":0},"end":{"line":12,"column":2}},"13":{"start":{"line":14,"column":0},"end":{"line":14,"column":73}},"14":{"start":{"line":15,"column":0},"end":{"line":15,"column":53}},"15":{"start":{"line":16,"column":0},"end":{"line":16,"column":88}},"16":{"start":{"line":17,"column":0},"end":{"line":17,"column":33}},"17":{"start":{"line":18,"column":0},"end":{"line":18,"column":1}},"19":{"start":{"line":20,"column":0},"end":{"line":20,"column":67}},"21":{"start":{"line":22,"column":0},"end":{"line":22,"column":60}},"22":{"start":{"line":23,"column":0},"end":{"line":23,"column":30}},"23":{"start":{"line":24,"column":0},"end":{"line":24,"column":19}},"24":{"start":{"line":25,"column":0},"end":{"line":25,"column":19}},"25":{"start":{"line":26,"column":0},"end":{"line":26,"column":16}},"26":{"start":{"line":27,"column":0},"end":{"line":27,"column":18}},"27":{"start":{"line":28,"column":0},"end":{"line":28,"column":3}},"29":{"start":{"line":30,"column":0},"end":{"line":30,"column":50}},"31":{"start":{"line":32,"column":0},"end":{"line":32,"column":23}},"32":{"start":{"line":33,"column":0},"end":{"line":33,"column":17}},"33":{"start":{"line":34,"column":0},"end":{"line":34,"column":70}},"34":{"start":{"line":35,"column":0},"end":{"line":35,"column":79}},"35":{"start":{"line":36,"column":0},"end":{"line":36,"column":41}},"36":{"start":{"line":37,"column":0},"end":{"line":37,"column":43}},"37":{"start":{"line":38,"column":0},"end":{"line":38,"column":36}},"38":{"start":{"line":39,"column":0},"end":{"line":39,"column":4}},"40":{"start":{"line":41,"column":0},"end":{"line":41,"column":75}},"41":{"start":{"line":42,"column":0},"end":{"line":42,"column":65}},"42":{"start":{"line":43,"column":0},"end":{"line":43,"column":72}},"43":{"start":{"line":44,"column":0},"end":{"line":44,"column":76}},"44":{"start":{"line":45,"column":0},"end":{"line":45,"column":48}},"46":{"start":{"line":47,"column":0},"end":{"line":47,"column":27}},"47":{"start":{"line":48,"column":0},"end":{"line":48,"column":43}},"48":{"start":{"line":49,"column":0},"end":{"line":49,"column":39}},"50":{"start":{"line":51,"column":0},"end":{"line":51,"column":78}},"51":{"start":{"line":52,"column":0},"end":{"line":52,"column":92}},"52":{"start":{"line":53,"column":0},"end":{"line":53,"column":62}},"53":{"start":{"line":54,"column":0},"end":{"line":54,"column":75}},"54":{"start":{"line":55,"column":0},"end":{"line":55,"column":57}},"55":{"start":{"line":56,"column":0},"end":{"line":56,"column":65}},"56":{"start":{"line":57,"column":0},"end":{"line":57,"column":14}},"57":{"start":{"line":58,"column":0},"end":{"line":58,"column":52}},"58":{"start":{"line":59,"column":0},"end":{"line":59,"column":66}},"59":{"start":{"line":60,"column":0},"end":{"line":60,"column":18}},"61":{"start":{"line":62,"column":0},"end":{"line":62,"column":17}},"62":{"start":{"line":63,"column":0},"end":{"line":63,"column":40}},"63":{"start":{"line":64,"column":0},"end":{"line":64,"column":45}},"64":{"start":{"line":65,"column":0},"end":{"line":65,"column":40}},"65":{"start":{"line":66,"column":0},"end":{"line":66,"column":84}},"66":{"start":{"line":67,"column":0},"end":{"line":67,"column":1}},"68":{"start":{"line":69,"column":0},"end":{"line":69,"column":23}},"69":{"start":{"line":70,"column":0},"end":{"line":70,"column":40}},"70":{"start":{"line":71,"column":0},"end":{"line":71,"column":52}},"71":{"start":{"line":72,"column":0},"end":{"line":72,"column":18}},"72":{"start":{"line":73,"column":0},"end":{"line":73,"column":3}}},"s":{"0":0,"1":0,"3":0,"4":0,"5":0,"7":0,"8":0,"9":0,"10":0,"11":0,"13":0,"14":0,"15":0,"16":0,"17":0,"19":0,"21":0,"22":0,"23":0,"24":0,"25":0,"26":0,"27":0,"29":0,"31":0,"32":0,"33":0,"34":0,"35":0,"36":0,"37":0,"38":0,"40":0,"41":0,"42":0,"43":0,"44":0,"46":0,"47":0,"48":0,"50":0,"51":0,"52":0,"53":0,"54":0,"55":0,"56":0,"57":0,"58":0,"59":0,"61":0,"62":0,"63":0,"64":0,"65":0,"66":0,"68":0,"69":0,"70":0,"71":0,"72":0},"branchMap":{"0":{"type":"branch","line":1,"loc":{"start":{"line":1,"column":153},"end":{"line":73,"column":-170}},"locations":[{"start":{"line":1,"column":153},"end":{"line":73,"column":-170}}]}},"b":{"0":[0]},"fnMap":{"0":{"name":"(empty-report)","decl":{"start":{"line":1,"column":153},"end":{"line":73,"column":-170}},"loc":{"start":{"line":1,"column":153},"end":{"line":73,"column":-170}},"line":1}},"f":{"0":0}}
,"/home/user/documentation-reader-corrector/src/index.ts": {"path":"/home/user/documentation-reader-corrector/src/index.ts","all":true,"statementMap":{"0":{"start":{"line":1,"column":0},"end":{"line":1,"column":50}},"1":{"start":{"line":2,"column":0},"end":{"line":2,"column":66}},"2":{"start":{"line":3,"column":0},"end":{"line":3,"column":35}},"3":{"start":{"line":4,"column":0},"end":{"line":4,"column":8}},"12":{"start":{"line":13,"column":0},"end":{"line":13,"column":75}},"13":{"start":{"line":14,"column":0},"end":{"line":14,"column":35}}},"s":{"0":0,"1":0,"2":0,"3":0,"12":0,"13":0},"branchMap":{"0":{"type":"branch","line":1,"loc":{"start":{"line":1,"column":501},"end":{"line":14,"column":35}},"locations":[{"start":{"line":1,"column":501},"end":{"line":14,"column":35}}]}},"b":{"0":[0]},"fnMap":{"0":{"name":"(empty-report)","decl":{"start":{"line":1,"column":501},"end":{"line":14,"column":35}},"loc":{"start":{"line":1,"column":501},"end":{"line":14,"column":35}},"line":1}},"f":{"0":0}}
,"/home/user/documentation-reader-corrector/src/openaiClient.js": {"path":"/home/user/documentation-reader-corrector/src/openaiClient.js","all":true,"statementMap":{"0":{"start":{"line":1,"column":0},"end":{"line":1,"column":28}},"1":{"start":{"line":2,"column":0},"end":{"line":2,"column":53}},"3":{"start":{"line":4,"column":0},"end":{"line":4,"column":24}},"5":{"start":{"line":6,"column":0},"end":{"line":6,"column":3}},"6":{"start":{"line":7,"column":0},"end":{"line":7,"column":77}},"7":{"start":{"line":8,"column":0},"end":{"line":8,"column":66}},"8":{"start":{"line":9,"column":0},"end":{"line":9,"column":2}},"9":{"start":{"line":10,"column":0},"end":{"line":10,"column":35}},"10":{"start":{"line":11,"column":0},"end":{"line":11,"column":40}},"12":{"start":{"line":13,"column":0},"end":{"line":13,"column":44}},"13":{"start":{"line":14,"column":0},"end":{"line":14,"column":16}},"14":{"start":{"line":15,"column":0},"end":{"line":15,"column":20}},"15":{"start":{"line":16,"column":0},"end":{"line":16,"column":155}},"16":{"start":{"line":17,"column":0},"end":{"line":17,"column":6}},"17":{"start":{"line":18,"column":0},"end":{"line":18,"column":3}},"19":{"start":{"line":20,"column":0},"end":{"line":20,"column":40}},"20":{"start":{"line":21,"column":0},"end":{"line":21,"column":22}},"21":{"start":{"line":22,"column":0},"end":{"line":22,"column":1}},"23":{"start":{"line":24,"column":0},"end":{"line":24,"column":3}},"24":{"start":{"line":25,"column":0},"end":{"line":25,"column":66}},"25":{"start":{"line":26,"column":0},"end":{"line":26,"column":74}},"26":{"start":{"line":27,"column":0},"end":{"line":27,"column":32}},"27":{"start":{"line":28,"column":0},"end":{"line":28,"column":26}},"28":{"start":{"line":29,"column":0},"end":{"line":29,"column":2}},"29":{"start":{"line":30,"column":0},"end":{"line":30,"column":40}},"30":{"start":{"line":31,"column":0},"end":{"line":31,"column":93}},"31":{"start":{"line":32,"column":0},"end":{"line":32,"column":50}},"32":{"start":{"line":33,"column":0},"end":{"line":33,"column":20}},"33":{"start":{"line":34,"column":0},"end":{"line":34,"column":49}},"35":{"start":{"line":36,"column":0},"end":{"line":36,"column":7}},"36":{"start":{"line":37,"column":0},"end":{"line":37,"column":30}},"37":{"start":{"line":38,"column":0},"end":{"line":38,"column":42}},"38":{"start":{"line":39,"column":0},"end":{"line":39,"column":60}},"39":{"start":{"line":40,"column":0},"end":{"line":40,"column":6}},"40":{"start":{"line":41,"column":0},"end":{"line":41,"column":16}},"41":{"start":{"line":42,"column":0},"end":{"line":42,"column":19}},"42":{"start":{"line":43,"column":0},"end":{"line":43,"column":109}},"43":{"start":{"line":44,"column":0},"end":{"line":44,"column":75}},"44":{"start":{"line":45,"column":0},"end":{"line":45,"column":3}},"45":{"start":{"line":46,"column":0},"end":{"line":46,"column":1}},"47":{"start":{"line":48,"column":0},"end":{"line":48,"column":16}},"48":{"start":{"line":49,"column":0},"end":{"line":49,"column":18}},"49":{"start":{"line":50,"column":0},"end":{"line":50,"column":17}},"50":{"start":{"line":51,"column":0},"end":{"line":51,"column":2}}},"s":{"0":0,"1":0,"3":0,"5":0,"6":0,"7":0,"8":0,"9":0,"10":0,"12":0,"13":0,"14":0,"15":0,"16":0,"17":0,"19":0,"20":0,"21":0,"23":0,"24":0,"25":0,"26":0,"27":0,"28":0,"29":0,"30":0,"31":0,"32":0,"33":0,"35":0,"36":0,"37":0,"38":0,"39":0,"40":0,"41":0,"42":0,"43":0,"44":0,"45":0,"47":0,"48":0,"49":0,"50":0},"branchMap":{"0":{"type":"branch","line":1,"loc":{"start":{"line":1,"column":1561},"end":{"line":51,"column":2}},"locations":[{"start":{"line":1,"column":1561},"end":{"line":51,"column":2}}]}},"b":{"0":[0]},"fnMap":{"0":{"name":"(empty-report)","decl":{"start":{"line":1,"column":1561},"end":{"line":51,"column":2}},"loc":{"start":{"line":1,"column":1561},"end":{"line":51,"column":2}},"line":1}},"f":{"0":0}}
,"/home/user/documentation-reader-corrector/src/analysis/correction/chain.ts": {"path":"/home/user/documentation-reader-corrector/src/analysis/correction/chain.ts","all":false,"statementMap":{"0":{"start":{"line":1,"column":0},"end":{"line":1,"column":47}},"1":{"start":{"line":2,"column":0},"end":{"line":2,"column":72}},"2":{"start":{"line":3,"column":0},"end":{"line":3,"column":101}},"3":{"start":{"line":4,"column":0},"end":{"line":4,"column":74}},"4":{"start":{"line":5,"column":0},"end":{"line":5,"column":70}},"5":{"start":{"line":6,"column":0},"end":{"line":6,"column":69}},"6":{"start":{"line":7,"column":0},"end":{"line":7,"column":70}},"7":{"start":{"line":8,"column":0},"end":{"line":8,"column":109}},"29":{"start":{"line":30,"column":0},"end":{"line":30,"column":85}},"30":{"start":{"line":31,"column":0},"end":{"line":31,"column":76}},"31":{"start":{"line":32,"column":0},"end":{"line":32,"column":46}},"32":{"start":{"line":33,"column":0},"end":{"line":33,"column":42}},"33":{"start":{"line":34,"column":0},"end":{"line":34,"column":43}},"35":{"start":{"line":36,"column":0},"end":{"line":36,"column":80}},"36":{"start":{"line":37,"column":0},"end":{"line":37,"column":47}},"37":{"start":{"line":38,"column":0},"end":{"line":38,"column":58}},"38":{"start":{"line":39,"column":0},"end":{"line":39,"column":113}},"39":{"start":{"line":40,"column":0},"end":{"line":40,"column":78}},"41":{"start":{"line":42,"column":0},"end":{"line":42,"column":39}},"43":{"start":{"line":44,"column":0},"end":{"line":44,"column":48}},"44":{"start":{"line":45,"column":0},"end":{"line":45,"column":47}},"45":{"start":{"line":46,"column":0},"end":{"line":46,"column":37}},"46":{"start":{"line":47,"column":0},"end":{"line":47,"column":33}},"47":{"start":{"line":48,"column":0},"end":{"line":48,"column":33}},"48":{"start":{"line":49,"column":0},"end":{"line":49,"column":35}},"49":{"start":{"line":50,"column":0},"end":{"line":50,"column":58}},"50":{"start":{"line":51,"column":0},"end":{"line":51,"column":7}},"51":{"start":{"line":52,"column":0},"end":{"line":52,"column":11}},"52":{"start":{"line":53,"column":0},"end":{"line":53,"column":21}},"53":{"start":{"line":54,"column":0},"end":{"line":54,"column":11}},"54":{"start":{"line":55,"column":0},"end":{"line":55,"column":5}},"57":{"start":{"line":58,"column":0},"end":{"line":58,"column":57}},"58":{"start":{"line":59,"column":0},"end":{"line":59,"column":18}},"59":{"start":{"line":60,"column":0},"end":{"line":60,"column":1}},"61":{"start":{"line":62,"column":0},"end":{"line":62,"column":40}},"62":{"start":{"line":63,"column":0},"end":{"line":63,"column":33}},"63":{"start":{"line":64,"column":0},"end":{"line":64,"column":38}},"64":{"start":{"line":65,"column":0},"end":{"line":65,"column":32}},"65":{"start":{"line":66,"column":0},"end":{"line":66,"column":52}},"66":{"start":{"line":67,"column":0},"end":{"line":67,"column":43}},"68":{"start":{"line":69,"column":0},"end":{"line":69,"column":38}},"69":{"start":{"line":70,"column":0},"end":{"line":70,"column":1}}},"s":{"0":1,"1":1,"2":1,"3":1,"4":1,"5":1,"6":1,"7":1,"29":1,"30":2,"31":2,"32":2,"33":2,"35":2,"36":2,"37":2,"38":2,"39":2,"41":2,"43":2,"44":2,"45":2,"46":2,"47":2,"48":2,"49":2,"50":2,"51":2,"52":2,"53":2,"54":2,"57":2,"58":2,"59":2,"61":1,"62":1,"63":1,"64":1,"65":1,"66":1,"68":1,"69":1},"branchMap":{"0":{"type":"branch","line":30,"loc":{"start":{"line":30,"column":7},"end":{"line":60,"column":1}},"locations":[{"start":{"line":30,"column":7},"end":{"line":60,"column":1}}]},"1":{"type":"branch","line":38,"loc":{"start":{"line":38,"column":23},"end":{"line":38,"column":58}},"locations":[{"start":{"line":38,"column":23},"end":{"line":38,"column":58}}]},"2":{"type":"branch","line":39,"loc":{"start":{"line":39,"column":25},"end":{"line":39,"column":113}},"locations":[{"start":{"line":39,"column":25},"end":{"line":39,"column":113}}]},"3":{"type":"branch","line":44,"loc":{"start":{"line":44,"column":4},"end":{"line":51,"column":7}},"locations":[{"start":{"line":44,"column":4},"end":{"line":51,"column":7}}]},"4":{"type":"branch","line":47,"loc":{"start":{"line":47,"column":19},"end":{"line":47,"column":33}},"locations":[{"start":{"line":47,"column":19},"end":{"line":47,"column":33}}]},"5":{"type":"branch","line":48,"loc":{"start":{"line":48,"column":19},"end":{"line":48,"column":33}},"locations":[{"start":{"line":48,"column":19},"end":{"line":48,"column":33}}]},"6":{"type":"branch","line":49,"loc":{"start":{"line":49,"column":20},"end":{"line":49,"column":35}},"locations":[{"start":{"line":49,"column":20},"end":{"line":49,"column":35}}]},"7":{"type":"branch","line":62,"loc":{"start":{"line":62,"column":0},"end":{"line":70,"column":1}},"locations":[{"start":{"line":62,"column":0},"end":{"line":70,"column":1}}]}},"b":{"0":[2],"1":[0],"2":[0],"3":[2],"4":[1],"5":[1],"6":[1],"7":[1]},"fnMap":{"0":{"name":"createCorrectionAnalysisChain","decl":{"start":{"line":30,"column":7},"end":{"line":60,"column":1}},"loc":{"start":{"line":30,"column":7},"end":{"line":60,"column":1}},"line":30},"1":{"name":"analyzeCorrection","decl":{"start":{"line":62,"column":0},"end":{"line":70,"column":1}},"loc":{"start":{"line":62,"column":0},"end":{"line":70,"column":1}},"line":62}},"f":{"0":2,"1":1}}
,"/home/user/documentation-reader-corrector/src/analysis/correction/types.ts": {"path":"/home/user/documentation-reader-corrector/src/analysis/correction/types.ts","all":false,"statementMap":{"0":{"start":{"line":1,"column":0},"end":{"line":1,"column":24}},"3":{"start":{"line":4,"column":0},"end":{"line":4,"column":52}},"4":{"start":{"line":5,"column":0},"end":{"line":5,"column":20}},"5":{"start":{"line":6,"column":0},"end":{"line":6,"column":16}},"6":{"start":{"line":7,"column":0},"end":{"line":7,"column":24}},"7":{"start":{"line":8,"column":0},"end":{"line":8,"column":20}},"8":{"start":{"line":9,"column":0},"end":{"line":9,"column":10}},"9":{"start":{"line":10,"column":0},"end":{"line":10,"column":3}},"11":{"start":{"line":12,"column":0},"end":{"line":12,"column":50}},"12":{"start":{"line":13,"column":0},"end":{"line":13,"column":47}},"13":{"start":{"line":14,"column":0},"end":{"line":14,"column":39}},"14":{"start":{"line":15,"column":0},"end":{"line":15,"column":31}},"15":{"start":{"line":16,"column":0},"end":{"line":16,"column":20}},"16":{"start":{"line":17,"column":0},"end":{"line":17,"column":44}},"17":{"start":{"line":18,"column":0},"end":{"line":18,"column":44}},"18":{"start":{"line":19,"column":0},"end":{"line":19,"column":45}},"19":{"start":{"line":20,"column":0},"end":{"line":20,"column":5}},"20":{"start":{"line":21,"column":0},"end":{"line":21,"column":3}}},"s":{"0":1,"3":1,"4":1,"5":1,"6":1,"7":1,"8":1,"9":1,"11":1,"12":1,"13":1,"14":1,"15":1,"16":1,"17":1,"18":1,"19":1,"20":1},"branchMap":{},"b":{},"fnMap":{},"f":{}}
,"/home/user/documentation-reader-corrector/src/langchain/RateLimitedChatOpenAI.ts": {"path":"/home/user/documentation-reader-corrector/src/langchain/RateLimitedChatOpenAI.ts","all":false,"statementMap":{"1":{"start":{"line":2,"column":0},"end":{"line":2,"column":59}},"2":{"start":{"line":3,"column":0},"end":{"line":3,"column":45}},"3":{"start":{"line":4,"column":0},"end":{"line":4,"column":55}},"34":{"start":{"line":35,"column":0},"end":{"line":35,"column":72}},"35":{"start":{"line":36,"column":0},"end":{"line":36,"column":93}},"36":{"start":{"line":37,"column":0},"end":{"line":37,"column":1}},"38":{"start":{"line":39,"column":0},"end":{"line":39,"column":30}},"39":{"start":{"line":40,"column":0},"end":{"line":40,"column":18}},"40":{"start":{"line":41,"column":0},"end":{"line":41,"column":24}},"41":{"start":{"line":42,"column":0},"end":{"line":42,"column":95}},"42":{"start":{"line":43,"column":0},"end":{"line":43,"column":46}},"43":{"start":{"line":44,"column":0},"end":{"line":44,"column":67}},"44":{"start":{"line":45,"column":0},"end":{"line":45,"column":57}},"45":{"start":{"line":46,"column":0},"end":{"line":46,"column":65}},"47":{"start":{"line":48,"column":0},"end":{"line":48,"column":22}},"48":{"start":{"line":49,"column":0},"end":{"line":49,"column":99}},"51":{"start":{"line":52,"column":0},"end":{"line":52,"column":26}},"52":{"start":{"line":53,"column":0},"end":{"line":53,"column":109}},"55":{"start":{"line":56,"column":0},"end":{"line":56,"column":89}},"57":{"start":{"line":58,"column":0},"end":{"line":58,"column":97}},"58":{"start":{"line":59,"column":0},"end":{"line":59,"column":64}},"59":{"start":{"line":60,"column":0},"end":{"line":60,"column":1}},"72":{"start":{"line":73,"column":0},"end":{"line":73,"column":67}},"73":{"start":{"line":74,"column":0},"end":{"line":74,"column":33}},"74":{"start":{"line":75,"column":0},"end":{"line":75,"column":55}},"75":{"start":{"line":76,"column":0},"end":{"line":76,"column":35}},"76":{"start":{"line":77,"column":0},"end":{"line":77,"column":24}},"77":{"start":{"line":78,"column":0},"end":{"line":78,"column":45}},"78":{"start":{"line":79,"column":0},"end":{"line":79,"column":28}},"79":{"start":{"line":80,"column":0},"end":{"line":80,"column":39}},"80":{"start":{"line":81,"column":0},"end":{"line":81,"column":19}},"81":{"start":{"line":82,"column":0},"end":{"line":82,"column":6}},"82":{"start":{"line":83,"column":0},"end":{"line":83,"column":5}},"84":{"start":{"line":85,"column":0},"end":{"line":85,"column":50}},"85":{"start":{"line":86,"column":0},"end":{"line":86,"column":29}},"86":{"start":{"line":87,"column":0},"end":{"line":87,"column":11}},"87":{"start":{"line":88,"column":0},"end":{"line":88,"column":92}},"88":{"start":{"line":89,"column":0},"end":{"line":89,"column":17}},"89":{"start":{"line":90,"column":0},"end":{"line":90,"column":24}},"90":{"start":{"line":91,"column":0},"end":{"line":91,"column":10}},"92":{"start":{"line":93,"column":0},"end":{"line":93,"column":96}},"93":{"start":{"line":94,"column":0},"end":{"line":94,"column":82}},"94":{"start":{"line":95,"column":0},"end":{"line":95,"column":49}},"95":{"start":{"line":96,"column":0},"end":{"line":96,"column":18}},"96":{"start":{"line":97,"column":0},"end":{"line":97,"column":25}},"97":{"start":{"line":98,"column":0},"end":{"line":98,"column":29}},"98":{"start":{"line":99,"column":0},"end":{"line":99,"column":26}},"99":{"start":{"line":100,"column":0},"end":{"line":100,"column":12}},"100":{"start":{"line":101,"column":0},"end":{"line":101,"column":78}},"101":{"start":{"line":102,"column":0},"end":{"line":102,"column":61}},"102":{"start":{"line":103,"column":0},"end":{"line":103,"column":19}},"103":{"start":{"line":104,"column":0},"end":{"line":104,"column":50}},"104":{"start":{"line":105,"column":0},"end":{"line":105,"column":46}},"105":{"start":{"line":106,"column":0},"end":{"line":106,"column":51}},"106":{"start":{"line":107,"column":0},"end":{"line":107,"column":44}},"107":{"start":{"line":108,"column":0},"end":{"line":108,"column":11}},"109":{"start":{"line":110,"column":0},"end":{"line":110,"column":91}},"110":{"start":{"line":111,"column":0},"end":{"line":111,"column":43}},"111":{"start":{"line":112,"column":0},"end":{"line":112,"column":25}},"112":{"start":{"line":113,"column":0},"end":{"line":113,"column":29}},"113":{"start":{"line":114,"column":0},"end":{"line":114,"column":24}},"114":{"start":{"line":115,"column":0},"end":{"line":115,"column":13}},"115":{"start":{"line":116,"column":0},"end":{"line":116,"column":9}},"116":{"start":{"line":117,"column":0},"end":{"line":117,"column":21}},"118":{"start":{"line":119,"column":0},"end":{"line":119,"column":33}},"119":{"start":{"line":120,"column":0},"end":{"line":120,"column":99}},"120":{"start":{"line":121,"column":0},"end":{"line":121,"column":77}},"121":{"start":{"line":122,"column":0},"end":{"line":122,"column":7}},"122":{"start":{"line":123,"column":0},"end":{"line":123,"column":20}},"123":{"start":{"line":124,"column":0},"end":{"line":124,"column":6}},"124":{"start":{"line":125,"column":0},"end":{"line":125,"column":5}},"127":{"start":{"line":128,"column":0},"end":{"line":128,"column":40}},"128":{"start":{"line":129,"column":0},"end":{"line":129,"column":1}}},"s":{"1":1,"2":1,"3":1,"34":1,"35":1,"36":1,"38":6,"39":6,"40":6,"41":6,"42":6,"43":6,"44":6,"45":6,"47":6,"48":6,"51":6,"52":6,"55":6,"57":6,"58":6,"59":6,"72":1,"73":7,"74":7,"75":7,"76":7,"77":7,"78":7,"79":7,"80":7,"81":7,"82":7,"84":7,"85":7,"86":6,"87":6,"88":6,"89":6,"90":6,"92":6,"93":5,"94":5,"95":5,"96":5,"97":5,"98":5,"99":5,"100":5,"101":4,"102":4,"103":1,"104":0,"105":0,"106":0,"107":1,"109":0,"110":0,"111":0,"112":0,"113":0,"114":0,"115":0,"116":6,"118":1,"119":1,"120":1,"121":1,"122":6,"123":6,"124":7,"127":7,"128":7},"branchMap":{"0":{"type":"branch","line":35,"loc":{"start":{"line":35,"column":0},"end":{"line":37,"column":1}},"locations":[{"start":{"line":35,"column":0},"end":{"line":37,"column":1}}]},"1":{"type":"branch","line":39,"loc":{"start":{"line":39,"column":0},"end":{"line":60,"column":1}},"locations":[{"start":{"line":39,"column":0},"end":{"line":60,"column":1}}]},"2":{"type":"branch","line":43,"loc":{"start":{"line":43,"column":15},"end":{"line":43,"column":46}},"locations":[{"start":{"line":43,"column":15},"end":{"line":43,"column":46}}]},"3":{"type":"branch","line":44,"loc":{"start":{"line":44,"column":18},"end":{"line":44,"column":67}},"locations":[{"start":{"line":44,"column":18},"end":{"line":44,"column":67}}]},"4":{"type":"branch","line":45,"loc":{"start":{"line":45,"column":22},"end":{"line":45,"column":57}},"locations":[{"start":{"line":45,"column":22},"end":{"line":45,"column":57}}]},"5":{"type":"branch","line":46,"loc":{"start":{"line":46,"column":21},"end":{"line":46,"column":48}},"locations":[{"start":{"line":46,"column":21},"end":{"line":46,"column":48}}]},"6":{"type":"branch","line":46,"loc":{"start":{"line":46,"column":39},"end":{"line":46,"column":65}},"locations":[{"start":{"line":46,"column":39},"end":{"line":46,"column":65}}]},"7":{"type":"branch","line":49,"loc":{"start":{"line":49,"column":12},"end":{"line":49,"column":52}},"locations":[{"start":{"line":49,"column":12},"end":{"line":49,"column":52}}]},"8":{"type":"branch","line":49,"loc":{"start":{"line":49,"column":36},"end":{"line":49,"column":76}},"locations":[{"start":{"line":49,"column":36},"end":{"line":49,"column":76}}]},"9":{"type":"branch","line":49,"loc":{"start":{"line":49,"column":59},"end":{"line":49,"column":99}},"locations":[{"start":{"line":49,"column":59},"end":{"line":49,"column":99}}]},"10":{"type":"branch","line":53,"loc":{"start":{"line":53,"column":12},"end":{"line":53,"column":57}},"locations":[{"start":{"line":53,"column":12},"end":{"line":53,"column":57}}]},"11":{"type":"branch","line":53,"loc":{"start":{"line":53,"column":40},"end":{"line":53,"column":85}},"locations":[{"start":{"line":53,"column":40},"end":{"line":53,"column":85}}]},"12":{"type":"branch","line":53,"loc":{"start":{"line":53,"column":64},"end":{"line":53,"column":109}},"locations":[{"start":{"line":53,"column":64},"end":{"line":53,"column":109}}]},"13":{"type":"branch","line":56,"loc":{"start":{"line":56,"column":30},"end":{"line":56,"column":89}},"locations":[{"start":{"line":56,"column":30},"end":{"line":56,"column":89}}]},"14":{"type":"branch","line":58,"loc":{"start":{"line":58,"column":20},"end":{"line":58,"column":46}},"locations":[{"start":{"line":58,"column":20},"end":{"line":58,"column":46}}]},"15":{"type":"branch","line":58,"loc":{"start":{"line":58,"column":32},"end":{"line":58,"column":60}},"locations":[{"start":{"line":58,"column":32},"end":{"line":58,"column":60}}]},"16":{"type":"branch","line":58,"loc":{"start":{"line":58,"column":49},"end":{"line":58,"column":97}},"locations":[{"start":{"line":58,"column":49},"end":{"line":58,"column":97}}]},"17":{"type":"branch","line":73,"loc":{"start":{"line":73,"column":7},"end":{"line":129,"column":1}},"locations":[{"start":{"line":73,"column":7},"end":{"line":129,"column":1}}]},"18":{"type":"branch","line":79,"loc":{"start":{"line":79,"column":10},"end":{"line":82,"column":6}},"locations":[{"start":{"line":79,"column":10},"end":{"line":82,"column":6}}]},"19":{"type":"branch","line":86,"loc":{"start":{"line":86,"column":10},"end":{"line":124,"column":6}},"locations":[{"start":{"line":86,"column":10},"end":{"line":124,"column":6}}]},"20":{"type":"branch","line":93,"loc":{"start":{"line":93,"column":45},"end":{"line":93,"column":95}},"locations":[{"start":{"line":93,"column":45},"end":{"line":93,"column":95}}]},"21":{"type":"branch","line":93,"loc":{"start":{"line":93,"column":95},"end":{"line":103,"column":19}},"locations":[{"start":{"line":93,"column":95},"end":{"line":103,"column":19}}]},"22":{"type":"branch","line":101,"loc":{"start":{"line":101,"column":47},"end":{"line":103,"column":19}},"locations":[{"start":{"line":101,"column":47},"end":{"line":103,"column":19}}]},"23":{"type":"branch","line":103,"loc":{"start":{"line":103,"column":8},"end":{"line":116,"column":9}},"locations":[{"start":{"line":103,"column":8},"end":{"line":116,"column":9}}]},"24":{"type":"branch","line":104,"loc":{"start":{"line":104,"column":46},"end":{"line":107,"column":44}},"locations":[{"start":{"line":104,"column":46},"end":{"line":107,"column":44}}]},"25":{"type":"branch","line":108,"loc":{"start":{"line":108,"column":10},"end":{"line":116,"column":9}},"locations":[{"start":{"line":108,"column":10},"end":{"line":116,"column":9}}]},"26":{"type":"branch","line":117,"loc":{"start":{"line":117,"column":6},"end":{"line":122,"column":7}},"locations":[{"start":{"line":117,"column":6},"end":{"line":122,"column":7}}]},"27":{"type":"branch","line":120,"loc":{"start":{"line":120,"column":82},"end":{"line":120,"column":99}},"locations":[{"start":{"line":120,"column":82},"end":{"line":120,"column":99}}]}},"b":{"0":[1],"1":[6],"2":[0],"3":[2],"4":[5],"5":[2],"6":[2],"7":[5],"8":[5],"9":[1],"10":[5],"11":[5],"12":[1],"13":[5],"14":[2],"15":[2],"16":[2],"17":[7],"18":[7],"19":[6],"20":[5],"21":[5],"22":[4],"23":[1],"24":[0],"25":[0],"26":[1],"27":[0]},"fnMap":{"0":{"name":"hasAnyUsageOrResponseMetadata","decl":{"start":{"line":35,"column":0},"end":{"line":37,"column":1}},"loc":{"start":{"line":35,"column":0},"end":{"line":37,"column":1}},"line":35},"1":{"name":"extractModelAndUsage","decl":{"start":{"line":39,"column":0},"end":{"line":60,"column":1}},"loc":{"start":{"line":39,"column":0},"end":{"line":60,"column":1}},"line":39},"2":{"name":"withOpenAIRateLimit","decl":{"start":{"line":73,"column":7},"end":{"line":129,"column":1}},"loc":{"start":{"line":73,"column":7},"end":{"line":129,"column":1}},"line":73},"3":{"name":"func","decl":{"start":{"line":79,"column":10},"end":{"line":82,"column":6}},"loc":{"start":{"line":79,"column":10},"end":{"line":82,"column":6}},"line":79},"4":{"name":"func","decl":{"start":{"line":86,"column":10},"end":{"line":124,"column":6}},"loc":{"start":{"line":86,"column":10},"end":{"line":124,"column":6}},"line":86}},"f":{"0":1,"1":6,"2":7,"3":7,"4":6}}
,"/home/user/documentation-reader-corrector/src/langchain/observability.ts": {"path":"/home/user/documentation-reader-corrector/src/langchain/observability.ts","all":false,"statementMap":{"0":{"start":{"line":1,"column":0},"end":{"line":1,"column":69}},"3":{"start":{"line":4,"column":0},"end":{"line":4,"column":75}},"4":{"start":{"line":5,"column":0},"end":{"line":5,"column":45}},"27":{"start":{"line":28,"column":0},"end":{"line":28,"column":64}},"28":{"start":{"line":29,"column":0},"end":{"line":29,"column":35}},"30":{"start":{"line":31,"column":0},"end":{"line":31,"column":45}},"32":{"start":{"line":33,"column":0},"end":{"line":33,"column":37}},"37":{"start":{"line":38,"column":0},"end":{"line":38,"column":30}},"38":{"start":{"line":39,"column":0},"end":{"line":39,"column":41}},"39":{"start":{"line":40,"column":0},"end":{"line":40,"column":71}},"40":{"start":{"line":41,"column":0},"end":{"line":41,"column":22}},"41":{"start":{"line":42,"column":0},"end":{"line":42,"column":45}},"42":{"start":{"line":43,"column":0},"end":{"line":43,"column":32}},"43":{"start":{"line":44,"column":0},"end":{"line":44,"column":40}},"44":{"start":{"line":45,"column":0},"end":{"line":45,"column":7}},"45":{"start":{"line":46,"column":0},"end":{"line":46,"column":5}},"46":{"start":{"line":47,"column":0},"end":{"line":47,"column":39}},"47":{"start":{"line":48,"column":0},"end":{"line":48,"column":3}},"50":{"start":{"line":51,"column":0},"end":{"line":51,"column":25}},"51":{"start":{"line":52,"column":0},"end":{"line":52,"column":20}},"52":{"start":{"line":53,"column":0},"end":{"line":53,"column":36}},"53":{"start":{"line":54,"column":0},"end":{"line":54,"column":18}},"54":{"start":{"line":55,"column":0},"end":{"line":55,"column":25}},"55":{"start":{"line":56,"column":0},"end":{"line":56,"column":20}},"56":{"start":{"line":57,"column":0},"end":{"line":57,"column":39}},"57":{"start":{"line":58,"column":0},"end":{"line":58,"column":21}},"58":{"start":{"line":59,"column":0},"end":{"line":59,"column":20}},"59":{"start":{"line":60,"column":0},"end":{"line":60,"column":5}},"60":{"start":{"line":61,"column":0},"end":{"line":61,"column":27}},"61":{"start":{"line":62,"column":0},"end":{"line":62,"column":44}},"62":{"start":{"line":63,"column":0},"end":{"line":63,"column":35}},"63":{"start":{"line":64,"column":0},"end":{"line":64,"column":12}},"64":{"start":{"line":65,"column":0},"end":{"line":65,"column":18}},"65":{"start":{"line":66,"column":0},"end":{"line":66,"column":14}},"66":{"start":{"line":67,"column":0},"end":{"line":67,"column":14}},"67":{"start":{"line":68,"column":0},"end":{"line":68,"column":16}},"70":{"start":{"line":71,"column":0},"end":{"line":71,"column":28}},"71":{"start":{"line":72,"column":0},"end":{"line":72,"column":63}},"72":{"start":{"line":73,"column":0},"end":{"line":73,"column":7}},"73":{"start":{"line":74,"column":0},"end":{"line":74,"column":3}},"75":{"start":{"line":76,"column":0},"end":{"line":76,"column":23}},"76":{"start":{"line":77,"column":0},"end":{"line":77,"column":37}},"77":{"start":{"line":78,"column":0},"end":{"line":78,"column":18}},"78":{"start":{"line":79,"column":0},"end":{"line":79,"column":25}},"79":{"start":{"line":80,"column":0},"end":{"line":80,"column":21}},"80":{"start":{"line":81,"column":0},"end":{"line":81,"column":50}},"81":{"start":{"line":82,"column":0},"end":{"line":82,"column":5}},"82":{"start":{"line":83,"column":0},"end":{"line":83,"column":42}},"83":{"start":{"line":84,"column":0},"end":{"line":84,"column":46}},"84":{"start":{"line":85,"column":0},"end":{"line":85,"column":79}},"85":{"start":{"line":86,"column":0},"end":{"line":86,"column":3}},"87":{"start":{"line":88,"column":0},"end":{"line":88,"column":25}},"88":{"start":{"line":89,"column":0},"end":{"line":89,"column":17}},"89":{"start":{"line":90,"column":0},"end":{"line":90,"column":18}},"90":{"start":{"line":91,"column":0},"end":{"line":91,"column":25}},"91":{"start":{"line":92,"column":0},"end":{"line":92,"column":21}},"92":{"start":{"line":93,"column":0},"end":{"line":93,"column":50}},"93":{"start":{"line":94,"column":0},"end":{"line":94,"column":5}},"94":{"start":{"line":95,"column":0},"end":{"line":95,"column":42}},"95":{"start":{"line":96,"column":0},"end":{"line":96,"column":34}},"96":{"start":{"line":97,"column":0},"end":{"line":97,"column":76}},"97":{"start":{"line":98,"column":0},"end":{"line":98,"column":36}},"98":{"start":{"line":99,"column":0},"end":{"line":99,"column":12}},"99":{"start":{"line":100,"column":0},"end":{"line":100,"column":18}},"100":{"start":{"line":101,"column":0},"end":{"line":101,"column":16}},"101":{"start":{"line":102,"column":0},"end":{"line":102,"column":16}},"102":{"start":{"line":103,"column":0},"end":{"line":103,"column":19}},"103":{"start":{"line":104,"column":0},"end":{"line":104,"column":44}},"104":{"start":{"line":105,"column":0},"end":{"line":105,"column":7}},"105":{"start":{"line":106,"column":0},"end":{"line":106,"column":3}},"108":{"start":{"line":109,"column":0},"end":{"line":109,"column":23}},"109":{"start":{"line":110,"column":0},"end":{"line":110,"column":18}},"110":{"start":{"line":111,"column":0},"end":{"line":111,"column":22}},"111":{"start":{"line":112,"column":0},"end":{"line":112,"column":18}},"112":{"start":{"line":113,"column":0},"end":{"line":113,"column":25}},"113":{"start":{"line":114,"column":0},"end":{"line":114,"column":42}},"114":{"start":{"line":115,"column":0},"end":{"line":115,"column":20}},"115":{"start":{"line":116,"column":0},"end":{"line":116,"column":39}},"116":{"start":{"line":117,"column":0},"end":{"line":117,"column":20}},"117":{"start":{"line":118,"column":0},"end":{"line":118,"column":5}},"118":{"start":{"line":119,"column":0},"end":{"line":119,"column":27}},"119":{"start":{"line":120,"column":0},"end":{"line":120,"column":68}},"120":{"start":{"line":121,"column":0},"end":{"line":121,"column":99}},"121":{"start":{"line":122,"column":0},"end":{"line":122,"column":88}},"122":{"start":{"line":123,"column":0},"end":{"line":123,"column":33}},"123":{"start":{"line":124,"column":0},"end":{"line":124,"column":12}},"124":{"start":{"line":125,"column":0},"end":{"line":125,"column":18}},"125":{"start":{"line":126,"column":0},"end":{"line":126,"column":14}},"126":{"start":{"line":127,"column":0},"end":{"line":127,"column":18}},"127":{"start":{"line":128,"column":0},"end":{"line":128,"column":29}},"128":{"start":{"line":129,"column":0},"end":{"line":129,"column":12}},"130":{"start":{"line":131,"column":0},"end":{"line":131,"column":63}},"131":{"start":{"line":132,"column":0},"end":{"line":132,"column":7}},"132":{"start":{"line":133,"column":0},"end":{"line":133,"column":3}},"134":{"start":{"line":135,"column":0},"end":{"line":135,"column":29}},"135":{"start":{"line":136,"column":0},"end":{"line":136,"column":18}},"136":{"start":{"line":137,"column":0},"end":{"line":137,"column":26}},"137":{"start":{"line":138,"column":0},"end":{"line":138,"column":18}},"138":{"start":{"line":139,"column":0},"end":{"line":139,"column":25}},"139":{"start":{"line":140,"column":0},"end":{"line":140,"column":42}},"140":{"start":{"line":141,"column":0},"end":{"line":141,"column":20}},"141":{"start":{"line":142,"column":0},"end":{"line":142,"column":39}},"142":{"start":{"line":143,"column":0},"end":{"line":143,"column":20}},"143":{"start":{"line":144,"column":0},"end":{"line":144,"column":5}},"144":{"start":{"line":145,"column":0},"end":{"line":145,"column":27}},"145":{"start":{"line":146,"column":0},"end":{"line":146,"column":124}},"146":{"start":{"line":147,"column":0},"end":{"line":147,"column":88}},"147":{"start":{"line":148,"column":0},"end":{"line":148,"column":34}},"148":{"start":{"line":149,"column":0},"end":{"line":149,"column":12}},"149":{"start":{"line":150,"column":0},"end":{"line":150,"column":18}},"150":{"start":{"line":151,"column":0},"end":{"line":151,"column":14}},"151":{"start":{"line":152,"column":0},"end":{"line":152,"column":20}},"152":{"start":{"line":153,"column":0},"end":{"line":153,"column":12}},"153":{"start":{"line":154,"column":0},"end":{"line":154,"column":63}},"154":{"start":{"line":155,"column":0},"end":{"line":155,"column":7}},"155":{"start":{"line":156,"column":0},"end":{"line":156,"column":3}},"157":{"start":{"line":158,"column":0},"end":{"line":158,"column":29}},"158":{"start":{"line":159,"column":0},"end":{"line":159,"column":17}},"159":{"start":{"line":160,"column":0},"end":{"line":160,"column":18}},"160":{"start":{"line":161,"column":0},"end":{"line":161,"column":25}},"161":{"start":{"line":162,"column":0},"end":{"line":162,"column":21}},"162":{"start":{"line":163,"column":0},"end":{"line":163,"column":36}},"163":{"start":{"line":164,"column":0},"end":{"line":164,"column":5}},"164":{"start":{"line":165,"column":0},"end":{"line":165,"column":42}},"165":{"start":{"line":166,"column":0},"end":{"line":166,"column":34}},"166":{"start":{"line":167,"column":0},"end":{"line":167,"column":76}},"167":{"start":{"line":168,"column":0},"end":{"line":168,"column":35}},"168":{"start":{"line":169,"column":0},"end":{"line":169,"column":12}},"169":{"start":{"line":170,"column":0},"end":{"line":170,"column":18}},"170":{"start":{"line":171,"column":0},"end":{"line":171,"column":16}},"171":{"start":{"line":172,"column":0},"end":{"line":172,"column":16}},"172":{"start":{"line":173,"column":0},"end":{"line":173,"column":19}},"173":{"start":{"line":174,"column":0},"end":{"line":174,"column":44}},"174":{"start":{"line":175,"column":0},"end":{"line":175,"column":7}},"175":{"start":{"line":176,"column":0},"end":{"line":176,"column":3}},"177":{"start":{"line":178,"column":0},"end":{"line":178,"column":21}},"178":{"start":{"line":179,"column":0},"end":{"line":179,"column":22}},"179":{"start":{"line":180,"column":0},"end":{"line":180,"column":18}},"180":{"start":{"line":181,"column":0},"end":{"line":181,"column":25}},"181":{"start":{"line":182,"column":0},"end":{"line":182,"column":21}},"182":{"start":{"line":183,"column":0},"end":{"line":183,"column":41}},"183":{"start":{"line":184,"column":0},"end":{"line":184,"column":5}},"184":{"start":{"line":185,"column":0},"end":{"line":185,"column":42}},"185":{"start":{"line":186,"column":0},"end":{"line":186,"column":57}},"186":{"start":{"line":187,"column":0},"end":{"line":187,"column":122}},"187":{"start":{"line":188,"column":0},"end":{"line":188,"column":76}},"188":{"start":{"line":189,"column":0},"end":{"line":189,"column":34}},"189":{"start":{"line":190,"column":0},"end":{"line":190,"column":16}},"190":{"start":{"line":191,"column":0},"end":{"line":191,"column":68}},"191":{"start":{"line":192,"column":0},"end":{"line":192,"column":77}},"192":{"start":{"line":193,"column":0},"end":{"line":193,"column":89}},"193":{"start":{"line":194,"column":0},"end":{"line":194,"column":74}},"194":{"start":{"line":195,"column":0},"end":{"line":195,"column":5}},"195":{"start":{"line":196,"column":0},"end":{"line":196,"column":36}},"196":{"start":{"line":197,"column":0},"end":{"line":197,"column":3}},"198":{"start":{"line":199,"column":0},"end":{"line":199,"column":23}},"199":{"start":{"line":200,"column":0},"end":{"line":200,"column":17}},"200":{"start":{"line":201,"column":0},"end":{"line":201,"column":18}},"201":{"start":{"line":202,"column":0},"end":{"line":202,"column":25}},"202":{"start":{"line":203,"column":0},"end":{"line":203,"column":21}},"203":{"start":{"line":204,"column":0},"end":{"line":204,"column":36}},"204":{"start":{"line":205,"column":0},"end":{"line":205,"column":5}},"205":{"start":{"line":206,"column":0},"end":{"line":206,"column":42}},"206":{"start":{"line":207,"column":0},"end":{"line":207,"column":34}},"207":{"start":{"line":208,"column":0},"end":{"line":208,"column":76}},"208":{"start":{"line":209,"column":0},"end":{"line":209,"column":34}},"209":{"start":{"line":210,"column":0},"end":{"line":210,"column":12}},"210":{"start":{"line":211,"column":0},"end":{"line":211,"column":18}},"211":{"start":{"line":212,"column":0},"end":{"line":212,"column":16}},"212":{"start":{"line":213,"column":0},"end":{"line":213,"column":16}},"213":{"start":{"line":214,"column":0},"end":{"line":214,"column":19}},"214":{"start":{"line":215,"column":0},"end":{"line":215,"column":44}},"215":{"start":{"line":216,"column":0},"end":{"line":216,"column":7}},"216":{"start":{"line":217,"column":0},"end":{"line":217,"column":3}},"219":{"start":{"line":220,"column":0},"end":{"line":220,"column":24}},"220":{"start":{"line":221,"column":0},"end":{"line":221,"column":18}},"221":{"start":{"line":222,"column":0},"end":{"line":222,"column":19}},"222":{"start":{"line":223,"column":0},"end":{"line":223,"column":18}},"223":{"start":{"line":224,"column":0},"end":{"line":224,"column":25}},"224":{"start":{"line":225,"column":0},"end":{"line":225,"column":21}},"225":{"start":{"line":226,"column":0},"end":{"line":226,"column":39}},"226":{"start":{"line":227,"column":0},"end":{"line":227,"column":20}},"227":{"start":{"line":228,"column":0},"end":{"line":228,"column":5}},"228":{"start":{"line":229,"column":0},"end":{"line":229,"column":27}},"229":{"start":{"line":230,"column":0},"end":{"line":230,"column":111}},"230":{"start":{"line":231,"column":0},"end":{"line":231,"column":3}},"232":{"start":{"line":233,"column":0},"end":{"line":233,"column":78}},"233":{"start":{"line":234,"column":0},"end":{"line":234,"column":42}},"234":{"start":{"line":235,"column":0},"end":{"line":235,"column":66}},"235":{"start":{"line":236,"column":0},"end":{"line":236,"column":3}},"237":{"start":{"line":238,"column":0},"end":{"line":238,"column":76}},"238":{"start":{"line":239,"column":0},"end":{"line":239,"column":42}},"239":{"start":{"line":240,"column":0},"end":{"line":240,"column":34}},"240":{"start":{"line":241,"column":0},"end":{"line":241,"column":76}},"241":{"start":{"line":242,"column":0},"end":{"line":242,"column":35}},"242":{"start":{"line":243,"column":0},"end":{"line":243,"column":12}},"243":{"start":{"line":244,"column":0},"end":{"line":244,"column":18}},"244":{"start":{"line":245,"column":0},"end":{"line":245,"column":16}},"245":{"start":{"line":246,"column":0},"end":{"line":246,"column":16}},"246":{"start":{"line":247,"column":0},"end":{"line":247,"column":19}},"247":{"start":{"line":248,"column":0},"end":{"line":248,"column":44}},"248":{"start":{"line":249,"column":0},"end":{"line":249,"column":7}},"249":{"start":{"line":250,"column":0},"end":{"line":250,"column":3}},"252":{"start":{"line":253,"column":0},"end":{"line":253,"column":29}},"253":{"start":{"line":254,"column":0},"end":{"line":254,"column":23}},"254":{"start":{"line":255,"column":0},"end":{"line":255,"column":19}},"255":{"start":{"line":256,"column":0},"end":{"line":256,"column":18}},"256":{"start":{"line":257,"column":0},"end":{"line":257,"column":25}},"257":{"start":{"line":258,"column":0},"end":{"line":258,"column":21}},"258":{"start":{"line":259,"column":0},"end":{"line":259,"column":39}},"259":{"start":{"line":260,"column":0},"end":{"line":260,"column":20}},"260":{"start":{"line":261,"column":0},"end":{"line":261,"column":5}},"261":{"start":{"line":262,"column":0},"end":{"line":262,"column":27}},"262":{"start":{"line":263,"column":0},"end":{"line":263,"column":126}},"263":{"start":{"line":264,"column":0},"end":{"line":264,"column":3}},"264":{"start":{"line":265,"column":0},"end":{"line":265,"column":88}},"265":{"start":{"line":266,"column":0},"end":{"line":266,"column":42}},"266":{"start":{"line":267,"column":0},"end":{"line":267,"column":71}},"267":{"start":{"line":268,"column":0},"end":{"line":268,"column":3}},"268":{"start":{"line":269,"column":0},"end":{"line":269,"column":81}},"269":{"start":{"line":270,"column":0},"end":{"line":270,"column":42}},"270":{"start":{"line":271,"column":0},"end":{"line":271,"column":34}},"271":{"start":{"line":272,"column":0},"end":{"line":272,"column":76}},"272":{"start":{"line":273,"column":0},"end":{"line":273,"column":40}},"273":{"start":{"line":274,"column":0},"end":{"line":274,"column":12}},"274":{"start":{"line":275,"column":0},"end":{"line":275,"column":18}},"275":{"start":{"line":276,"column":0},"end":{"line":276,"column":16}},"276":{"start":{"line":277,"column":0},"end":{"line":277,"column":16}},"277":{"start":{"line":278,"column":0},"end":{"line":278,"column":19}},"278":{"start":{"line":279,"column":0},"end":{"line":279,"column":44}},"279":{"start":{"line":280,"column":0},"end":{"line":280,"column":7}},"280":{"start":{"line":281,"column":0},"end":{"line":281,"column":3}},"282":{"start":{"line":283,"column":0},"end":{"line":283,"column":54}},"283":{"start":{"line":284,"column":0},"end":{"line":284,"column":41}},"284":{"start":{"line":285,"column":0},"end":{"line":285,"column":30}},"285":{"start":{"line":286,"column":0},"end":{"line":286,"column":70}},"286":{"start":{"line":287,"column":0},"end":{"line":287,"column":3}},"287":{"start":{"line":288,"column":0},"end":{"line":288,"column":1}},"290":{"start":{"line":291,"column":0},"end":{"line":291,"column":76}},"291":{"start":{"line":292,"column":0},"end":{"line":292,"column":51}},"293":{"start":{"line":294,"column":0},"end":{"line":294,"column":35}},"294":{"start":{"line":295,"column":0},"end":{"line":295,"column":12}},"295":{"start":{"line":296,"column":0},"end":{"line":296,"column":18}},"296":{"start":{"line":297,"column":0},"end":{"line":297,"column":12}},"297":{"start":{"line":298,"column":0},"end":{"line":298,"column":17}},"298":{"start":{"line":299,"column":0},"end":{"line":299,"column":24}},"299":{"start":{"line":300,"column":0},"end":{"line":300,"column":23}},"300":{"start":{"line":301,"column":0},"end":{"line":301,"column":8}},"301":{"start":{"line":302,"column":0},"end":{"line":302,"column":13}},"302":{"start":{"line":303,"column":0},"end":{"line":303,"column":11}},"303":{"start":{"line":304,"column":0},"end":{"line":304,"column":15}},"304":{"start":{"line":305,"column":0},"end":{"line":305,"column":16}},"305":{"start":{"line":306,"column":0},"end":{"line":306,"column":14}},"306":{"start":{"line":307,"column":0},"end":{"line":307,"column":14}},"307":{"start":{"line":308,"column":0},"end":{"line":308,"column":14}},"308":{"start":{"line":309,"column":0},"end":{"line":309,"column":18}},"309":{"start":{"line":310,"column":0},"end":{"line":310,"column":5}},"310":{"start":{"line":311,"column":0},"end":{"line":311,"column":102}},"311":{"start":{"line":312,"column":0},"end":{"line":312,"column":42}},"312":{"start":{"line":313,"column":0},"end":{"line":313,"column":46}},"314":{"start":{"line":315,"column":0},"end":{"line":315,"column":43}},"315":{"start":{"line":316,"column":0},"end":{"line":316,"column":31}},"316":{"start":{"line":317,"column":0},"end":{"line":317,"column":15}},"317":{"start":{"line":318,"column":0},"end":{"line":318,"column":5}},"318":{"start":{"line":319,"column":0},"end":{"line":319,"column":60}},"319":{"start":{"line":320,"column":0},"end":{"line":320,"column":3}},"320":{"start":{"line":321,"column":0},"end":{"line":321,"column":13}},"321":{"start":{"line":322,"column":0},"end":{"line":322,"column":1}},"328":{"start":{"line":329,"column":0},"end":{"line":329,"column":22}},"329":{"start":{"line":330,"column":0},"end":{"line":330,"column":101}},"330":{"start":{"line":331,"column":0},"end":{"line":331,"column":50}},"331":{"start":{"line":332,"column":0},"end":{"line":332,"column":23}},"332":{"start":{"line":333,"column":0},"end":{"line":333,"column":28}},"333":{"start":{"line":334,"column":0},"end":{"line":334,"column":26}},"334":{"start":{"line":335,"column":0},"end":{"line":335,"column":52}},"335":{"start":{"line":336,"column":0},"end":{"line":336,"column":47}},"336":{"start":{"line":337,"column":0},"end":{"line":337,"column":36}},"337":{"start":{"line":338,"column":0},"end":{"line":338,"column":46}},"338":{"start":{"line":339,"column":0},"end":{"line":339,"column":47}},"339":{"start":{"line":340,"column":0},"end":{"line":340,"column":37}},"340":{"start":{"line":341,"column":0},"end":{"line":341,"column":47}},"341":{"start":{"line":342,"column":0},"end":{"line":342,"column":47}},"342":{"start":{"line":343,"column":0},"end":{"line":343,"column":5}},"343":{"start":{"line":344,"column":0},"end":{"line":344,"column":3}},"344":{"start":{"line":345,"column":0},"end":{"line":345,"column":19}},"345":{"start":{"line":346,"column":0},"end":{"line":346,"column":1}},"347":{"start":{"line":348,"column":0},"end":{"line":348,"column":51}},"348":{"start":{"line":349,"column":0},"end":{"line":349,"column":35}},"349":{"start":{"line":350,"column":0},"end":{"line":350,"column":25}},"350":{"start":{"line":351,"column":0},"end":{"line":351,"column":83}},"351":{"start":{"line":352,"column":0},"end":{"line":352,"column":53}},"352":{"start":{"line":353,"column":0},"end":{"line":353,"column":46}},"353":{"start":{"line":354,"column":0},"end":{"line":354,"column":3}},"354":{"start":{"line":355,"column":0},"end":{"line":355,"column":19}},"355":{"start":{"line":356,"column":0},"end":{"line":356,"column":1}},"357":{"start":{"line":358,"column":0},"end":{"line":358,"column":88}},"358":{"start":{"line":359,"column":0},"end":{"line":359,"column":56}},"359":{"start":{"line":360,"column":0},"end":{"line":360,"column":7}},"360":{"start":{"line":361,"column":0},"end":{"line":361,"column":28}},"361":{"start":{"line":362,"column":0},"end":{"line":362,"column":11}},"362":{"start":{"line":363,"column":0},"end":{"line":363,"column":21}},"363":{"start":{"line":364,"column":0},"end":{"line":364,"column":3}},"364":{"start":{"line":365,"column":0},"end":{"line":365,"column":1}},"366":{"start":{"line":367,"column":0},"end":{"line":367,"column":46}},"367":{"start":{"line":368,"column":0},"end":{"line":368,"column":61}},"368":{"start":{"line":369,"column":0},"end":{"line":369,"column":1}},"378":{"start":{"line":379,"column":0},"end":{"line":379,"column":42}},"382":{"start":{"line":383,"column":0},"end":{"line":383,"column":3}},"383":{"start":{"line":384,"column":0},"end":{"line":384,"column":30}},"384":{"start":{"line":385,"column":0},"end":{"line":385,"column":29}},"385":{"start":{"line":386,"column":0},"end":{"line":386,"column":31}},"386":{"start":{"line":387,"column":0},"end":{"line":387,"column":73}},"387":{"start":{"line":388,"column":0},"end":{"line":388,"column":41}},"388":{"start":{"line":389,"column":0},"end":{"line":389,"column":7}},"390":{"start":{"line":391,"column":0},"end":{"line":391,"column":39}},"391":{"start":{"line":392,"column":0},"end":{"line":392,"column":65}},"392":{"start":{"line":393,"column":0},"end":{"line":393,"column":55}},"393":{"start":{"line":394,"column":0},"end":{"line":394,"column":29}},"394":{"start":{"line":395,"column":0},"end":{"line":395,"column":14}},"395":{"start":{"line":396,"column":0},"end":{"line":396,"column":20}},"396":{"start":{"line":397,"column":0},"end":{"line":397,"column":34}},"397":{"start":{"line":398,"column":0},"end":{"line":398,"column":19}},"398":{"start":{"line":399,"column":0},"end":{"line":399,"column":16}},"400":{"start":{"line":401,"column":0},"end":{"line":401,"column":81}},"401":{"start":{"line":402,"column":0},"end":{"line":402,"column":1}},"403":{"start":{"line":404,"column":0},"end":{"line":404,"column":27}},"404":{"start":{"line":405,"column":0},"end":{"line":405,"column":32}},"405":{"start":{"line":406,"column":0},"end":{"line":406,"column":33}},"406":{"start":{"line":407,"column":0},"end":{"line":407,"column":91}},"407":{"start":{"line":408,"column":0},"end":{"line":408,"column":42}},"408":{"start":{"line":409,"column":0},"end":{"line":409,"column":66}},"409":{"start":{"line":410,"column":0},"end":{"line":410,"column":62}},"410":{"start":{"line":411,"column":0},"end":{"line":411,"column":102}},"411":{"start":{"line":412,"column":0},"end":{"line":412,"column":115}},"412":{"start":{"line":413,"column":0},"end":{"line":413,"column":72}},"415":{"start":{"line":416,"column":0},"end":{"line":416,"column":54}},"416":{"start":{"line":417,"column":0},"end":{"line":417,"column":68}},"417":{"start":{"line":418,"column":0},"end":{"line":418,"column":98}},"418":{"start":{"line":419,"column":0},"end":{"line":419,"column":111}},"419":{"start":{"line":420,"column":0},"end":{"line":420,"column":71}},"421":{"start":{"line":422,"column":0},"end":{"line":422,"column":60}},"424":{"start":{"line":425,"column":0},"end":{"line":425,"column":25}},"425":{"start":{"line":426,"column":0},"end":{"line":426,"column":25}},"426":{"start":{"line":427,"column":0},"end":{"line":427,"column":25}},"429":{"start":{"line":430,"column":0},"end":{"line":430,"column":71}},"433":{"start":{"line":434,"column":0},"end":{"line":434,"column":58}},"434":{"start":{"line":435,"column":0},"end":{"line":435,"column":39}},"435":{"start":{"line":436,"column":0},"end":{"line":436,"column":25}},"436":{"start":{"line":437,"column":0},"end":{"line":437,"column":46}},"437":{"start":{"line":438,"column":0},"end":{"line":438,"column":25}},"438":{"start":{"line":439,"column":0},"end":{"line":439,"column":5}},"439":{"start":{"line":440,"column":0},"end":{"line":440,"column":3}},"445":{"start":{"line":446,"column":0},"end":{"line":446,"column":37}},"446":{"start":{"line":447,"column":0},"end":{"line":447,"column":28}},"447":{"start":{"line":448,"column":0},"end":{"line":448,"column":47}},"448":{"start":{"line":449,"column":0},"end":{"line":449,"column":3}},"451":{"start":{"line":452,"column":0},"end":{"line":452,"column":53}},"452":{"start":{"line":453,"column":0},"end":{"line":453,"column":53}},"453":{"start":{"line":454,"column":0},"end":{"line":454,"column":53}},"456":{"start":{"line":457,"column":0},"end":{"line":457,"column":37}},"457":{"start":{"line":458,"column":0},"end":{"line":458,"column":28}},"458":{"start":{"line":459,"column":0},"end":{"line":459,"column":47}},"459":{"start":{"line":460,"column":0},"end":{"line":460,"column":3}},"461":{"start":{"line":462,"column":0},"end":{"line":462,"column":75}},"462":{"start":{"line":463,"column":0},"end":{"line":463,"column":1}},"464":{"start":{"line":465,"column":0},"end":{"line":465,"column":51}},"465":{"start":{"line":466,"column":0},"end":{"line":466,"column":62}},"466":{"start":{"line":467,"column":0},"end":{"line":467,"column":56}},"467":{"start":{"line":468,"column":0},"end":{"line":468,"column":1}},"470":{"start":{"line":471,"column":0},"end":{"line":471,"column":69}},"471":{"start":{"line":472,"column":0},"end":{"line":472,"column":72}},"472":{"start":{"line":473,"column":0},"end":{"line":473,"column":29}},"474":{"start":{"line":475,"column":0},"end":{"line":475,"column":9}},"475":{"start":{"line":476,"column":0},"end":{"line":476,"column":43}},"476":{"start":{"line":477,"column":0},"end":{"line":477,"column":17}},"477":{"start":{"line":478,"column":0},"end":{"line":478,"column":64}},"478":{"start":{"line":479,"column":0},"end":{"line":479,"column":85}},"479":{"start":{"line":480,"column":0},"end":{"line":480,"column":5}},"480":{"start":{"line":481,"column":0},"end":{"line":481,"column":3}},"481":{"start":{"line":482,"column":0},"end":{"line":482,"column":18}},"482":{"start":{"line":483,"column":0},"end":{"line":483,"column":1}},"484":{"start":{"line":485,"column":0},"end":{"line":485,"column":50}},"485":{"start":{"line":486,"column":0},"end":{"line":486,"column":80}},"486":{"start":{"line":487,"column":0},"end":{"line":487,"column":25}},"487":{"start":{"line":488,"column":0},"end":{"line":488,"column":3}},"488":{"start":{"line":489,"column":0},"end":{"line":489,"column":48}},"489":{"start":{"line":490,"column":0},"end":{"line":490,"column":62}},"490":{"start":{"line":491,"column":0},"end":{"line":491,"column":10}},"491":{"start":{"line":492,"column":0},"end":{"line":492,"column":48}},"492":{"start":{"line":493,"column":0},"end":{"line":493,"column":62}},"493":{"start":{"line":494,"column":0},"end":{"line":494,"column":6}},"494":{"start":{"line":495,"column":0},"end":{"line":495,"column":4}},"495":{"start":{"line":496,"column":0},"end":{"line":496,"column":1}},"497":{"start":{"line":498,"column":0},"end":{"line":498,"column":40}},"498":{"start":{"line":499,"column":0},"end":{"line":499,"column":108}},"499":{"start":{"line":500,"column":0},"end":{"line":500,"column":39}},"500":{"start":{"line":501,"column":0},"end":{"line":501,"column":1}},"502":{"start":{"line":503,"column":0},"end":{"line":503,"column":90}},"503":{"start":{"line":504,"column":0},"end":{"line":504,"column":19}},"504":{"start":{"line":505,"column":0},"end":{"line":505,"column":19}},"505":{"start":{"line":506,"column":0},"end":{"line":506,"column":10}},"506":{"start":{"line":507,"column":0},"end":{"line":507,"column":9}},"507":{"start":{"line":508,"column":0},"end":{"line":508,"column":9}},"508":{"start":{"line":509,"column":0},"end":{"line":509,"column":88}},"509":{"start":{"line":510,"column":0},"end":{"line":510,"column":49}},"510":{"start":{"line":511,"column":0},"end":{"line":511,"column":63}},"511":{"start":{"line":512,"column":0},"end":{"line":512,"column":4}},"512":{"start":{"line":513,"column":0},"end":{"line":513,"column":1}},"514":{"start":{"line":515,"column":0},"end":{"line":515,"column":46}},"515":{"start":{"line":516,"column":0},"end":{"line":516,"column":22}},"516":{"start":{"line":517,"column":0},"end":{"line":517,"column":37}},"517":{"start":{"line":518,"column":0},"end":{"line":518,"column":87}},"518":{"start":{"line":519,"column":0},"end":{"line":519,"column":15}},"519":{"start":{"line":520,"column":0},"end":{"line":520,"column":1}}},"s":{"0":1,"3":1,"4":1,"27":1,"28":12,"30":12,"32":12,"37":15,"38":15,"39":0,"40":0,"41":0,"42":0,"43":0,"44":0,"45":0,"46":15,"47":15,"50":12,"51":13,"52":13,"53":13,"54":13,"55":13,"56":13,"57":13,"58":13,"59":13,"60":13,"61":13,"62":13,"63":13,"64":13,"65":13,"66":13,"67":13,"70":13,"71":13,"72":13,"73":13,"75":12,"76":12,"77":12,"78":12,"79":12,"80":12,"81":12,"82":12,"83":12,"84":12,"85":12,"87":12,"88":0,"89":0,"90":0,"91":0,"92":0,"93":0,"94":0,"95":0,"96":0,"97":0,"98":0,"99":0,"100":0,"101":0,"102":0,"103":0,"104":0,"105":0,"108":12,"109":1,"110":1,"111":1,"112":1,"113":1,"114":1,"115":1,"116":1,"117":1,"118":1,"119":1,"120":1,"121":1,"122":1,"123":1,"124":1,"125":1,"126":1,"127":1,"128":1,"130":1,"131":1,"132":1,"134":12,"135":1,"136":1,"137":1,"138":1,"139":1,"140":1,"141":1,"142":1,"143":1,"144":1,"145":1,"146":1,"147":1,"148":1,"149":1,"150":1,"151":1,"152":1,"153":1,"154":1,"155":1,"157":12,"158":0,"159":0,"160":0,"161":0,"162":0,"163":0,"164":0,"165":0,"166":0,"167":0,"168":0,"169":0,"170":0,"171":0,"172":0,"173":0,"174":0,"175":0,"177":12,"178":7,"179":7,"180":7,"181":7,"182":7,"183":7,"184":7,"185":7,"186":7,"187":7,"188":7,"189":7,"190":5,"191":5,"192":5,"193":5,"194":5,"195":7,"196":7,"198":12,"199":0,"200":0,"201":0,"202":0,"203":0,"204":0,"205":0,"206":0,"207":0,"208":0,"209":0,"210":0,"211":0,"212":0,"213":0,"214":0,"215":0,"216":0,"219":12,"220":0,"221":0,"222":0,"223":0,"224":0,"225":0,"226":0,"227":0,"228":0,"229":0,"230":0,"232":12,"233":0,"234":0,"235":0,"237":12,"238":0,"239":0,"240":0,"241":0,"242":0,"243":0,"244":0,"245":0,"246":0,"247":0,"248":0,"249":0,"252":12,"253":0,"254":0,"255":0,"256":0,"257":0,"258":0,"259":0,"260":0,"261":0,"262":0,"263":0,"264":12,"265":0,"266":0,"267":0,"268":12,"269":0,"270":0,"271":0,"272":0,"273":0,"274":0,"275":0,"276":0,"277":0,"278":0,"279":0,"280":0,"282":12,"283":19,"284":19,"285":19,"286":19,"287":12,"290":13,"291":13,"293":13,"294":13,"295":13,"296":13,"297":13,"298":13,"299":13,"300":13,"301":13,"302":13,"303":13,"304":13,"305":13,"306":13,"307":13,"308":13,"309":13,"310":13,"311":13,"312":13,"314":1,"315":1,"316":1,"317":1,"318":1,"319":1,"320":13,"321":13,"328":9,"329":9,"330":9,"331":9,"332":9,"333":15,"334":9,"335":9,"336":9,"337":0,"338":0,"339":6,"340":6,"341":6,"342":6,"343":15,"344":6,"345":6,"347":0,"348":0,"349":0,"350":0,"351":0,"352":0,"353":0,"354":0,"355":0,"357":25,"358":25,"359":25,"360":25,"361":25,"362":0,"363":0,"364":25,"366":0,"367":0,"368":0,"378":0,"382":0,"383":0,"384":0,"385":0,"386":0,"387":0,"388":0,"390":0,"391":0,"392":0,"393":0,"394":0,"395":0,"396":0,"397":0,"398":0,"400":0,"401":0,"403":7,"404":7,"405":7,"406":7,"407":7,"408":7,"409":7,"410":7,"411":7,"412":7,"415":7,"416":7,"417":7,"418":7,"419":7,"421":7,"424":5,"425":5,"426":5,"429":7,"433":7,"434":2,"435":1,"436":1,"437":1,"438":1,"439":2,"445":7,"446":4,"447":4,"448":4,"451":7,"452":7,"453":7,"456":7,"457":4,"458":4,"459":4,"461":5,"462":5,"464":15,"465":15,"466":15,"467":15,"470":1,"471":2,"472":2,"474":0,"475":0,"476":0,"477":0,"478":0,"479":0,"480":0,"481":2,"482":2,"484":1,"485":2,"486":2,"487":2,"488":2,"489":2,"490":2,"491":2,"492":2,"493":2,"494":2,"495":2,"497":2,"498":2,"499":2,"500":2,"502":4,"503":4,"504":3,"505":1,"506":1,"507":1,"508":1,"509":4,"510":4,"511":4,"512":4,"514":2,"515":2,"516":2,"517":2,"518":0,"519":0},"branchMap":{"0":{"type":"branch","line":28,"loc":{"start":{"line":28,"column":63},"end":{"line":288,"column":1}},"locations":[{"start":{"line":28,"column":63},"end":{"line":288,"column":1}}]},"1":{"type":"branch","line":33,"loc":{"start":{"line":33,"column":10},"end":{"line":48,"column":3}},"locations":[{"start":{"line":33,"column":10},"end":{"line":48,"column":3}}]},"2":{"type":"branch","line":39,"loc":{"start":{"line":39,"column":40},"end":{"line":46,"column":5}},"locations":[{"start":{"line":39,"column":40},"end":{"line":46,"column":5}}]},"3":{"type":"branch","line":51,"loc":{"start":{"line":51,"column":2},"end":{"line":74,"column":3}},"locations":[{"start":{"line":51,"column":2},"end":{"line":74,"column":3}}]},"4":{"type":"branch","line":72,"loc":{"start":{"line":72,"column":44},"end":{"line":72,"column":63}},"locations":[{"start":{"line":72,"column":44},"end":{"line":72,"column":63}}]},"5":{"type":"branch","line":76,"loc":{"start":{"line":76,"column":2},"end":{"line":86,"column":3}},"locations":[{"start":{"line":76,"column":2},"end":{"line":86,"column":3}}]},"6":{"type":"branch","line":109,"loc":{"start":{"line":109,"column":2},"end":{"line":133,"column":3}},"locations":[{"start":{"line":109,"column":2},"end":{"line":133,"column":3}}]},"7":{"type":"branch","line":120,"loc":{"start":{"line":120,"column":57},"end":{"line":120,"column":68}},"locations":[{"start":{"line":120,"column":57},"end":{"line":120,"column":68}}]},"8":{"type":"branch","line":121,"loc":{"start":{"line":121,"column":93},"end":{"line":121,"column":99}},"locations":[{"start":{"line":121,"column":93},"end":{"line":121,"column":99}}]},"9":{"type":"branch","line":131,"loc":{"start":{"line":131,"column":44},"end":{"line":131,"column":63}},"locations":[{"start":{"line":131,"column":44},"end":{"line":131,"column":63}}]},"10":{"type":"branch","line":121,"loc":{"start":{"line":121,"column":60},"end":{"line":121,"column":92}},"locations":[{"start":{"line":121,"column":60},"end":{"line":121,"column":92}}]},"11":{"type":"branch","line":121,"loc":{"start":{"line":121,"column":78},"end":{"line":121,"column":92}},"locations":[{"start":{"line":121,"column":78},"end":{"line":121,"column":92}}]},"12":{"type":"branch","line":135,"loc":{"start":{"line":135,"column":2},"end":{"line":156,"column":3}},"locations":[{"start":{"line":135,"column":2},"end":{"line":156,"column":3}}]},"13":{"type":"branch","line":146,"loc":{"start":{"line":146,"column":118},"end":{"line":146,"column":124}},"locations":[{"start":{"line":146,"column":118},"end":{"line":146,"column":124}}]},"14":{"type":"branch","line":154,"loc":{"start":{"line":154,"column":44},"end":{"line":154,"column":63}},"locations":[{"start":{"line":154,"column":44},"end":{"line":154,"column":63}}]},"15":{"type":"branch","line":146,"loc":{"start":{"line":146,"column":68},"end":{"line":146,"column":117}},"locations":[{"start":{"line":146,"column":68},"end":{"line":146,"column":117}}]},"16":{"type":"branch","line":146,"loc":{"start":{"line":146,"column":104},"end":{"line":146,"column":117}},"locations":[{"start":{"line":146,"column":104},"end":{"line":146,"column":117}}]},"17":{"type":"branch","line":178,"loc":{"start":{"line":178,"column":2},"end":{"line":197,"column":3}},"locations":[{"start":{"line":178,"column":2},"end":{"line":197,"column":3}}]},"18":{"type":"branch","line":189,"loc":{"start":{"line":189,"column":15},"end":{"line":189,"column":34}},"locations":[{"start":{"line":189,"column":15},"end":{"line":189,"column":34}}]},"19":{"type":"branch","line":190,"loc":{"start":{"line":190,"column":15},"end":{"line":195,"column":5}},"locations":[{"start":{"line":190,"column":15},"end":{"line":195,"column":5}}]},"20":{"type":"branch","line":192,"loc":{"start":{"line":192,"column":44},"end":{"line":192,"column":77}},"locations":[{"start":{"line":192,"column":44},"end":{"line":192,"column":77}}]},"21":{"type":"branch","line":193,"loc":{"start":{"line":193,"column":48},"end":{"line":193,"column":89}},"locations":[{"start":{"line":193,"column":48},"end":{"line":193,"column":89}}]},"22":{"type":"branch","line":283,"loc":{"start":{"line":283,"column":10},"end":{"line":287,"column":3}},"locations":[{"start":{"line":283,"column":10},"end":{"line":287,"column":3}}]},"23":{"type":"branch","line":286,"loc":{"start":{"line":286,"column":28},"end":{"line":286,"column":60}},"locations":[{"start":{"line":286,"column":28},"end":{"line":286,"column":60}}]},"24":{"type":"branch","line":286,"loc":{"start":{"line":286,"column":52},"end":{"line":286,"column":70}},"locations":[{"start":{"line":286,"column":52},"end":{"line":286,"column":70}}]},"25":{"type":"branch","line":291,"loc":{"start":{"line":291,"column":0},"end":{"line":322,"column":1}},"locations":[{"start":{"line":291,"column":0},"end":{"line":322,"column":1}}]},"26":{"type":"branch","line":292,"loc":{"start":{"line":292,"column":41},"end":{"line":292,"column":51}},"locations":[{"start":{"line":292,"column":41},"end":{"line":292,"column":51}}]},"27":{"type":"branch","line":313,"loc":{"start":{"line":313,"column":45},"end":{"line":320,"column":3}},"locations":[{"start":{"line":313,"column":45},"end":{"line":320,"column":3}}]},"28":{"type":"branch","line":318,"loc":{"start":{"line":318,"column":4},"end":{"line":319,"column":42}},"locations":[{"start":{"line":318,"column":4},"end":{"line":319,"column":42}}]},"29":{"type":"branch","line":319,"loc":{"start":{"line":319,"column":42},"end":{"line":319,"column":60}},"locations":[{"start":{"line":319,"column":42},"end":{"line":319,"column":60}}]},"30":{"type":"branch","line":329,"loc":{"start":{"line":329,"column":0},"end":{"line":346,"column":1}},"locations":[{"start":{"line":329,"column":0},"end":{"line":346,"column":1}}]},"31":{"type":"branch","line":333,"loc":{"start":{"line":333,"column":27},"end":{"line":344,"column":3}},"locations":[{"start":{"line":333,"column":27},"end":{"line":344,"column":3}}]},"32":{"type":"branch","line":334,"loc":{"start":{"line":334,"column":25},"end":{"line":343,"column":5}},"locations":[{"start":{"line":334,"column":25},"end":{"line":343,"column":5}}]},"33":{"type":"branch","line":335,"loc":{"start":{"line":335,"column":22},"end":{"line":335,"column":46}},"locations":[{"start":{"line":335,"column":22},"end":{"line":335,"column":46}}]},"34":{"type":"branch","line":335,"loc":{"start":{"line":335,"column":37},"end":{"line":335,"column":52}},"locations":[{"start":{"line":335,"column":37},"end":{"line":335,"column":52}}]},"35":{"type":"branch","line":336,"loc":{"start":{"line":336,"column":23},"end":{"line":336,"column":38}},"locations":[{"start":{"line":336,"column":23},"end":{"line":336,"column":38}}]},"36":{"type":"branch","line":336,"loc":{"start":{"line":336,"column":38},"end":{"line":336,"column":47}},"locations":[{"start":{"line":336,"column":38},"end":{"line":336,"column":47}}]},"37":{"type":"branch","line":337,"loc":{"start":{"line":337,"column":4},"end":{"line":343,"column":5}},"locations":[{"start":{"line":337,"column":4},"end":{"line":343,"column":5}}]},"38":{"type":"branch","line":337,"loc":{"start":{"line":337,"column":35},"end":{"line":340,"column":15}},"locations":[{"start":{"line":337,"column":35},"end":{"line":340,"column":15}}]},"39":{"type":"branch","line":342,"loc":{"start":{"line":342,"column":23},"end":{"line":342,"column":38}},"locations":[{"start":{"line":342,"column":23},"end":{"line":342,"column":38}}]},"40":{"type":"branch","line":342,"loc":{"start":{"line":342,"column":38},"end":{"line":342,"column":47}},"locations":[{"start":{"line":342,"column":38},"end":{"line":342,"column":47}}]},"41":{"type":"branch","line":344,"loc":{"start":{"line":344,"column":2},"end":{"line":346,"column":1}},"locations":[{"start":{"line":344,"column":2},"end":{"line":346,"column":1}}]},"42":{"type":"branch","line":358,"loc":{"start":{"line":358,"column":0},"end":{"line":365,"column":1}},"locations":[{"start":{"line":358,"column":0},"end":{"line":365,"column":1}}]},"43":{"type":"branch","line":359,"loc":{"start":{"line":359,"column":39},"end":{"line":359,"column":56}},"locations":[{"start":{"line":359,"column":39},"end":{"line":359,"column":56}}]},"44":{"type":"branch","line":362,"loc":{"start":{"line":362,"column":2},"end":{"line":364,"column":3}},"locations":[{"start":{"line":362,"column":2},"end":{"line":364,"column":3}}]},"45":{"type":"branch","line":404,"loc":{"start":{"line":404,"column":0},"end":{"line":463,"column":1}},"locations":[{"start":{"line":404,"column":0},"end":{"line":463,"column":1}}]},"46":{"type":"branch","line":408,"loc":{"start":{"line":408,"column":15},"end":{"line":408,"column":42}},"locations":[{"start":{"line":408,"column":15},"end":{"line":408,"column":42}}]},"47":{"type":"branch","line":409,"loc":{"start":{"line":409,"column":22},"end":{"line":409,"column":66}},"locations":[{"start":{"line":409,"column":22},"end":{"line":409,"column":66}}]},"48":{"type":"branch","line":410,"loc":{"start":{"line":410,"column":30},"end":{"line":410,"column":62}},"locations":[{"start":{"line":410,"column":30},"end":{"line":410,"column":62}}]},"49":{"type":"branch","line":411,"loc":{"start":{"line":411,"column":61},"end":{"line":411,"column":102}},"locations":[{"start":{"line":411,"column":61},"end":{"line":411,"column":102}}]},"50":{"type":"branch","line":412,"loc":{"start":{"line":412,"column":69},"end":{"line":412,"column":115}},"locations":[{"start":{"line":412,"column":69},"end":{"line":412,"column":115}}]},"51":{"type":"branch","line":416,"loc":{"start":{"line":416,"column":14},"end":{"line":416,"column":54}},"locations":[{"start":{"line":416,"column":14},"end":{"line":416,"column":54}}]},"52":{"type":"branch","line":417,"loc":{"start":{"line":417,"column":41},"end":{"line":417,"column":68}},"locations":[{"start":{"line":417,"column":41},"end":{"line":417,"column":68}}]},"53":{"type":"branch","line":418,"loc":{"start":{"line":418,"column":12},"end":{"line":418,"column":52}},"locations":[{"start":{"line":418,"column":12},"end":{"line":418,"column":52}}]},"54":{"type":"branch","line":418,"loc":{"start":{"line":418,"column":36},"end":{"line":418,"column":77}},"locations":[{"start":{"line":418,"column":36},"end":{"line":418,"column":77}}]},"55":{"type":"branch","line":418,"loc":{"start":{"line":418,"column":60},"end":{"line":418,"column":98}},"locations":[{"start":{"line":418,"column":60},"end":{"line":418,"column":98}}]},"56":{"type":"branch","line":419,"loc":{"start":{"line":419,"column":12},"end":{"line":419,"column":60}},"locations":[{"start":{"line":419,"column":12},"end":{"line":419,"column":60}}]},"57":{"type":"branch","line":419,"loc":{"start":{"line":419,"column":40},"end":{"line":419,"column":89}},"locations":[{"start":{"line":419,"column":40},"end":{"line":419,"column":89}}]},"58":{"type":"branch","line":419,"loc":{"start":{"line":419,"column":68},"end":{"line":419,"column":111}},"locations":[{"start":{"line":419,"column":68},"end":{"line":419,"column":111}}]},"59":{"type":"branch","line":420,"loc":{"start":{"line":420,"column":12},"end":{"line":420,"column":50}},"locations":[{"start":{"line":420,"column":12},"end":{"line":420,"column":50}}]},"60":{"type":"branch","line":420,"loc":{"start":{"line":420,"column":35},"end":{"line":420,"column":71}},"locations":[{"start":{"line":420,"column":35},"end":{"line":420,"column":71}}]},"61":{"type":"branch","line":422,"loc":{"start":{"line":422,"column":11},"end":{"line":422,"column":32}},"locations":[{"start":{"line":422,"column":11},"end":{"line":422,"column":32}}]},"62":{"type":"branch","line":422,"loc":{"start":{"line":422,"column":24},"end":{"line":422,"column":43}},"locations":[{"start":{"line":422,"column":24},"end":{"line":422,"column":43}}]},"63":{"type":"branch","line":422,"loc":{"start":{"line":422,"column":43},"end":{"line":422,"column":60}},"locations":[{"start":{"line":422,"column":43},"end":{"line":422,"column":60}}]},"64":{"type":"branch","line":422,"loc":{"start":{"line":422,"column":50},"end":{"line":430,"column":38}},"locations":[{"start":{"line":422,"column":50},"end":{"line":430,"column":38}}]},"65":{"type":"branch","line":422,"loc":{"start":{"line":422,"column":50},"end":{"line":430,"column":22}},"locations":[{"start":{"line":422,"column":50},"end":{"line":430,"column":22}}]},"66":{"type":"branch","line":430,"loc":{"start":{"line":430,"column":14},"end":{"line":430,"column":38}},"locations":[{"start":{"line":430,"column":14},"end":{"line":430,"column":38}}]},"67":{"type":"branch","line":430,"loc":{"start":{"line":430,"column":30},"end":{"line":430,"column":52}},"locations":[{"start":{"line":430,"column":30},"end":{"line":430,"column":52}}]},"68":{"type":"branch","line":430,"loc":{"start":{"line":430,"column":52},"end":{"line":434,"column":57}},"locations":[{"start":{"line":430,"column":52},"end":{"line":434,"column":57}}]},"69":{"type":"branch","line":430,"loc":{"start":{"line":430,"column":52},"end":{"line":430,"column":71}},"locations":[{"start":{"line":430,"column":52},"end":{"line":430,"column":71}}]},"70":{"type":"branch","line":430,"loc":{"start":{"line":430,"column":66},"end":{"line":434,"column":57}},"locations":[{"start":{"line":430,"column":66},"end":{"line":434,"column":57}}]},"71":{"type":"branch","line":434,"loc":{"start":{"line":434,"column":57},"end":{"line":446,"column":36}},"locations":[{"start":{"line":434,"column":57},"end":{"line":446,"column":36}}]},"72":{"type":"branch","line":434,"loc":{"start":{"line":434,"column":57},"end":{"line":440,"column":3}},"locations":[{"start":{"line":434,"column":57},"end":{"line":440,"column":3}}]},"73":{"type":"branch","line":435,"loc":{"start":{"line":435,"column":16},"end":{"line":435,"column":38}},"locations":[{"start":{"line":435,"column":16},"end":{"line":435,"column":38}}]},"74":{"type":"branch","line":435,"loc":{"start":{"line":435,"column":38},"end":{"line":439,"column":5}},"locations":[{"start":{"line":435,"column":38},"end":{"line":439,"column":5}}]},"75":{"type":"branch","line":440,"loc":{"start":{"line":440,"column":2},"end":{"line":446,"column":22}},"locations":[{"start":{"line":440,"column":2},"end":{"line":446,"column":22}}]},"76":{"type":"branch","line":446,"loc":{"start":{"line":446,"column":14},"end":{"line":446,"column":36}},"locations":[{"start":{"line":446,"column":14},"end":{"line":446,"column":36}}]},"77":{"type":"branch","line":446,"loc":{"start":{"line":446,"column":36},"end":{"line":452,"column":44}},"locations":[{"start":{"line":446,"column":36},"end":{"line":452,"column":44}}]},"78":{"type":"branch","line":446,"loc":{"start":{"line":446,"column":36},"end":{"line":449,"column":3}},"locations":[{"start":{"line":446,"column":36},"end":{"line":449,"column":3}}]},"79":{"type":"branch","line":448,"loc":{"start":{"line":448,"column":36},"end":{"line":448,"column":47}},"locations":[{"start":{"line":448,"column":36},"end":{"line":448,"column":47}}]},"80":{"type":"branch","line":449,"loc":{"start":{"line":449,"column":2},"end":{"line":452,"column":34}},"locations":[{"start":{"line":449,"column":2},"end":{"line":452,"column":34}}]},"81":{"type":"branch","line":452,"loc":{"start":{"line":452,"column":22},"end":{"line":452,"column":44}},"locations":[{"start":{"line":452,"column":22},"end":{"line":452,"column":44}}]},"82":{"type":"branch","line":452,"loc":{"start":{"line":452,"column":44},"end":{"line":453,"column":44}},"locations":[{"start":{"line":452,"column":44},"end":{"line":453,"column":44}}]},"83":{"type":"branch","line":452,"loc":{"start":{"line":452,"column":44},"end":{"line":452,"column":53}},"locations":[{"start":{"line":452,"column":44},"end":{"line":452,"column":53}}]},"84":{"type":"branch","line":452,"loc":{"start":{"line":452,"column":51},"end":{"line":453,"column":34}},"locations":[{"start":{"line":452,"column":51},"end":{"line":453,"column":34}}]},"85":{"type":"branch","line":453,"loc":{"start":{"line":453,"column":22},"end":{"line":453,"column":44}},"locations":[{"start":{"line":453,"column":22},"end":{"line":453,"column":44}}]},"86":{"type":"branch","line":453,"loc":{"start":{"line":453,"column":44},"end":{"line":454,"column":44}},"locations":[{"start":{"line":453,"column":44},"end":{"line":454,"column":44}}]},"87":{"type":"branch","line":453,"loc":{"start":{"line":453,"column":44},"end":{"line":453,"column":53}},"locations":[{"start":{"line":453,"column":44},"end":{"line":453,"column":53}}]},"88":{"type":"branch","line":453,"loc":{"start":{"line":453,"column":51},"end":{"line":454,"column":44}},"locations":[{"start":{"line":453,"column":51},"end":{"line":454,"column":44}}]},"89":{"type":"branch","line":454,"loc":{"start":{"line":454,"column":44},"end":{"line":457,"column":36}},"locations":[{"start":{"line":454,"column":44},"end":{"line":457,"column":36}}]},"90":{"type":"branch","line":454,"loc":{"start":{"line":454,"column":44},"end":{"line":454,"column":53}},"locations":[{"start":{"line":454,"column":44},"end":{"line":454,"column":53}}]},"91":{"type":"branch","line":454,"loc":{"start":{"line":454,"column":51},"end":{"line":457,"column":22}},"locations":[{"start":{"line":454,"column":51},"end":{"line":457,"column":22}}]},"92":{"type":"branch","line":457,"loc":{"start":{"line":457,"column":14},"end":{"line":457,"column":36}},"locations":[{"start":{"line":457,"column":14},"end":{"line":457,"column":36}}]},"93":{"type":"branch","line":457,"loc":{"start":{"line":457,"column":36},"end":{"line":463,"column":1}},"locations":[{"start":{"line":457,"column":36},"end":{"line":463,"column":1}}]},"94":{"type":"branch","line":457,"loc":{"start":{"line":457,"column":36},"end":{"line":460,"column":3}},"locations":[{"start":{"line":457,"column":36},"end":{"line":460,"column":3}}]},"95":{"type":"branch","line":459,"loc":{"start":{"line":459,"column":36},"end":{"line":459,"column":47}},"locations":[{"start":{"line":459,"column":36},"end":{"line":459,"column":47}}]},"96":{"type":"branch","line":460,"loc":{"start":{"line":460,"column":2},"end":{"line":463,"column":1}},"locations":[{"start":{"line":460,"column":2},"end":{"line":463,"column":1}}]},"97":{"type":"branch","line":465,"loc":{"start":{"line":465,"column":0},"end":{"line":468,"column":1}},"locations":[{"start":{"line":465,"column":0},"end":{"line":468,"column":1}}]},"98":{"type":"branch","line":466,"loc":{"start":{"line":466,"column":25},"end":{"line":466,"column":49}},"locations":[{"start":{"line":466,"column":25},"end":{"line":466,"column":49}}]},"99":{"type":"branch","line":467,"loc":{"start":{"line":467,"column":26},"end":{"line":467,"column":46}},"locations":[{"start":{"line":467,"column":26},"end":{
[...]
ine":2,"column":61}},"3":{"start":{"line":4,"column":0},"end":{"line":4,"column":53}},"5":{"start":{"line":6,"column":0},"end":{"line":6,"column":68}},"10":{"start":{"line":11,"column":0},"end":{"line":11,"column":38}},"11":{"start":{"line":12,"column":0},"end":{"line":12,"column":27}},"12":{"start":{"line":13,"column":0},"end":{"line":13,"column":34}},"13":{"start":{"line":14,"column":0},"end":{"line":14,"column":49}},"14":{"start":{"line":15,"column":0},"end":{"line":15,"column":64}},"15":{"start":{"line":16,"column":0},"end":{"line":16,"column":53}},"16":{"start":{"line":17,"column":0},"end":{"line":17,"column":3}},"26":{"start":{"line":27,"column":0},"end":{"line":27,"column":58}},"27":{"start":{"line":28,"column":0},"end":{"line":28,"column":3}},"28":{"start":{"line":29,"column":0},"end":{"line":29,"column":13}},"29":{"start":{"line":30,"column":0},"end":{"line":30,"column":5}},"30":{"start":{"line":31,"column":0},"end":{"line":31,"column":84}},"31":{"start":{"line":32,"column":0},"end":{"line":32,"column":61}},"32":{"start":{"line":33,"column":0},"end":{"line":33,"column":55}},"33":{"start":{"line":34,"column":0},"end":{"line":34,"column":16}},"34":{"start":{"line":35,"column":0},"end":{"line":35,"column":4}},"35":{"start":{"line":36,"column":0},"end":{"line":36,"column":3}},"36":{"start":{"line":37,"column":0},"end":{"line":37,"column":12}},"37":{"start":{"line":38,"column":0},"end":{"line":38,"column":5}},"38":{"start":{"line":39,"column":0},"end":{"line":39,"column":32}},"39":{"start":{"line":40,"column":0},"end":{"line":40,"column":18}},"40":{"start":{"line":41,"column":0},"end":{"line":41,"column":9}},"41":{"start":{"line":42,"column":0},"end":{"line":42,"column":53}},"42":{"start":{"line":43,"column":0},"end":{"line":43,"column":53}},"43":{"start":{"line":44,"column":0},"end":{"line":44,"column":9}},"44":{"start":{"line":45,"column":0},"end":{"line":45,"column":30}},"45":{"start":{"line":46,"column":0},"end":{"line":46,"column":17}},"46":{"start":{"line":47,"column":0},"end":{"line":47,"column":4}},"47":{"start":{"line":48,"column":0},"end":{"line":48,"column":3}},"49":{"start":{"line":50,"column":0},"end":{"line":50,"column":74}},"50":{"start":{"line":51,"column":0},"end":{"line":51,"column":3}},"51":{"start":{"line":52,"column":0},"end":{"line":52,"column":22}},"52":{"start":{"line":53,"column":0},"end":{"line":53,"column":18}},"53":{"start":{"line":54,"column":0},"end":{"line":54,"column":91}},"54":{"start":{"line":55,"column":0},"end":{"line":55,"column":28}},"55":{"start":{"line":56,"column":0},"end":{"line":56,"column":26}},"56":{"start":{"line":57,"column":0},"end":{"line":57,"column":4}},"57":{"start":{"line":58,"column":0},"end":{"line":58,"column":19}},"58":{"start":{"line":59,"column":0},"end":{"line":59,"column":15}},"59":{"start":{"line":60,"column":0},"end":{"line":60,"column":2}},"61":{"start":{"line":62,"column":0},"end":{"line":62,"column":33}},"62":{"start":{"line":63,"column":0},"end":{"line":63,"column":36}},"63":{"start":{"line":64,"column":0},"end":{"line":64,"column":34}},"64":{"start":{"line":65,"column":0},"end":{"line":65,"column":81}},"65":{"start":{"line":66,"column":0},"end":{"line":66,"column":1}},"70":{"start":{"line":71,"column":0},"end":{"line":71,"column":41}},"71":{"start":{"line":72,"column":0},"end":{"line":72,"column":44}},"72":{"start":{"line":73,"column":0},"end":{"line":73,"column":44}},"73":{"start":{"line":74,"column":0},"end":{"line":74,"column":30}},"74":{"start":{"line":75,"column":0},"end":{"line":75,"column":31}},"75":{"start":{"line":76,"column":0},"end":{"line":76,"column":3}},"77":{"start":{"line":78,"column":0},"end":{"line":78,"column":45}},"78":{"start":{"line":79,"column":0},"end":{"line":79,"column":30}},"79":{"start":{"line":80,"column":0},"end":{"line":80,"column":45}},"80":{"start":{"line":81,"column":0},"end":{"line":81,"column":43}},"81":{"start":{"line":82,"column":0},"end":{"line":82,"column":56}},"82":{"start":{"line":83,"column":0},"end":{"line":83,"column":3}},"93":{"start":{"line":94,"column":0},"end":{"line":94,"column":44}},"94":{"start":{"line":95,"column":0},"end":{"line":95,"column":3}},"95":{"start":{"line":96,"column":0},"end":{"line":96,"column":68}},"96":{"start":{"line":97,"column":0},"end":{"line":97,"column":46}},"97":{"start":{"line":98,"column":0},"end":{"line":98,"column":14}},"98":{"start":{"line":99,"column":0},"end":{"line":99,"column":7}},"99":{"start":{"line":100,"column":0},"end":{"line":100,"column":33}},"100":{"start":{"line":101,"column":0},"end":{"line":101,"column":22}},"101":{"start":{"line":102,"column":0},"end":{"line":102,"column":84}},"102":{"start":{"line":103,"column":0},"end":{"line":103,"column":64}},"103":{"start":{"line":104,"column":0},"end":{"line":104,"column":8}},"104":{"start":{"line":105,"column":0},"end":{"line":105,"column":6}},"105":{"start":{"line":106,"column":0},"end":{"line":106,"column":18}},"106":{"start":{"line":107,"column":0},"end":{"line":107,"column":4}},"107":{"start":{"line":108,"column":0},"end":{"line":108,"column":7}},"108":{"start":{"line":109,"column":0},"end":{"line":109,"column":4}},"109":{"start":{"line":110,"column":0},"end":{"line":110,"column":1}},"110":{"start":{"line":111,"column":0},"end":{"line":111,"column":24}},"111":{"start":{"line":112,"column":0},"end":{"line":112,"column":25}},"113":{"start":{"line":114,"column":0},"end":{"line":114,"column":61}},"114":{"start":{"line":115,"column":0},"end":{"line":115,"column":3}},"115":{"start":{"line":116,"column":0},"end":{"line":116,"column":13}},"116":{"start":{"line":117,"column":0},"end":{"line":117,"column":5}},"117":{"start":{"line":118,"column":0},"end":{"line":118,"column":85}},"118":{"start":{"line":119,"column":0},"end":{"line":119,"column":76}},"119":{"start":{"line":120,"column":0},"end":{"line":120,"column":51}},"120":{"start":{"line":121,"column":0},"end":{"line":121,"column":16}},"121":{"start":{"line":122,"column":0},"end":{"line":122,"column":4}},"123":{"start":{"line":124,"column":0},"end":{"line":124,"column":3}},"124":{"start":{"line":125,"column":0},"end":{"line":125,"column":12}},"125":{"start":{"line":126,"column":0},"end":{"line":126,"column":5}},"126":{"start":{"line":127,"column":0},"end":{"line":127,"column":75}},"127":{"start":{"line":128,"column":0},"end":{"line":128,"column":55}},"128":{"start":{"line":129,"column":0},"end":{"line":129,"column":30}},"129":{"start":{"line":130,"column":0},"end":{"line":130,"column":17}},"130":{"start":{"line":131,"column":0},"end":{"line":131,"column":4}},"131":{"start":{"line":132,"column":0},"end":{"line":132,"column":31}},"132":{"start":{"line":133,"column":0},"end":{"line":133,"column":3}},"133":{"start":{"line":134,"column":0},"end":{"line":134,"column":12}},"134":{"start":{"line":135,"column":0},"end":{"line":135,"column":5}},"135":{"start":{"line":136,"column":0},"end":{"line":136,"column":44}},"136":{"start":{"line":137,"column":0},"end":{"line":137,"column":27}},"137":{"start":{"line":138,"column":0},"end":{"line":138,"column":53}},"138":{"start":{"line":139,"column":0},"end":{"line":139,"column":9}},"139":{"start":{"line":140,"column":0},"end":{"line":140,"column":30}},"140":{"start":{"line":141,"column":0},"end":{"line":141,"column":17}},"141":{"start":{"line":142,"column":0},"end":{"line":142,"column":4}},"142":{"start":{"line":143,"column":0},"end":{"line":143,"column":3}},"144":{"start":{"line":145,"column":0},"end":{"line":145,"column":84}},"145":{"start":{"line":146,"column":0},"end":{"line":146,"column":3}},"146":{"start":{"line":147,"column":0},"end":{"line":147,"column":26}},"147":{"start":{"line":148,"column":0},"end":{"line":148,"column":18}},"148":{"start":{"line":149,"column":0},"end":{"line":149,"column":95}},"149":{"start":{"line":150,"column":0},"end":{"line":150,"column":28}},"150":{"start":{"line":151,"column":0},"end":{"line":151,"column":38}},"151":{"start":{"line":152,"column":0},"end":{"line":152,"column":4}},"152":{"start":{"line":153,"column":0},"end":{"line":153,"column":22}},"153":{"start":{"line":154,"column":0},"end":{"line":154,"column":22}},"154":{"start":{"line":155,"column":0},"end":{"line":155,"column":2}},"156":{"start":{"line":157,"column":0},"end":{"line":157,"column":36}},"157":{"start":{"line":158,"column":0},"end":{"line":158,"column":36}},"158":{"start":{"line":159,"column":0},"end":{"line":159,"column":44}},"159":{"start":{"line":160,"column":0},"end":{"line":160,"column":74}},"160":{"start":{"line":161,"column":0},"end":{"line":161,"column":16}},"161":{"start":{"line":162,"column":0},"end":{"line":162,"column":10}},"162":{"start":{"line":163,"column":0},"end":{"line":163,"column":4}},"163":{"start":{"line":164,"column":0},"end":{"line":164,"column":1}}},"s":{"0":0,"1":0,"3":0,"5":0,"10":0,"11":0,"12":0,"13":0,"14":0,"15":0,"16":0,"26":0,"27":0,"28":0,"29":0,"30":0,"31":0,"32":0,"33":0,"34":0,"35":0,"36":0,"37":0,"38":0,"39":0,"40":0,"41":0,"42":0,"43":0,"44":0,"45":0,"46":0,"47":0,"49":0,"50":0,"51":0,"52":0,"53":0,"54":0,"55":0,"56":0,"57":0,"58":0,"59":0,"61":0,"62":0,"63":0,"64":0,"65":0,"70":0,"71":0,"72":0,"73":0,"74":0,"75":0,"77":0,"78":0,"79":0,"80":0,"81":0,"82":0,"93":0,"94":0,"95":0,"96":0,"97":0,"98":0,"99":0,"100":0,"101":0,"102":0,"103":0,"104":0,"105":0,"106":0,"107":0,"108":0,"109":0,"110":0,"111":0,"113":0,"114":0,"115":0,"116":0,"117":0,"118":0,"119":0,"120":0,"121":0,"123":0,"124":0,"125":0,"126":0,"127":0,"128":0,"129":0,"130":0,"131":0,"132":0,"133":0,"134":0,"135":0,"136":0,"137":0,"138":0,"139":0,"140":0,"141":0,"142":0,"144":0,"145":0,"146":0,"147":0,"148":0,"149":0,"150":0,"151":0,"152":0,"153":0,"154":0,"156":0,"157":0,"158":0,"159":0,"160":0,"161":0,"162":0,"163":0},"branchMap":{"0":{"type":"branch","line":1,"loc":{"start":{"line":1,"column":4625},"end":{"line":164,"column":1}},"locations":[{"start":{"line":1,"column":4625},"end":{"line":164,"column":1}}]}},"b":{"0":[0]},"fnMap":{"0":{"name":"(empty-report)","decl":{"start":{"line":1,"column":4625},"end":{"line":164,"column":1}},"loc":{"start":{"line":1,"column":4625},"end":{"line":164,"column":1}},"line":1}},"f":{"0":0}}
,"/home/user/documentation-reader-corrector/src/prompts/index.ts": {"path":"/home/user/documentation-reader-corrector/src/prompts/index.ts","all":true,"statementMap":{"0":{"start":{"line":1,"column":0},"end":{"line":1,"column":27}},"1":{"start":{"line":2,"column":0},"end":{"line":2,"column":27}},"2":{"start":{"line":3,"column":0},"end":{"line":3,"column":32}},"3":{"start":{"line":4,"column":0},"end":{"line":4,"column":26}},"4":{"start":{"line":5,"column":0},"end":{"line":5,"column":30}}},"s":{"0":0,"1":0,"2":0,"3":0,"4":0},"branchMap":{"0":{"type":"branch","line":1,"loc":{"start":{"line":1,"column":0},"end":{"line":5,"column":-61}},"locations":[{"start":{"line":1,"column":0},"end":{"line":5,"column":-61}}]}},"b":{"0":[0]},"fnMap":{"0":{"name":"(empty-report)","decl":{"start":{"line":1,"column":0},"end":{"line":5,"column":-61}},"loc":{"start":{"line":1,"column":0},"end":{"line":5,"column":-61}},"line":1}},"f":{"0":0}}
,"/home/user/documentation-reader-corrector/src/prompts/patterns.ts": {"path":"/home/user/documentation-reader-corrector/src/prompts/patterns.ts","all":true,"statementMap":{"0":{"start":{"line":1,"column":0},"end":{"line":1,"column":24}},"1":{"start":{"line":2,"column":0},"end":{"line":2,"column":61}},"3":{"start":{"line":4,"column":0},"end":{"line":4,"column":53}},"5":{"start":{"line":6,"column":0},"end":{"line":6,"column":68}},"10":{"start":{"line":11,"column":0},"end":{"line":11,"column":46}},"11":{"start":{"line":12,"column":0},"end":{"line":12,"column":27}},"12":{"start":{"line":13,"column":0},"end":{"line":13,"column":31}},"14":{"start":{"line":15,"column":0},"end":{"line":15,"column":36}},"15":{"start":{"line":16,"column":0},"end":{"line":16,"column":58}},"16":{"start":{"line":17,"column":0},"end":{"line":17,"column":3}},"18":{"start":{"line":19,"column":0},"end":{"line":19,"column":46}},"19":{"start":{"line":20,"column":0},"end":{"line":20,"column":49}},"20":{"start":{"line":21,"column":0},"end":{"line":21,"column":39}},"21":{"start":{"line":22,"column":0},"end":{"line":22,"column":51}},"22":{"start":{"line":23,"column":0},"end":{"line":23,"column":3}},"26":{"start":{"line":27,"column":0},"end":{"line":27,"column":59}},"27":{"start":{"line":28,"column":0},"end":{"line":28,"column":3}},"28":{"start":{"line":29,"column":0},"end":{"line":29,"column":13}},"29":{"start":{"line":30,"column":0},"end":{"line":30,"column":5}},"30":{"start":{"line":31,"column":0},"end":{"line":31,"column":123}},"31":{"start":{"line":32,"column":0},"end":{"line":32,"column":55}},"32":{"start":{"line":33,"column":0},"end":{"line":33,"column":56}},"33":{"start":{"line":34,"column":0},"end":{"line":34,"column":16}},"34":{"start":{"line":35,"column":0},"end":{"line":35,"column":4}},"35":{"start":{"line":36,"column":0},"end":{"line":36,"column":3}},"36":{"start":{"line":37,"column":0},"end":{"line":37,"column":12}},"37":{"start":{"line":38,"column":0},"end":{"line":38,"column":5}},"38":{"start":{"line":39,"column":0},"end":{"line":39,"column":86}},"39":{"start":{"line":40,"column":0},"end":{"line":40,"column":21}},"40":{"start":{"line":41,"column":0},"end":{"line":41,"column":22}},"41":{"start":{"line":42,"column":0},"end":{"line":42,"column":9}},"42":{"start":{"line":43,"column":0},"end":{"line":43,"column":30}},"43":{"start":{"line":44,"column":0},"end":{"line":44,"column":17}},"44":{"start":{"line":45,"column":0},"end":{"line":45,"column":4}},"45":{"start":{"line":46,"column":0},"end":{"line":46,"column":3}},"47":{"start":{"line":48,"column":0},"end":{"line":48,"column":90}},"48":{"start":{"line":49,"column":0},"end":{"line":49,"column":3}},"49":{"start":{"line":50,"column":0},"end":{"line":50,"column":39}},"50":{"start":{"line":51,"column":0},"end":{"line":51,"column":18}},"51":{"start":{"line":52,"column":0},"end":{"line":52,"column":92}},"52":{"start":{"line":53,"column":0},"end":{"line":53,"column":28}},"53":{"start":{"line":54,"column":0},"end":{"line":54,"column":26}},"54":{"start":{"line":55,"column":0},"end":{"line":55,"column":4}},"55":{"start":{"line":56,"column":0},"end":{"line":56,"column":20}},"56":{"start":{"line":57,"column":0},"end":{"line":57,"column":23}},"57":{"start":{"line":58,"column":0},"end":{"line":58,"column":2}},"59":{"start":{"line":60,"column":0},"end":{"line":60,"column":41}},"60":{"start":{"line":61,"column":0},"end":{"line":61,"column":36}},"61":{"start":{"line":62,"column":0},"end":{"line":62,"column":54}},"62":{"start":{"line":63,"column":0},"end":{"line":63,"column":55}},"63":{"start":{"line":64,"column":0},"end":{"line":64,"column":1}}},"s":{"0":0,"1":0,"3":0,"5":0,"10":0,"11":0,"12":0,"14":0,"15":0,"16":0,"18":0,"19":0,"20":0,"21":0,"22":0,"26":0,"27":0,"28":0,"29":0,"30":0,"31":0,"32":0,"33":0,"34":0,"35":0,"36":0,"37":0,"38":0,"39":0,"40":0,"41":0,"42":0,"43":0,"44":0,"45":0,"47":0,"48":0,"49":0,"50":0,"51":0,"52":0,"53":0,"54":0,"55":0,"56":0,"57":0,"59":0,"60":0,"61":0,"62":0,"63":0},"branchMap":{"0":{"type":"branch","line":1,"loc":{"start":{"line":1,"column":2088},"end":{"line":64,"column":1}},"locations":[{"start":{"line":1,"column":2088},"end":{"line":64,"column":1}}]}},"b":{"0":[0]},"fnMap":{"0":{"name":"(empty-report)","decl":{"start":{"line":1,"column":2088},"end":{"line":64,"column":1}},"loc":{"start":{"line":1,"column":2088},"end":{"line":64,"column":1}},"line":1}},"f":{"0":0}}
,"/home/user/documentation-reader-corrector/src/prompts/types.ts": {"path":"/home/user/documentation-reader-corrector/src/prompts/types.ts","all":true,"statementMap":{"0":{"start":{"line":1,"column":0},"end":{"line":1,"column":24}},"2":{"start":{"line":3,"column":0},"end":{"line":3,"column":72}}},"s":{"0":0,"2":0},"branchMap":{"0":{"type":"branch","line":1,"loc":{"start":{"line":1,"column":1246},"end":{"line":36,"column":2}},"locations":[{"start":{"line":1,"column":1246},"end":{"line":36,"column":2}}]}},"b":{"0":[0]},"fnMap":{"0":{"name":"(empty-report)","decl":{"start":{"line":1,"column":1246},"end":{"line":36,"column":2}},"loc":{"start":{"line":1,"column":1246},"end":{"line":36,"column":2}},"line":1}},"f":{"0":0}}
,"/home/user/documentation-reader-corrector/src/prompts/utils.ts": {"path":"/home/user/documentation-reader-corrector/src/prompts/utils.ts","all":true,"statementMap":{"0":{"start":{"line":1,"column":0},"end":{"line":1,"column":24}},"1":{"start":{"line":2,"column":0},"end":{"line":2,"column":72}},"4":{"start":{"line":5,"column":0},"end":{"line":5,"column":69}},"8":{"start":{"line":9,"column":0},"end":{"line":9,"column":64}},"9":{"start":{"line":10,"column":0},"end":{"line":10,"column":62}},"10":{"start":{"line":11,"column":0},"end":{"line":11,"column":81}},"11":{"start":{"line":12,"column":0},"end":{"line":12,"column":1}},"17":{"start":{"line":18,"column":0},"end":{"line":18,"column":69}},"18":{"start":{"line":19,"column":0},"end":{"line":19,"column":31}},"19":{"start":{"line":20,"column":0},"end":{"line":20,"column":12}},"20":{"start":{"line":21,"column":0},"end":{"line":21,"column":3}},"21":{"start":{"line":22,"column":0},"end":{"line":22,"column":64}},"22":{"start":{"line":23,"column":0},"end":{"line":23,"column":91}},"23":{"start":{"line":24,"column":0},"end":{"line":24,"column":53}},"24":{"start":{"line":25,"column":0},"end":{"line":25,"column":1}},"37":{"start":{"line":38,"column":0},"end":{"line":38,"column":57}},"38":{"start":{"line":39,"column":0},"end":{"line":39,"column":26}},"39":{"start":{"line":40,"column":0},"end":{"line":40,"column":31}},"40":{"start":{"line":41,"column":0},"end":{"line":41,"column":12}},"41":{"start":{"line":42,"column":0},"end":{"line":42,"column":18}},"42":{"start":{"line":43,"column":0},"end":{"line":43,"column":41}},"43":{"start":{"line":44,"column":0},"end":{"line":44,"column":10}},"44":{"start":{"line":45,"column":0},"end":{"line":45,"column":9}},"45":{"start":{"line":46,"column":0},"end":{"line":46,"column":13}},"46":{"start":{"line":47,"column":0},"end":{"line":47,"column":11}},"47":{"start":{"line":48,"column":0},"end":{"line":48,"column":11}},"48":{"start":{"line":49,"column":0},"end":{"line":49,"column":64}},"49":{"start":{"line":50,"column":0},"end":{"line":50,"column":13}},"50":{"start":{"line":51,"column":0},"end":{"line":51,"column":1}},"61":{"start":{"line":62,"column":0},"end":{"line":62,"column":81}},"62":{"start":{"line":63,"column":0},"end":{"line":63,"column":29}},"63":{"start":{"line":64,"column":0},"end":{"line":64,"column":84}},"64":{"start":{"line":65,"column":0},"end":{"line":65,"column":15}},"66":{"start":{"line":67,"column":0},"end":{"line":67,"column":26}},"67":{"start":{"line":68,"column":0},"end":{"line":68,"column":47}},"68":{"start":{"line":69,"column":0},"end":{"line":69,"column":40}},"69":{"start":{"line":70,"column":0},"end":{"line":70,"column":38}},"70":{"start":{"line":71,"column":0},"end":{"line":71,"column":7}},"71":{"start":{"line":72,"column":0},"end":{"line":72,"column":4}},"72":{"start":{"line":73,"column":0},"end":{"line":73,"column":1}},"78":{"start":{"line":79,"column":0},"end":{"line":79,"column":37}},"81":{"start":{"line":82,"column":0},"end":{"line":82,"column":88}},"82":{"start":{"line":83,"column":0},"end":{"line":83,"column":84}},"83":{"start":{"line":84,"column":0},"end":{"line":84,"column":1}}},"s":{"0":0,"1":0,"4":0,"8":0,"9":0,"10":0,"11":0,"17":0,"18":0,"19":0,"20":0,"21":0,"22":0,"23":0,"24":0,"37":0,"38":0,"39":0,"40":0,"41":0,"42":0,"43":0,"44":0,"45":0,"46":0,"47":0,"48":0,"49":0,"50":0,"61":0,"62":0,"63":0,"64":0,"66":0,"67":0,"68":0,"69":0,"70":0,"71":0,"72":0,"78":0,"81":0,"82":0,"83":0},"branchMap":{"0":{"type":"branch","line":1,"loc":{"start":{"line":1,"column":3197},"end":{"line":84,"column":1}},"locations":[{"start":{"line":1,"column":3197},"end":{"line":84,"column":1}}]}},"b":{"0":[0]},"fnMap":{"0":{"name":"(empty-report)","decl":{"start":{"line":1,"column":3197},"end":{"line":84,"column":1}},"loc":{"start":{"line":1,"column":3197},"end":{"line":84,"column":1}},"line":1}},"f":{"0":0}}
}
